Not legacy result
datset/algorithms and leetcode/_heap2_42.dfy(68,16): Error: possible division by zero
   |
68 |         nidx := 2 / idx + 1;
   |                   ^^^^^

datset/algorithms and leetcode/_heap2_42.dfy(75,8): Error: a postcondition could not be proved on this return path
   |
75 |         return;
   |         ^^^^^^

datset/algorithms and leetcode/_heap2_42.dfy(57,27): Related location: this is the postcondition that could not be proved
   |
57 |     ensures nidx == -1 ==> IsMaxHeap(this.arr[..])
   |                            ^^^^^^^^^^^^^^^^^^^^^^^

datset/algorithms and leetcode/_heap2_42.dfy(25,4): Related location
   |
25 |     forall i :: 
   |     ^^^^^^^^^^^^

datset/algorithms and leetcode/_heap2_42.dfy(77,15): Error: assertion might not hold
   |
77 |         assert nidx == 2 * idx + 1 || nidx == 2 * idx + 2;
   |                                    ^^^^^^^^^^^^^^^^^^^^^^

datset/algorithms and leetcode/_heap2_42.dfy(80,63): Error: possible violation of postcondition of forall statement
   |
80 |           ensures i != nidx && 2 * i + 1 < this.arr.Length ==> this.arr[i] >= this.arr[2 * i + 1]
   |                                                                ^^^^^^^^^^^^^^^^^^^^^^^^^^^^^^^^^^


Dafny program verifier finished with 5 verified, 4 errors
