datset/from dafny main repo/dafny2/_COST-verif-comp-2011-4-FloydCycleDetect_56.dfy(78,2): Error: a postcondition could not be proved on this return path
   |
78 |   {
   |   ^

datset/from dafny main repo/dafny2/_COST-verif-comp-2011-4-FloydCycleDetect_56.dfy(75,12): Related location: this is the postcondition that could not be proved
   |
75 |     ensures 0 <= A && 1 <= B
   |             ^^^^^^

datset/from dafny main repo/dafny2/_COST-verif-comp-2011-4-FloydCycleDetect_56.dfy(78,2): Error: a postcondition could not be proved on this return path
   |
78 |   {
   |   ^

datset/from dafny main repo/dafny2/_COST-verif-comp-2011-4-FloydCycleDetect_56.dfy(75,22): Related location: this is the postcondition that could not be proved
   |
75 |     ensures 0 <= A && 1 <= B
   |                       ^^^^^^

datset/from dafny main repo/dafny2/_COST-verif-comp-2011-4-FloydCycleDetect_56.dfy(78,2): Error: a postcondition could not be proved on this return path
   |
78 |   {
   |   ^

datset/from dafny main repo/dafny2/_COST-verif-comp-2011-4-FloydCycleDetect_56.dfy(76,37): Related location: this is the postcondition that could not be proved
   |
76 |     ensures Nexxxt(A, S) != null ==> Nexxxt(A, S) == Nexxxt(A, S).Nexxxt(B, S)
   |                                      ^^^^^^^^^^^^^^^^^^^^^^^^^^^^^^^^^^^^^^^^^

datset/from dafny main repo/dafny2/_COST-verif-comp-2011-4-FloydCycleDetect_56.dfy(94,2): Error: out-parameter 'A', which is subject to definite-assignment rules, might be uninitialized at this return point
   |
94 |   }
   |   ^

datset/from dafny main repo/dafny2/_COST-verif-comp-2011-4-FloydCycleDetect_56.dfy(94,2): Error: out-parameter 'B', which is subject to definite-assignment rules, might be uninitialized at this return point
   |
94 |   }
   |   ^


Dafny program verifier finished with 22 verified, 5 errors
