datset/from dafny main repo/dafny2/_COST-verif-comp-2011-4-FloydCycleDetect_9.dfy(56,33): Error: target object might be null
   |
56 |       if (hare == null) == (hare.next == null) {
   |                                  ^^^^

datset/from dafny main repo/dafny2/_COST-verif-comp-2011-4-FloydCycleDetect_9.dfy(58,8): Error: a precondition for this call could not be proved
   |
58 |         Lemma_NullImpliesNoCycles(distanceToNull, S);
   |         ^^^^^^^^^^^^^^^^^^^^^^^^^^^^^^^^^^^^^^^^^^^^^

datset/from dafny main repo/dafny2/_COST-verif-comp-2011-4-FloydCycleDetect_9.dfy(175,38): Related location: this is the precondition that could not be proved
    |
175 |     requires IsClosed(S) && 0 <= n && Nexxxt(n, S) == null
    |                                       ^^^^^^^^^^^^^^^^^^^^

datset/from dafny main repo/dafny2/_COST-verif-comp-2011-4-FloydCycleDetect_9.dfy(63,13): Error: assertion might not hold
   |
63 |       assert Nexxxt(t + 1, S) != null;
   |              ^^^^^^^^^^^^^^^^^^^^^^^^

datset/from dafny main repo/dafny2/_COST-verif-comp-2011-4-FloydCycleDetect_9.dfy(64,62): Error: target object might be null
   |
64 |       tortoise, t, hare, h := tortoise.next, t + 1, hare.next.next, h + 2;
   |                                                               ^^^^


Dafny program verifier finished with 22 verified, 4 errors
