datset/from dafny main repo/dafny2/_MajorityVote_69.dfy(27,14): Error: this loop invariant could not be proved on entry
   |
27 |     invariant 2 * Count(a, s, n, k) > n - s
   |               ^^^^^^^^^^^^^^^^^^^^^^^^^^^^^

datset/from dafny main repo/dafny2/_MajorityVote_69.dfy(27,14): Related message: loop invariant violation
   |
27 |     invariant 2 * Count(a, s, n, k) > n - s
   |               ^^^^^^^^^^^^^^^^^^^^^^^^^^^^^

datset/from dafny main repo/dafny2/_MajorityVote_69.dfy(27,33): Error: variable 'k', which is subject to definite-assignment rules, might be uninitialized here
   |
27 |     invariant 2 * Count(a, s, n, k) > n - s
   |                                  ^

datset/from dafny main repo/dafny2/_MajorityVote_69.dfy(28,14): Error: this loop invariant could not be proved on entry
   |
28 |     invariant c == Count(a, s, n, k)
   |               ^^^^^^^^^^^^^^^^^^^^^^

datset/from dafny main repo/dafny2/_MajorityVote_69.dfy(28,14): Related message: loop invariant violation
   |
28 |     invariant c == Count(a, s, n, k)
   |               ^^^^^^^^^^^^^^^^^^^^^^

datset/from dafny main repo/dafny2/_MajorityVote_69.dfy(30,15): Error: variable 'k', which is subject to definite-assignment rules, might be uninitialized here
   |
30 |     if a[n] == k {
   |                ^

datset/from dafny main repo/dafny2/_MajorityVote_69.dfy(41,29): Error: variable 'k', which is subject to definite-assignment rules, might be uninitialized here
   |
41 |   Lemma_Unique(a, s, |a|, K, k);
   |                              ^


Dafny program verifier finished with 15 verified, 5 errors
