datset/from dafny main repo/dafny2/_MinWindowMax_101.dfy(74,4): Error: a precondition for this call could not be proved
   |
74 |     Bound(b, k, l, n, W);
   |     ^^^^^^^^^^^^^^^^^^^^^

datset/from dafny main repo/dafny2/_MinWindowMax_101.dfy(133,21): Related location: this is the precondition that could not be proved
    |
133 |   requires 0 <= k <= l <= b.Length
    |                      ^^^^^^^^^^^^^

datset/from dafny main repo/dafny2/_MinWindowMax_101.dfy(74,4): Error: a precondition for this call could not be proved
   |
74 |     Bound(b, k, l, n, W);
   |     ^^^^^^^^^^^^^^^^^^^^^

datset/from dafny main repo/dafny2/_MinWindowMax_101.dfy(135,11): Related location: this is the precondition that could not be proved
    |
135 |   requires forall i, j :: k <= i < j < l ==> b[i] < b[j]
    |            ^^^^^^^^^^^^^^^^^^^^^^^^^^^^^^^^^^^^^^^^^^^^^

datset/from dafny main repo/dafny2/_MinWindowMax_101.dfy(74,4): Error: a precondition for this call could not be proved
   |
74 |     Bound(b, k, l, n, W);
   |     ^^^^^^^^^^^^^^^^^^^^^

datset/from dafny main repo/dafny2/_MinWindowMax_101.dfy(134,11): Related location: this is the precondition that could not be proved
    |
134 |   requires forall i :: k <= i < l ==> n - W <= b[i] < n
    |            ^^^^^^^^^^^^^^^^^^^^^^^^^^^^^^^^^^^^^^^^^^^^


Dafny program verifier finished with 11 verified, 3 errors
