datset/from dafny main repo/dafny2/_MinWindowMax_160.dfy(23,0): Error: a postcondition could not be proved on this return path
   |
23 | {
   | ^

datset/from dafny main repo/dafny2/_MinWindowMax_160.dfy(20,10): Related location: this is the postcondition that could not be proved
   |
20 |   ensures 0 <= start <= a.Length - W
   |           ^^^^^^^^^^

datset/from dafny main repo/dafny2/_MinWindowMax_160.dfy(23,0): Error: a postcondition could not be proved on this return path
   |
23 | {
   | ^

datset/from dafny main repo/dafny2/_MinWindowMax_160.dfy(20,15): Related location: this is the postcondition that could not be proved
   |
20 |   ensures 0 <= start <= a.Length - W
   |                ^^^^^^^^^^^^^^^^^^^^^

datset/from dafny main repo/dafny2/_MinWindowMax_160.dfy(23,0): Error: a postcondition could not be proved on this return path
   |
23 | {
   | ^

datset/from dafny main repo/dafny2/_MinWindowMax_160.dfy(21,10): Related location: this is the postcondition that could not be proved
   |
21 |   ensures m == Max(a, start, W)
   |           ^^^^^^^^^^^^^^^^^^^^^

datset/from dafny main repo/dafny2/_MinWindowMax_160.dfy(23,0): Error: a postcondition could not be proved on this return path
   |
23 | {
   | ^

datset/from dafny main repo/dafny2/_MinWindowMax_160.dfy(22,10): Related location: this is the postcondition that could not be proved
   |
22 |   ensures forall s :: 0 <= s <= a.Length - W ==> m <= Max(a, s, W)
   |           ^^^^^^^^^^^^^^^^^^^^^^^^^^^^^^^^^^^^^^^^^^^^^^^^^^^^^^^^

datset/from dafny main repo/dafny2/_MinWindowMax_160.dfy(24,0): Error: out-parameter 'start', which is subject to definite-assignment rules, might be uninitialized at this return point
   |
24 | }
   | ^


Dafny program verifier finished with 11 verified, 5 errors
