datset/from dafny main repo/dafny2/_SegmentSum_23.dfy(22,24): Error: this invariant could not be proved to be maintained by the loop
   |
22 |     invariant 0 <= c <= n <= |a| && t == Sum(a, c, n)
   |                         ^^^^^^^^

datset/from dafny main repo/dafny2/_SegmentSum_23.dfy(22,24): Related message: loop invariant violation
   |
22 |     invariant 0 <= c <= n <= |a| && t == Sum(a, c, n)
   |                         ^^^^^^^^

datset/from dafny main repo/dafny2/_SegmentSum_23.dfy(22,36): Error: this invariant could not be proved to be maintained by the loop
   |
22 |     invariant 0 <= c <= n <= |a| && t == Sum(a, c, n)
   |                                     ^^^^^^^^^^^^^^^^^

datset/from dafny main repo/dafny2/_SegmentSum_23.dfy(22,36): Related message: loop invariant violation
   |
22 |     invariant 0 <= c <= n <= |a| && t == Sum(a, c, n)
   |                                     ^^^^^^^^^^^^^^^^^

datset/from dafny main repo/dafny2/_SegmentSum_23.dfy(23,14): Error: this invariant could not be proved to be maintained by the loop
   |
23 |     invariant forall b :: 0 <= b <= n ==> Sum(a, b, n) <= Sum(a, c, n)
   |               ^^^^^^^^^^^^^^^^^^^^^^^^^^^^^^^^^^^^^^^^^^^^^^^^^^^^^^^^

datset/from dafny main repo/dafny2/_SegmentSum_23.dfy(23,14): Related message: loop invariant violation
   |
23 |     invariant forall b :: 0 <= b <= n ==> Sum(a, b, n) <= Sum(a, c, n)
   |               ^^^^^^^^^^^^^^^^^^^^^^^^^^^^^^^^^^^^^^^^^^^^^^^^^^^^^^^^


Dafny program verifier finished with 2 verified, 3 errors
