datset/from dafny main repo/dafny2/_SmallestMissingNumber-functional_64.dfy(182,11): Warning: /!\ No terms found to trigger on.
    |
182 |   var S := set x | lo <= x < lo + len;
    |            ^^^

datset/from dafny main repo/dafny2/_SmallestMissingNumber-functional_64.dfy(193,0): Error: a postcondition could not be proved on this return path
    |
193 | {
    | ^

datset/from dafny main repo/dafny2/_SmallestMissingNumber-functional_64.dfy(191,37): Related location: this is the postcondition that could not be proved
    |
191 |   ensures var s := SMN'(xs, n, len); n <= s <= n + len && s !in Elements(xs) && forall x :: n <= x < s ==> x in Elements(xs)
    |                                      ^^^^^^

datset/from dafny main repo/dafny2/_SmallestMissingNumber-functional_64.dfy(193,0): Error: a postcondition could not be proved on this return path
    |
193 | {
    | ^

datset/from dafny main repo/dafny2/_SmallestMissingNumber-functional_64.dfy(191,58): Related location: this is the postcondition that could not be proved
    |
191 |   ensures var s := SMN'(xs, n, len); n <= s <= n + len && s !in Elements(xs) && forall x :: n <= x < s ==> x in Elements(xs)
    |                                                           ^^^^^^^^^^^^^^^^^^

datset/from dafny main repo/dafny2/_SmallestMissingNumber-functional_64.dfy(193,0): Error: a postcondition could not be proved on this return path
    |
193 | {
    | ^

datset/from dafny main repo/dafny2/_SmallestMissingNumber-functional_64.dfy(191,42): Related location: this is the postcondition that could not be proved
    |
191 |   ensures var s := SMN'(xs, n, len); n <= s <= n + len && s !in Elements(xs) && forall x :: n <= x < s ==> x in Elements(xs)
    |                                           ^^^^^^^^^^^^

datset/from dafny main repo/dafny2/_SmallestMissingNumber-functional_64.dfy(193,0): Error: a postcondition could not be proved on this return path
    |
193 | {
    | ^

datset/from dafny main repo/dafny2/_SmallestMissingNumber-functional_64.dfy(191,80): Related location: this is the postcondition that could not be proved
    |
191 |   ensures var s := SMN'(xs, n, len); n <= s <= n + len && s !in Elements(xs) && forall x :: n <= x < s ==> x in Elements(xs)
    |                                                                                 ^^^^^^^^^^^^^^^^^^^^^^^^^^^^^^^^^^^^^^^^^^^^


Dafny program verifier finished with 20 verified, 4 errors
