datset/from dafny main repo/dafny4/_NumberRepresentations_93.dfy(173,0): Error: a postcondition could not be proved on this return path
    |
173 | {
    | ^

datset/from dafny main repo/dafny4/_NumberRepresentations_93.dfy(172,10): Related location: this is the postcondition that could not be proved
    |
172 |   ensures IsSkewNumber(b, lowDigit, base) && eval(b, base) == eval(a, base) - 1
    |           ^^^^^^^^^^^^^^^^^^^^^^^^^^^^^^^

datset/from dafny main repo/dafny4/_NumberRepresentations_93.dfy(31,2): Related location
   |
31 |   forall i :: 
   |   ^^^^^^^^^^^^

datset/from dafny main repo/dafny4/_NumberRepresentations_93.dfy(173,0): Error: a postcondition could not be proved on this return path
    |
173 | {
    | ^

datset/from dafny main repo/dafny4/_NumberRepresentations_93.dfy(172,45): Related location: this is the postcondition that could not be proved
    |
172 |   ensures IsSkewNumber(b, lowDigit, base) && eval(b, base) == eval(a, base) - 1
    |                                              ^^^^^^^^^^^^^^^^^^^^^^^^^^^^^^^^^^

datset/from dafny main repo/dafny4/_NumberRepresentations_93.dfy(179,4): Error: a precondition for this call could not be proved
    |
179 |     b := dec(a[1..], lowDigit, base);
    |          ^^^^^^^^^^^^^^^^^^^^^^^^^^^^

datset/from dafny main repo/dafny4/_NumberRepresentations_93.dfy(171,34): Related location: this is the precondition that could not be proved
    |
171 |   requires eval(a, base) == 0 ==> lowDigit < 0
    |                                   ^^^^^^^^^^^^


Dafny program verifier finished with 38 verified, 3 errors
