Not legacy result
datset/advanced examples/_EvenPredicate_5.dfy(19,2): Error: a postcondition could not be proved on this return path
   |
19 |   if (a >= 2) != IsEven(a) {
   |   ^^

datset/advanced examples/_EvenPredicate_5.dfy(17,24): Related location: this is the postcondition that could not be proved
   |
17 |   ensures IsEven(a) ==> IsEven(a * a)
   |                         ^^^^^^^^^^^^^

datset/advanced examples/_EvenPredicate_5.dfy(12,4): Related location
   |
12 |     IsEven(a - 2)
   |     ^^^^^^^^^^^^^

datset/advanced examples/_EvenPredicate_5.dfy(20,4): Error: a precondition for this call could not be proved
   |
20 |     EvenSquare(a - 2);
   |     ^^^^^^^^^^^^^^^^^^

datset/advanced examples/_EvenPredicate_5.dfy(16,11): Related location: this is the precondition that could not be proved
   |
16 |   requires a >= 0
   |            ^^^^^^

datset/advanced examples/_EvenPredicate_5.dfy(23,4): Error: a precondition for this call could not be proved
   |
23 |     EvenPlus((a - 2) * (a - 2), 4 * a - 4);
   |     ^^^^^^^^^^^^^^^^^^^^^^^^^^^^^^^^^^^^^^^

datset/advanced examples/_EvenPredicate_5.dfy(39,11): Related location: this is the precondition that could not be proved
   |
39 |   requires IsEven(x)
   |            ^^^^^^^^^

datset/advanced examples/_EvenPredicate_5.dfy(12,4): Related location
   |
12 |     IsEven(a - 2)
   |     ^^^^^^^^^^^^^

datset/advanced examples/_EvenPredicate_5.dfy(23,4): Error: a precondition for this call could not be proved
   |
23 |     EvenPlus((a - 2) * (a - 2), 4 * a - 4);
   |     ^^^^^^^^^^^^^^^^^^^^^^^^^^^^^^^^^^^^^^^

datset/advanced examples/_EvenPredicate_5.dfy(39,11): Related location: this is the precondition that could not be proved
   |
39 |   requires IsEven(x)
   |            ^^^^^^^^^

datset/advanced examples/_EvenPredicate_5.dfy(10,4): Related location
   |
10 |     false
   |     ^^^^^


Dafny program verifier finished with 6 verified, 4 errors
