datset/JSON/Utils/_Vectors_57.dfy(155,10): Error: decreases expression might not decrease
    |
155 |           while reserved > new_capacity / size
    |           ^^^^^

datset/JSON/Utils/_Vectors_57.dfy(155,27): Error: possible division by zero
    |
155 |           while reserved > new_capacity / size
    |                                         ^^^^^^

datset/JSON/Utils/_Vectors_57.dfy(161,10): Error: a precondition for this call could not be proved
    |
161 |           Realloc(new_capacity);
    |           ^^^^^^^^^^^^^^^^^^^^^^

datset/JSON/Utils/_Vectors_57.dfy(105,19): Related location: this is the precondition that could not be proved
    |
105 |           requires new_capacity > capacity
    |                    ^^^^^^^^^^^^^^^^^^^^^^^

datset/JSON/Utils/_Vectors_57.dfy(162,10): Error: a postcondition could not be proved on this return path
    |
162 |           return Pass;
    |           ^^^^^^

datset/JSON/Utils/_Vectors_57.dfy(145,30): Related location: this is the postcondition that could not be proved
    |
145 |           ensures o.Pass? ==> old(size as int + reserved as int) <= capacity as int
    |                               ^^^^^^^^^^^^^^^^^^^^^^^^^^^^^^^^^^^^^^^^^^^^^^^^^^^^^


Dafny program verifier finished with 22 verified, 4 errors
