datset/JSON/Utils/_Vectors_68.dfy(172,8): Error: a postcondition could not be proved on this return path
    |
172 |         {
    |         ^

datset/JSON/Utils/_Vectors_68.dfy(169,18): Related location: this is the postcondition that could not be proved
    |
169 |           ensures Valid?()
    |                   ^^^^^^^^

datset/JSON/Utils/_Vectors_68.dfy(37,10): Related location
   |
37 |           size as int == |items| &&
   |           ^^^^^^^^^^^^^^^^^^^^^

datset/JSON/Utils/_Vectors_68.dfy(172,8): Error: a postcondition could not be proved on this return path
    |
172 |         {
    |         ^

datset/JSON/Utils/_Vectors_68.dfy(170,18): Related location: this is the postcondition that could not be proved
    |
170 |           ensures size == old(size) - 1
    |                   ^^^^^^^^^^^^^^^^^^^^^


Dafny program verifier finished with 22 verified, 2 errors
