datset/JSON/Utils/_Vectors_11.dfy(47,8): Error: a postcondition could not be proved on this return path
   |
47 |         {
   |         ^

datset/JSON/Utils/_Vectors_11.dfy(43,18): Related location: this is the postcondition that could not be proved
   |
43 |           ensures size == 0
   |                   ^^^^^^^^^

datset/JSON/Utils/_Vectors_11.dfy(47,8): Error: a postcondition could not be proved on this return path
   |
47 |         {
   |         ^

datset/JSON/Utils/_Vectors_11.dfy(44,18): Related location: this is the postcondition that could not be proved
   |
44 |           ensures items == []
   |                   ^^^^^^^^^^^

datset/JSON/Utils/_Vectors_11.dfy(47,8): Error: a postcondition could not be proved on this return path
   |
47 |         {
   |         ^

datset/JSON/Utils/_Vectors_11.dfy(46,18): Related location: this is the postcondition that could not be proved
   |
46 |           ensures Valid?()
   |                   ^^^^^^^^

datset/JSON/Utils/_Vectors_11.dfy(34,10): Related location
   |
34 |           capacity != 0 &&
   |           ^^^^^^^^^^^^^

datset/JSON/Utils/_Vectors_11.dfy(47,8): Error: a postcondition could not be proved on this return path
   |
47 |         {
   |         ^

datset/JSON/Utils/_Vectors_11.dfy(46,18): Related location: this is the postcondition that could not be proved
   |
46 |           ensures Valid?()
   |                   ^^^^^^^^

datset/JSON/Utils/_Vectors_11.dfy(35,10): Related location
   |
35 |           data.Length == capacity as int &&
   |           ^^^^^^^^^^^^^^^^^^^^^^^^^^

datset/JSON/Utils/_Vectors_11.dfy(50,8): Error: field 'a', which is subject to definite-assignment rules, might be uninitialized at this point in the constructor body
   |
50 |         }
   |         ^


Dafny program verifier finished with 22 verified, 5 errors
