datset/NonlinearArithmetic/Internals/_MulInternals_11.dfy(95,2): Error: a postcondition could not be proved on this return path
   |
95 |   {
   |   ^

datset/NonlinearArithmetic/Internals/_MulInternals_11.dfy(94,12): Related location: this is the postcondition that could not be proved
   |
94 |     ensures MulAuto()
   |             ^^^^^^^^^

datset/NonlinearArithmetic/Internals/_MulInternals_11.dfy(87,5): Related location
   |
87 |     (forall x: int, y: int, z: int {:trigger (x + y) * z} :: 
   |      ^^^^^^^^^^^^^^^^^^^^^^^^^^^^^^^^^^^^^^^^^^^^^^^^^^^^^^^^

datset/NonlinearArithmetic/Internals/_MulInternals_11.dfy(95,2): Error: a postcondition could not be proved on this return path
   |
95 |   {
   |   ^

datset/NonlinearArithmetic/Internals/_MulInternals_11.dfy(94,12): Related location: this is the postcondition that could not be proved
   |
94 |     ensures MulAuto()
   |             ^^^^^^^^^

datset/NonlinearArithmetic/Internals/_MulInternals_11.dfy(89,4): Related location
   |
89 |     forall x: int, y: int, z: int {:trigger (x - y) * z} :: 
   |     ^^^^^^^^^^^^^^^^^^^^^^^^^^^^^^^^^^^^^^^^^^^^^^^^^^^^^^^^


Dafny program verifier finished with 8 verified, 2 errors
