datset/algorithms and leetcode/lib/binaryTree.dfy(565,17): Warning: /!\ No terms found to trigger on.
    |
565 |         requires forall i :: 0 <= i < |path| - 1 ==> path[i+1] in TreeSet(path[i+1])
    |                  ^^^^^^

datset/algorithms and leetcode/leetcode/_DiameterOfBinaryTree_243.dfy(685,11): Error: assertion might not hold
    |
685 |     assert path == [root];
    |                 ^^^^^^^^^

datset/algorithms and leetcode/leetcode/_DiameterOfBinaryTree_243.dfy(690,9): Error: a postcondition could not be proved on this return path
    |
690 |   } else if |path| > 1 {
    |          ^^

datset/algorithms and leetcode/leetcode/_DiameterOfBinaryTree_243.dfy(682,10): Related location: this is the postcondition that could not be proved
    |
682 |   ensures isValidTreePath(path, root, end)
    |           ^^^^^^^^^^^^^^^^^^^^^^^^^^^^^^^^

datset/algorithms and leetcode/leetcode/_DiameterOfBinaryTree_243.dfy(95,2): Related location
   |
95 |   exists root: Tree :: 
   |   ^^^^^^^^^^^^^^^^^^^^^


Dafny program verifier finished with 78 verified, 2 errors
