datset/algorithms and leetcode/lib/binaryTree.dfy(565,17): Warning: /!\ No terms found to trigger on.
    |
565 |         requires forall i :: 0 <= i < |path| - 1 ==> path[i+1] in TreeSet(path[i+1])
    |                  ^^^^^^

datset/algorithms and leetcode/leetcode/_DiameterOfBinaryTree.min_77.dfy(132,16): Error: a precondition for this call could not be proved
    |
132 |                 nonAscendingContraHelpLeft(root, start, end, path, k, |path| - 2, badnode);
    |                 ^^^^^^^^^^^^^^^^^^^^^^^^^^^^^^^^^^^^^^^^^^^^^^^^^^^^^^^^^^^^^^^^^^^^^^^^^^^

datset/algorithms and leetcode/leetcode/_DiameterOfBinaryTree.min_77.dfy(209,13): Related location: this is the precondition that could not be proved
    |
209 |     requires forall node :: node in path ==> node != Nil
    |              ^^^^^^^^^^^^^^^^^^^^^^^^^^^^^^^^^^^^^^^^^^^

datset/algorithms and leetcode/leetcode/_DiameterOfBinaryTree.min_77.dfy(136,16): Error: a precondition for this call could not be proved
    |
136 |                 nonAscendingContraHelpRight(root, start, end, path, k, |path| - 2, badnode);
    |                 ^^^^^^^^^^^^^^^^^^^^^^^^^^^^^^^^^^^^^^^^^^^^^^^^^^^^^^^^^^^^^^^^^^^^^^^^^^^^

datset/algorithms and leetcode/leetcode/_DiameterOfBinaryTree.min_77.dfy(157,13): Related location: this is the precondition that could not be proved
    |
157 |     requires forall node :: node in path ==> node != Nil
    |              ^^^^^^^^^^^^^^^^^^^^^^^^^^^^^^^^^^^^^^^^^^^


Dafny program verifier finished with 25 verified, 2 errors
