Not legacy result
datset/algorithms and leetcode/lib/binaryTree.dfy(565,17): Warning: /!\ No terms found to trigger on.
    |
565 |         requires forall i :: 0 <= i < |path| - 1 ==> path[i+1] in TreeSet(path[i+1])
    |                  ^^^^^^

datset/algorithms and leetcode/leetcode/_DiameterOfBinaryTree_258.dfy(695,6): Error: a precondition for this call could not be proved
    |
695 |       ValidDescTreePathToPath(path[1..], root.left, end);
    |       ^^^^^^^^^^^^^^^^^^^^^^^^^^^^^^^^^^^^^^^^^^^^^^^^^^^

datset/algorithms and leetcode/leetcode/_DiameterOfBinaryTree_258.dfy(679,11): Related location: this is the precondition that could not be proved
    |
679 |   requires root != Nil
    |            ^^^^^^^^^^^

datset/algorithms and leetcode/leetcode/_DiameterOfBinaryTree_258.dfy(695,6): Error: a precondition for this call could not be proved
    |
695 |       ValidDescTreePathToPath(path[1..], root.left, end);
    |       ^^^^^^^^^^^^^^^^^^^^^^^^^^^^^^^^^^^^^^^^^^^^^^^^^^^

datset/algorithms and leetcode/leetcode/_DiameterOfBinaryTree_258.dfy(681,11): Related location: this is the precondition that could not be proved
    |
681 |   requires isDescTreePath(path, root, end)
    |            ^^^^^^^^^^^^^^^^^^^^^^^^^^^^^^^

datset/algorithms and leetcode/leetcode/_DiameterOfBinaryTree_258.dfy(169,110): Related location
    |
169 |     match path[0] { case Nil => false case Node(val, left, right) => end != Nil && path[|path| - 1] == end && path[0] == start && path[1] != Nil && ((left == path[1] && isDescTreePath(path[1..], left, end)) || (right == path[1] && isDescTreePath(path[1..], right, end))) }
    |                                                                                                               ^^^^^^^^^^^^^^^^

datset/algorithms and leetcode/leetcode/_DiameterOfBinaryTree_258.dfy(695,6): Error: a precondition for this call could not be proved
    |
695 |       ValidDescTreePathToPath(path[1..], root.left, end);
    |       ^^^^^^^^^^^^^^^^^^^^^^^^^^^^^^^^^^^^^^^^^^^^^^^^^^^

datset/algorithms and leetcode/leetcode/_DiameterOfBinaryTree_258.dfy(681,11): Related location: this is the precondition that could not be proved
    |
681 |   requires isDescTreePath(path, root, end)
    |            ^^^^^^^^^^^^^^^^^^^^^^^^^^^^^^^

datset/algorithms and leetcode/leetcode/_DiameterOfBinaryTree_258.dfy(165,8): Related location
    |
165 |         path[0] == start &&
    |         ^^^^^^^^^^^^^^^^

datset/algorithms and leetcode/leetcode/_DiameterOfBinaryTree_258.dfy(697,11): Error: a postcondition could not be proved on this return path
    |
697 |     } else if path[1] == root.right {
    |            ^^

datset/algorithms and leetcode/leetcode/_DiameterOfBinaryTree_258.dfy(682,10): Related location: this is the postcondition that could not be proved
    |
682 |   ensures isValidTreePath(path, root, end)
    |           ^^^^^^^^^^^^^^^^^^^^^^^^^^^^^^^^

datset/algorithms and leetcode/leetcode/_DiameterOfBinaryTree_258.dfy(94,2): Related location
   |
94 |   isTreePath(path, start, end) &&
   |   ^^^^^^^^^^^^^^^^^^^^^^^^^^^^

datset/algorithms and leetcode/leetcode/_DiameterOfBinaryTree_258.dfy(125,153): Related location
    |
125 |     match path[0] { case Nil => false case Node(val, left, right) => path[0] == start && path[|path| - 1] == end && isParentOrChild(path[0], path[1]) && isTreePath(path[1..], path[1], end) }
    |                                                                                                                                                          ^^^^^^^^^^^^^^^^^^^^^^^^^^^^^^^^^^^

datset/algorithms and leetcode/leetcode/_DiameterOfBinaryTree_258.dfy(697,11): Error: a postcondition could not be proved on this return path
    |
697 |     } else if path[1] == root.right {
    |            ^^

datset/algorithms and leetcode/leetcode/_DiameterOfBinaryTree_258.dfy(682,10): Related location: this is the postcondition that could not be proved
    |
682 |   ensures isValidTreePath(path, root, end)
    |           ^^^^^^^^^^^^^^^^^^^^^^^^^^^^^^^^

datset/algorithms and leetcode/leetcode/_DiameterOfBinaryTree_258.dfy(95,2): Related location
   |
95 |   exists root: Tree :: 
   |   ^^^^^^^^^^^^^^^^^^^^^


Dafny program verifier finished with 78 verified, 5 errors
