Not legacy result
datset/algorithms and leetcode/lib/binaryTree.dfy(565,17): Warning: /!\ No terms found to trigger on.
    |
565 |         requires forall i :: 0 <= i < |path| - 1 ==> path[i+1] in TreeSet(path[i+1])
    |                  ^^^^^^

datset/algorithms and leetcode/leetcode/_DiameterOfBinaryTree_239.dfy(655,9): Error: assertion might not hold
    |
655 |   assert isAscTreePath(reverse(pathtwo), start, root);
    |          ^^^^^^^^^^^^^^^^^^^^^^^^^^^^^^^^^^^^^^^^^^^^

datset/algorithms and leetcode/leetcode/_DiameterOfBinaryTree_239.dfy(248,33): Related location
    |
248 |     match paths[0] { case Nil => false case Node(val, left, right) => end != Nil && paths[|paths| - 1] == end && start == paths[0] && paths[1] != Nil && ((paths[0] == paths[1].left && isAscTreePath(paths[1..], paths[1], end)) || (paths[0] == paths[1].right && isAscTreePath(paths[1..], paths[1], end))) }
    |                                  ^^^^^

datset/algorithms and leetcode/leetcode/_DiameterOfBinaryTree_239.dfy(655,9): Error: assertion might not hold
    |
655 |   assert isAscTreePath(reverse(pathtwo), start, root);
    |          ^^^^^^^^^^^^^^^^^^^^^^^^^^^^^^^^^^^^^^^^^^^^

datset/algorithms and leetcode/leetcode/_DiameterOfBinaryTree_239.dfy(248,113): Related location
    |
248 |     match paths[0] { case Nil => false case Node(val, left, right) => end != Nil && paths[|paths| - 1] == end && start == paths[0] && paths[1] != Nil && ((paths[0] == paths[1].left && isAscTreePath(paths[1..], paths[1], end)) || (paths[0] == paths[1].right && isAscTreePath(paths[1..], paths[1], end))) }
    |                                                                                                                  ^^^^^^^^^^^^^^^^^

datset/algorithms and leetcode/leetcode/_DiameterOfBinaryTree_239.dfy(655,9): Error: assertion might not hold
    |
655 |   assert isAscTreePath(reverse(pathtwo), start, root);
    |          ^^^^^^^^^^^^^^^^^^^^^^^^^^^^^^^^^^^^^^^^^^^^

datset/algorithms and leetcode/leetcode/_DiameterOfBinaryTree_239.dfy(248,134): Related location
    |
248 |     match paths[0] { case Nil => false case Node(val, left, right) => end != Nil && paths[|paths| - 1] == end && start == paths[0] && paths[1] != Nil && ((paths[0] == paths[1].left && isAscTreePath(paths[1..], paths[1], end)) || (paths[0] == paths[1].right && isAscTreePath(paths[1..], paths[1], end))) }
    |                                                                                                                                       ^^^^^^^^^^^^^^^

datset/algorithms and leetcode/leetcode/_DiameterOfBinaryTree_239.dfy(655,9): Error: assertion might not hold
    |
655 |   assert isAscTreePath(reverse(pathtwo), start, root);
    |          ^^^^^^^^^^^^^^^^^^^^^^^^^^^^^^^^^^^^^^^^^^^^

datset/algorithms and leetcode/leetcode/_DiameterOfBinaryTree_239.dfy(248,154): Related location
    |
248 |     match paths[0] { case Nil => false case Node(val, left, right) => end != Nil && paths[|paths| - 1] == end && start == paths[0] && paths[1] != Nil && ((paths[0] == paths[1].left && isAscTreePath(paths[1..], paths[1], end)) || (paths[0] == paths[1].right && isAscTreePath(paths[1..], paths[1], end))) }
    |                                                                                                                                                           ^^^^^^^^^^^^^^^^^^^^^^^^^^^^^^^^^^^^^^^^^^^^^^^^^^^^^^^^^^^^^^^^^^^^^^^^^^^^^^^^^^^^^^^^^^^^^^^^^^^^^^^^^^^^^^^^^^^^^^^^^^^^^^^^^^^^^^^^^^^^^^^^^^^


Dafny program verifier finished with 78 verified, 4 errors
