Not legacy result
datset/algorithms and leetcode/lib/binaryTree.dfy(565,17): Warning: /!\ No terms found to trigger on.
    |
565 |         requires forall i :: 0 <= i < |path| - 1 ==> path[i+1] in TreeSet(path[i+1])
    |                  ^^^^^^

datset/algorithms and leetcode/leetcode/_DiameterOfBinaryTree_362.dfy(821,4): Error: a precondition for this call could not be proved
    |
821 |     BothCases(root, root.left, root.right, leftDiameter.0, rightDiameter.0);
    |     ^^^^^^^^^^^^^^^^^^^^^^^^^^^^^^^^^^^^^^^^^^^^^^^^^^^^^^^^^^^^^^^^^^^^^^^^

datset/algorithms and leetcode/leetcode/_DiameterOfBinaryTree_362.dfy(758,26): Related location: this is the precondition that could not be proved
    |
758 |   requires root != Nil && left != Nil && right != Nil
    |                           ^^^^^^^^^^^

datset/algorithms and leetcode/leetcode/_DiameterOfBinaryTree_362.dfy(821,4): Error: a precondition for this call could not be proved
    |
821 |     BothCases(root, root.left, root.right, leftDiameter.0, rightDiameter.0);
    |     ^^^^^^^^^^^^^^^^^^^^^^^^^^^^^^^^^^^^^^^^^^^^^^^^^^^^^^^^^^^^^^^^^^^^^^^^

datset/algorithms and leetcode/leetcode/_DiameterOfBinaryTree_362.dfy(758,41): Related location: this is the precondition that could not be proved
    |
758 |   requires root != Nil && left != Nil && right != Nil
    |                                          ^^^^^^^^^^^^

datset/algorithms and leetcode/leetcode/_DiameterOfBinaryTree_362.dfy(844,11): Error: assertion might not hold
    |
844 |     assert leftDiameter.0 == -1;
    |                           ^^^^^


Dafny program verifier finished with 78 verified, 3 errors
