Not legacy result
datset/from dafny main repo/dafny3/_Filter_61.dfy(282,0): Error: a postcondition could not be proved on this return path
    |
282 | {
    | ^

datset/from dafny main repo/dafny3/_Filter_61.dfy(281,10): Related location: this is the postcondition that could not be proved
    |
281 |   ensures Increasing(Filter(s, P), ord)
    |           ^^^^^^^^^^^^^^^^^^^^^^^^^^^^^

datset/from dafny main repo/dafny3/_Filter_61.dfy(257,2): Related location
    |
257 |   Increasing(s.tail, ord)
    |   ^^^^^^^^^^^^^^^^^^^^^^^

datset/from dafny main repo/dafny3/_Filter_61.dfy(282,0): Error: a postcondition could not be proved on this return path
    |
282 | {
    | ^

datset/from dafny main repo/dafny3/_Filter_61.dfy(281,10): Related location: this is the postcondition that could not be proved
    |
281 |   ensures Increasing(Filter(s, P), ord)
    |           ^^^^^^^^^^^^^^^^^^^^^^^^^^^^^

datset/from dafny main repo/dafny3/_Filter_61.dfy(256,2): Related location
    |
256 |   ord(s.head) < ord(s.tail.head) &&
    |   ^^^^^^^^^^^^^^^^^^^^^^^^^^^^^^


Dafny program verifier finished with 27 verified, 2 errors
