Not legacy result
datset/from dafny main repo/dafny3/_Filter_42.dfy(191,4): Error: a precondition for this call could not be proved
    |
191 |     Lemma_TailSubStreamK(Filter(s.tail, P), s, _k);
    |     ^^^^^^^^^^^^^^^^^^^^^^^^^^^^^^^^^^^^^^^^^^^^^^^

datset/from dafny main repo/dafny3/_Filter_42.dfy(41,11): Related location: this is the precondition that could not be proved
   |
41 |   requires IsSubStream#[k](s, u.tail)
   |            ^^^^^^^^^^^^^^^^^^^^^^^^^^

datset/from dafny main repo/dafny3/_Filter_42.dfy(21,2): Related location
   |
21 |   In(s.head, u) &&
   |   ^^^^^^^^^^^^^

datset/from dafny main repo/dafny3/_Filter_42.dfy(14,2): Related location
   |
14 |   exists n :: 
   |   ^^^^^^^^^^^^

datset/from dafny main repo/dafny3/_Filter_42.dfy(191,4): Error: a precondition for this call could not be proved
    |
191 |     Lemma_TailSubStreamK(Filter(s.tail, P), s, _k);
    |     ^^^^^^^^^^^^^^^^^^^^^^^^^^^^^^^^^^^^^^^^^^^^^^^

datset/from dafny main repo/dafny3/_Filter_42.dfy(41,11): Related location: this is the precondition that could not be proved
   |
41 |   requires IsSubStream#[k](s, u.tail)
   |            ^^^^^^^^^^^^^^^^^^^^^^^^^^

datset/from dafny main repo/dafny3/_Filter_42.dfy(19,19): Related location
   |
19 | greatest predicate IsSubStream[nat](s: Stream, u: Stream)
   |                    ^^^^^^^^^^^^^^^^^^^^^^^^^^^^^^^^^^^^^^


Dafny program verifier finished with 27 verified, 2 errors
