Not legacy result
datset/from dafny main repo/dafny3/_Filter_47.dfy(217,2): Error: a precondition for this call could not be proved
    |
217 |   Lemma_InSubStream(x, Filter(s, P), s);
    |   ^^^^^^^^^^^^^^^^^^^^^^^^^^^^^^^^^^^^^^

datset/from dafny main repo/dafny3/_Filter_47.dfy(50,23): Related location: this is the precondition that could not be proved
   |
50 |   requires In(x, s) && IsSubStream(s, u)
   |                        ^^^^^^^^^^^^^^^^^

datset/from dafny main repo/dafny3/_Filter_47.dfy(21,2): Related location
   |
21 |   In(s.head, u) &&
   |   ^^^^^^^^^^^^^

datset/from dafny main repo/dafny3/_Filter_47.dfy(14,2): Related location
   |
14 |   exists n :: 
   |   ^^^^^^^^^^^^

datset/from dafny main repo/dafny3/_Filter_47.dfy(217,2): Error: a precondition for this call could not be proved
    |
217 |   Lemma_InSubStream(x, Filter(s, P), s);
    |   ^^^^^^^^^^^^^^^^^^^^^^^^^^^^^^^^^^^^^^

datset/from dafny main repo/dafny3/_Filter_47.dfy(50,23): Related location: this is the precondition that could not be proved
   |
50 |   requires In(x, s) && IsSubStream(s, u)
   |                        ^^^^^^^^^^^^^^^^^

datset/from dafny main repo/dafny3/_Filter_47.dfy(22,2): Related location
   |
22 |   IsSubStream(s.tail, u)
   |   ^^^^^^^^^^^^^^^^^^^^^^


Dafny program verifier finished with 27 verified, 2 errors
