Not legacy result
datset/from dafny main repo/dafny3/_GenericSort_1.dfy(53,19): Error: a postcondition could not be proved on this return path
   |
53 |     if low != high {
   |                    ^

datset/from dafny main repo/dafny3/_GenericSort_1.dfy(50,12): Related location: this is the postcondition that could not be proved
   |
50 |     ensures Sorted(a, low, high)
   |             ^^^^^^^^^^^^^^^^^^^^

datset/from dafny main repo/dafny3/_GenericSort_1.dfy(33,4): Related location
   |
33 |     forall i, j :: 
   |     ^^^^^^^^^^^^^^^

datset/from dafny main repo/dafny3/_GenericSort_1.dfy[IntSort](53,19): Error: a postcondition could not be proved on this return path
   |
53 |     if low != high {
   |                    ^

datset/from dafny main repo/dafny3/_GenericSort_1.dfy[IntSort](50,12): Related location: this is the postcondition that could not be proved
   |
50 |     ensures Sorted(a, low, high)
   |             ^^^^^^^^^^^^^^^^^^^^

datset/from dafny main repo/dafny3/_GenericSort_1.dfy[IntSort](33,4): Related location
   |
33 |     forall i, j :: 
   |     ^^^^^^^^^^^^^^^

datset/from dafny main repo/dafny3/_GenericSort_1.dfy[intSort](53,19): Error: a postcondition could not be proved on this return path
   |
53 |     if low != high {
   |                    ^

datset/from dafny main repo/dafny3/_GenericSort_1.dfy[intSort](50,12): Related location: this is the postcondition that could not be proved
   |
50 |     ensures Sorted(a, low, high)
   |             ^^^^^^^^^^^^^^^^^^^^

datset/from dafny main repo/dafny3/_GenericSort_1.dfy[intSort](33,4): Related location
   |
33 |     forall i, j :: 
   |     ^^^^^^^^^^^^^^^


Dafny program verifier finished with 29 verified, 3 errors
