Not legacy result
datset/from dafny main repo/dafny3/_GenericSort_8.dfy(70,20): Error: this loop invariant could not be proved on entry
   |
70 |       invariant 0 < i <= a.Length
   |                     ^^^^^^^^^^^^^

datset/from dafny main repo/dafny3/_GenericSort_8.dfy(70,20): Related message: loop invariant violation
   |
70 |       invariant 0 < i <= a.Length
   |                     ^^^^^^^^^^^^^

datset/from dafny main repo/dafny3/_GenericSort_8.dfy[IntSort](70,20): Error: this loop invariant could not be proved on entry
   |
70 |       invariant 0 < i <= a.Length
   |                     ^^^^^^^^^^^^^

datset/from dafny main repo/dafny3/_GenericSort_8.dfy[IntSort](70,20): Related message: loop invariant violation
   |
70 |       invariant 0 < i <= a.Length
   |                     ^^^^^^^^^^^^^

datset/from dafny main repo/dafny3/_GenericSort_8.dfy[intSort](70,20): Error: this loop invariant could not be proved on entry
   |
70 |       invariant 0 < i <= a.Length
   |                     ^^^^^^^^^^^^^

datset/from dafny main repo/dafny3/_GenericSort_8.dfy[intSort](70,20): Related message: loop invariant violation
   |
70 |       invariant 0 < i <= a.Length
   |                     ^^^^^^^^^^^^^


Dafny program verifier finished with 29 verified, 3 errors
