Not legacy result
datset/from dafny main repo/dafny3/_InfiniteTrees_20.dfy(77,34): Error: a postcondition could not be proved on this return path
   |
77 |   if Tail(s, n) == Nil <== n == 0 {
   |                                   ^

datset/from dafny main repo/dafny3/_InfiniteTrees_20.dfy(74,30): Related location: this is the postcondition that could not be proved
   |
74 |   ensures LowerThan(s, h) ==> LowerThan(Tail(s, n), h)
   |                               ^^^^^^^^^^^^^^^^^^^^^^^^

datset/from dafny main repo/dafny3/_InfiniteTrees_20.dfy(69,4): Related location
   |
69 |     LowerThan(t.children, n - 1) &&
   |     ^^^^^^^^^^^^^^^^^^^^^^^^^^^^

datset/from dafny main repo/dafny3/_InfiniteTrees_20.dfy(77,34): Error: a postcondition could not be proved on this return path
   |
77 |   if Tail(s, n) == Nil <== n == 0 {
   |                                   ^

datset/from dafny main repo/dafny3/_InfiniteTrees_20.dfy(74,30): Related location: this is the postcondition that could not be proved
   |
74 |   ensures LowerThan(s, h) ==> LowerThan(Tail(s, n), h)
   |                               ^^^^^^^^^^^^^^^^^^^^^^^^

datset/from dafny main repo/dafny3/_InfiniteTrees_20.dfy(70,4): Related location
   |
70 |     LowerThan(tail, n)
   |     ^^^^^^^^^^^^^^^^^^

datset/from dafny main repo/dafny3/_InfiniteTrees_20.dfy(81,32): Error: value does not satisfy the subset constraints of 'nat'
   |
81 |         LowerThan_Lemma(tail, n - 1, h);
   |                                 ^


Dafny program verifier finished with 47 verified, 3 errors
