Not legacy result
datset/JSON/Utils/_Vectors_28.dfy(132,8): Error: a postcondition could not be proved on this return path
    |
132 |         {
    |         ^

datset/JSON/Utils/_Vectors_28.dfy(129,18): Related location: this is the postcondition that could not be proved
    |
129 |           ensures o.Fail? <==> old(capacity) == MAX_CAPACITY
    |                   ^^^^^^^^^^^^^^^^^^^^^^^^^^^^^^^^^^^^^^^^^^

datset/JSON/Utils/_Vectors_28.dfy(132,8): Error: a postcondition could not be proved on this return path
    |
132 |         {
    |         ^

datset/JSON/Utils/_Vectors_28.dfy(131,30): Related location: this is the postcondition that could not be proved
    |
131 |           ensures o.Pass? ==> fresh(data) && old(capacity) < MAX_CAPACITY && capacity == old(if capacity < MAX_CAPACITY_BEFORE_DOUBLING then 2 * capacity else MAX_CAPACITY)
    |                               ^^^^^^^^^^^

datset/JSON/Utils/_Vectors_28.dfy(133,8): Error: out-parameter 'o', which is subject to definite-assignment rules, might be uninitialized at this return point
    |
133 |         }
    |         ^


Dafny program verifier finished with 22 verified, 3 errors
