datset/NonlinearArithmetic/DivMod.dfy(1502,4): Warning: For expression "d * k > 0":
   /!\ No trigger covering all quantified variables found.
     |
1502 |     forall x: int, k: int, d: int | 1 < d && 0 < k
     |     ^^^^^^

datset/NonlinearArithmetic/DivMod.dfy(1536,4): Warning: For expression "0 < a * b":
   /!\ No trigger covering all quantified variables found.
     |
1536 |     forall x: int, a: int, b: int | 0 < a && 0 < b
     |     ^^^^^^

datset/JSON/Utils/_Str_3.dfy(201,17): Error: a postcondition could not be proved on this return path
    |
201 |           } else {
    |                  ^

datset/JSON/Utils/_Str_3.dfy(197,18): Related location: this is the postcondition that could not be proved
    |
197 |           ensures ToNat_any(str, base, digits) < Pow(base, |str|)
    |                   ^^^^^^^^^^^^^^^^^^^^^^^^^^^^^^^^^^^^^^^^^^^^^^^

datset/JSON/Utils/_Str_3.dfy[CharStrConversion](201,17): Error: a postcondition could not be proved on this return path
    |
201 |           } else {
    |                  ^

datset/JSON/Utils/_Str_3.dfy[CharStrConversion](197,18): Related location: this is the postcondition that could not be proved
    |
197 |           ensures ToNat_any(str, base, digits) < Pow(base, |str|)
    |                   ^^^^^^^^^^^^^^^^^^^^^^^^^^^^^^^^^^^^^^^^^^^^^^^


Dafny program verifier finished with 30 verified, 2 errors
