datset/from dafny main repo/dafny0/_DividedConstructors_13.dfy(32,4): Error: a postcondition could not be proved on this return path
   |
32 |     {
   |     ^

datset/from dafny main repo/dafny0/_DividedConstructors_13.dfy(31,14): Related location: this is the postcondition that could not be proved
   |
31 |       ensures c <= 2.0 * z
   |               ^^^^^^^^^^^^

datset/from dafny main repo/dafny0/_DividedConstructors_13.dfy(33,18): Error: possible division by zero
   |
33 |       a, c := 50, 2.0 / z;
   |                       ^^^

datset/from dafny main repo/dafny0/_DividedConstructors_13.dfy[M1](33,18): Error: possible division by zero
   |
33 |       a, c := 50, 2.0 / z;
   |                       ^^^

datset/from dafny main repo/dafny0/_DividedConstructors_13.dfy(67,4): Error: a postcondition could not be proved on this return path
   |
67 |     {
   |     ^

datset/from dafny main repo/dafny0/_DividedConstructors_13.dfy[M1](31,14): Related location: this is the postcondition that could not be proved
   |
31 |       ensures c <= 2.0 * z
   |               ^^^^^^^^^^^^


Dafny program verifier finished with 15 verified, 4 errors
