datset/from dafny main repo/dafny3/_Filter_66.dfy(295,9): Error: a postcondition could not be proved on this return path
    |
295 |   } else {
    |          ^

datset/from dafny main repo/dafny3/_Filter_66.dfy(290,10): Related location: this is the postcondition that could not be proved
    |
290 |   ensures IncrFrom(Filter(s, P), low, ord)
    |           ^^^^^^^^^^^^^^^^^^^^^^^^^^^^^^^^

datset/from dafny main repo/dafny3/_Filter_66.dfy(262,2): Related location
    |
262 |   low <= ord(s.head) &&
    |   ^^^^^^^^^^^^^^^^^^

datset/from dafny main repo/dafny3/_Filter_66.dfy(295,9): Error: a postcondition could not be proved on this return path
    |
295 |   } else {
    |          ^

datset/from dafny main repo/dafny3/_Filter_66.dfy(290,10): Related location: this is the postcondition that could not be proved
    |
290 |   ensures IncrFrom(Filter(s, P), low, ord)
    |           ^^^^^^^^^^^^^^^^^^^^^^^^^^^^^^^^

datset/from dafny main repo/dafny3/_Filter_66.dfy(260,19): Related location
    |
260 | greatest predicate IncrFrom[nat](s: Stream, low: int, ord: Ord)
    |                    ^^^^^^^^^^^^^^^^^^^^^^^^^^^^^^^^^^^^^^^^^^^^


Dafny program verifier finished with 27 verified, 2 errors
