datset/from dafny main repo/dafny3/_InfiniteTrees_35.dfy(75,0): Error: a postcondition could not be proved on this return path
   |
75 | {
   | ^

datset/from dafny main repo/dafny3/_InfiniteTrees_35.dfy(74,30): Related location: this is the postcondition that could not be proved
   |
74 |   ensures LowerThan(s, h) ==> LowerThan(Tail(s, n), h)
   |                               ^^^^^^^^^^^^^^^^^^^^^^^^

datset/from dafny main repo/dafny3/_InfiniteTrees_35.dfy(69,4): Related location
   |
69 |     LowerThan(t.children, n - 1) &&
   |     ^^^^^^^^^^^^^^^^^^^^^^^^^^^^

datset/from dafny main repo/dafny3/_InfiniteTrees_35.dfy(75,0): Error: a postcondition could not be proved on this return path
   |
75 | {
   | ^

datset/from dafny main repo/dafny3/_InfiniteTrees_35.dfy(74,30): Related location: this is the postcondition that could not be proved
   |
74 |   ensures LowerThan(s, h) ==> LowerThan(Tail(s, n), h)
   |                               ^^^^^^^^^^^^^^^^^^^^^^^^

datset/from dafny main repo/dafny3/_InfiniteTrees_35.dfy(70,4): Related location
   |
70 |     LowerThan(tail, n)
   |     ^^^^^^^^^^^^^^^^^^


Dafny program verifier finished with 47 verified, 2 errors
