datset/from dafny main repo/dafny3/_Paulson_5.dfy(117,0): Error: a postcondition could not be proved on this return path
    |
117 | {
    | ^

datset/from dafny main repo/dafny3/_Paulson_5.dfy(116,34): Related location: this is the postcondition that could not be proved
    |
116 |   ensures LmapIter(n, f, h(f, u)) == LmapIter(n, f, Iterates(f, u))
    |                                   ^^

datset/from dafny main repo/dafny3/_Paulson_5.dfy(138,28): Related location
    |
138 | codatatype LList<T> = Nil | Cons(head: T, tail: LList)
    |                             ^^^^

datset/from dafny main repo/dafny3/_Paulson_5.dfy(117,0): Error: a postcondition could not be proved on this return path
    |
117 | {
    | ^

datset/from dafny main repo/dafny3/_Paulson_5.dfy(116,34): Related location: this is the postcondition that could not be proved
    |
116 |   ensures LmapIter(n, f, h(f, u)) == LmapIter(n, f, Iterates(f, u))
    |                                   ^^

datset/from dafny main repo/dafny3/_Paulson_5.dfy(138,22): Related location
    |
138 | codatatype LList<T> = Nil | Cons(head: T, tail: LList)
    |                       ^^^


Dafny program verifier finished with 11 verified, 2 errors
