Not legacy result
datset/from dafny main repo/dafny4/_Ackermann_39.dfy(117,4): Warning: /!\ No terms found to trigger on.
    |
117 |     forall n | true {
    |     ^^^^^^

datset/from dafny main repo/dafny4/_Ackermann_39.dfy(129,4): Warning: /!\ No terms found to trigger on.
    |
129 |     forall n, n' | n <= n' {
    |     ^^^^^^

datset/from dafny main repo/dafny4/_Ackermann_39.dfy(139,13): Error: a postcondition could not be proved on this return path
    |
139 |   if m' != 0 {
    |              ^

datset/from dafny main repo/dafny4/_Ackermann_39.dfy(137,10): Related location: this is the postcondition that could not be proved
    |
137 |   ensures FunctionBelow(A(m), A(m'))
    |           ^^^^^^^^^^^^^^^^^^^^^^^^^^

datset/from dafny main repo/dafny4/_Ackermann_39.dfy(77,2): Related location
   |
77 |   forall n :: 
   |   ^^^^^^^^^^^^

datset/from dafny main repo/dafny4/_Ackermann_39.dfy(153,13): Error: the calculation step between the previous line and this line could not be proved
    |
153 |         A(m')(n);
    |              ^


Dafny program verifier finished with 13 verified, 2 errors
