Not legacy result
datset/from dafny main repo/dafny4/_Bug159_0.dfy(7,0): Error: a postcondition could not be proved on this return path
  |
7 | {
  | ^

datset/from dafny main repo/dafny4/_Bug159_0.dfy(5,10): Related location: this is the postcondition that could not be proved
  |
5 |   ensures a.Length == n
  |           ^^^^^^^^^^^^^

datset/from dafny main repo/dafny4/_Bug159_0.dfy(7,0): Error: a postcondition could not be proved on this return path
  |
7 | {
  | ^

datset/from dafny main repo/dafny4/_Bug159_0.dfy(6,10): Related location: this is the postcondition that could not be proved
  |
6 |   ensures forall i :: 0 <= i < n ==> a[i] == i
  |           ^^^^^^^^^^^^^^^^^^^^^^^^^^^^^^^^^^^^

datset/from dafny main repo/dafny4/_Bug159_0.dfy(8,0): Error: out-parameter 'a', which is subject to definite-assignment rules, might be uninitialized at this return point
  |
8 | }
  | ^


Dafny program verifier finished with 7 verified, 3 errors
