Not legacy result
datset/from dafny main repo/dafny4/_Bug159_4.dfy(26,0): Error: a postcondition could not be proved on this return path
   |
26 | {
   | ^

datset/from dafny main repo/dafny4/_Bug159_4.dfy(24,10): Related location: this is the postcondition that could not be proved
   |
24 |   ensures m.Length0 == m.Length1 == n
   |           ^^^^^^^^^^^^^^^^^^^^^^

datset/from dafny main repo/dafny4/_Bug159_4.dfy(26,0): Error: a postcondition could not be proved on this return path
   |
26 | {
   | ^

datset/from dafny main repo/dafny4/_Bug159_4.dfy(24,23): Related location: this is the postcondition that could not be proved
   |
24 |   ensures m.Length0 == m.Length1 == n
   |                        ^^^^^^^^^^^^^^

datset/from dafny main repo/dafny4/_Bug159_4.dfy(26,0): Error: a postcondition could not be proved on this return path
   |
26 | {
   | ^

datset/from dafny main repo/dafny4/_Bug159_4.dfy(25,10): Related location: this is the postcondition that could not be proved
   |
25 |   ensures forall i, j :: 0 <= i < n && 0 <= j < n ==> m[i, j] == j + i
   |           ^^^^^^^^^^^^^^^^^^^^^^^^^^^^^^^^^^^^^^^^^^^^^^^^^^^^^^^^^^^^

datset/from dafny main repo/dafny4/_Bug159_4.dfy(27,0): Error: out-parameter 'm', which is subject to definite-assignment rules, might be uninitialized at this return point
   |
27 | }
   | ^


Dafny program verifier finished with 7 verified, 4 errors
