Not legacy result
datset/from dafny main repo/dafny4/_Bug140_13.dfy(45,2): Error: a postcondition could not be proved on this return path
   |
45 |   {
   |   ^

datset/from dafny main repo/dafny4/_Bug140_13.dfy(43,12): Related location: this is the postcondition that could not be proved
   |
43 |     ensures Valid() && fresh(Repr - succ.Repr)
   |             ^^^^^^^

datset/from dafny main repo/dafny4/_Bug140_13.dfy(24,6): Related location
   |
24 |       List == [data]) &&
   |       ^^^^^^^^^^^^^

datset/from dafny main repo/dafny4/_Bug140_13.dfy(45,2): Error: a postcondition could not be proved on this return path
   |
45 |   {
   |   ^

datset/from dafny main repo/dafny4/_Bug140_13.dfy(43,12): Related location: this is the postcondition that could not be proved
   |
43 |     ensures Valid() && fresh(Repr - succ.Repr)
   |             ^^^^^^^

datset/from dafny main repo/dafny4/_Bug140_13.dfy(26,6): Related location
   |
26 |       next in Repr &&
   |       ^^^^^^^^^^^^

datset/from dafny main repo/dafny4/_Bug140_13.dfy(45,2): Error: a postcondition could not be proved on this return path
   |
45 |   {
   |   ^

datset/from dafny main repo/dafny4/_Bug140_13.dfy(43,12): Related location: this is the postcondition that could not be proved
   |
43 |     ensures Valid() && fresh(Repr - succ.Repr)
   |             ^^^^^^^

datset/from dafny main repo/dafny4/_Bug140_13.dfy(27,6): Related location
   |
27 |       next.Repr <= Repr &&
   |       ^^^^^^^^^^^^^^^^^

datset/from dafny main repo/dafny4/_Bug140_13.dfy(45,2): Error: a postcondition could not be proved on this return path
   |
45 |   {
   |   ^

datset/from dafny main repo/dafny4/_Bug140_13.dfy(43,12): Related location: this is the postcondition that could not be proved
   |
43 |     ensures Valid() && fresh(Repr - succ.Repr)
   |             ^^^^^^^

datset/from dafny main repo/dafny4/_Bug140_13.dfy(28,6): Related location
   |
28 |       this !in next.Repr &&
   |       ^^^^^^^^^^^^^^^^^^

datset/from dafny main repo/dafny4/_Bug140_13.dfy(48,2): Error: field 'data', which is subject to definite-assignment rules, might be uninitialized at this point in the constructor body
   |
48 |   }
   |   ^


Dafny program verifier finished with 7 verified, 5 errors
