Not legacy result
datset/from dafny main repo/dafny4/_McCarthy91_117.dfy(66,2): Error: decreases expression might not decrease
   |
66 |   while e > 0
   |   ^^^^^

datset/from dafny main repo/dafny4/_McCarthy91_117.dfy(67,19): Error: value does not satisfy the subset constraints of 'nat'
   |
67 |     invariant iter(e, mc91, n) == mc91(n0)
   |                    ^

datset/from dafny main repo/dafny4/_McCarthy91_117.dfy(68,22): Error: decreases expression at index 0 must be bounded below by 0 at end of loop iteration
   |
68 |     decreases 100 - n + 10 * e, e
   |                       ^

datset/from dafny main repo/dafny4/_McCarthy91_117.dfy(76,2): Error: a postcondition could not be proved on this return path
   |
76 |   return n;
   |   ^^^^^^

datset/from dafny main repo/dafny4/_McCarthy91_117.dfy(63,10): Related location: this is the postcondition that could not be proved
   |
63 |   ensures r == mc91(n0)
   |           ^^^^^^^^^^^^^


Dafny program verifier finished with 4 verified, 4 errors
