Not legacy result
datset/from dafny main repo/dafny4/_UnionFind_59.dfy(237,4): Error: a postcondition could not be proved on this return path
    |
237 |     {
    |     ^

datset/from dafny main repo/dafny4/_UnionFind_59.dfy[M2](152,14): Related location: this is the postcondition that could not be proved
    |
152 |       ensures r == r0 || r == r1
    |               ^^^^^^^^^^^^^^^^^^

datset/from dafny main repo/dafny4/_UnionFind_59.dfy(237,4): Error: a postcondition could not be proved on this return path
    |
237 |     {
    |     ^

datset/from dafny main repo/dafny4/_UnionFind_59.dfy[M2](153,14): Related location: this is the postcondition that could not be proved
    |
153 |       ensures M == map e | e in old(M) :: old(if M[e] == r0 || M[e] == r1 then r else M[e])
    |               ^^^^^^^^^^^^^^^^^^^^^^^^^^^^^^^^^^^^^^^^^^^^^^^^^^^^^^^^^^^^^^^^^^^^^^^^^^^^^

datset/from dafny main repo/dafny4/_UnionFind_59.dfy(264,4): Error: out-parameter 'r', which is subject to definite-assignment rules, might be uninitialized at this return point
    |
264 |     }
    |     ^


Dafny program verifier finished with 89 verified, 3 errors
