datset/from dafny main repo/dafny2/_MajorityVote_79.dfy(48,0): Error: a postcondition could not be proved on this return path
   |
48 | {
   | ^

datset/from dafny main repo/dafny2/_MajorityVote_79.dfy(46,29): Related location: this is the postcondition that could not be proved
   |
46 |   ensures result.Winner? ==> 2 * Count(a, 0, |a|, result.cand) > |a|
   |                              ^^^^^^^^^^^^^^^^^^^^^^^^^^^^^^^^^^^^^^^

datset/from dafny main repo/dafny2/_MajorityVote_79.dfy(48,0): Error: a postcondition could not be proved on this return path
   |
48 | {
   | ^

datset/from dafny main repo/dafny2/_MajorityVote_79.dfy(47,31): Related location: this is the postcondition that could not be proved
   |
47 |   ensures result.NoWinner? ==> forall c :: 2 * Count(a, 0, |a|, c) <= |a|
   |                                ^^^^^^^^^^^^^^^^^^^^^^^^^^^^^^^^^^^^^^^^^^

datset/from dafny main repo/dafny2/_MajorityVote_79.dfy(55,0): Error: out-parameter 'result', which is subject to definite-assignment rules, might be uninitialized at this return point
   |
55 | }
   | ^


Dafny program verifier finished with 15 verified, 3 errors
