datset/from dafny main repo/dafny2/_MajorityVote_227.dfy(109,14): Error: this invariant could not be proved to be maintained by the loop
    |
109 |     invariant HasMajority(a, lo, |a|, K)
    |               ^^^^^^^^^^^^^^^^^^^^^^^^^^

datset/from dafny main repo/dafny2/_MajorityVote_227.dfy(16,2): Related location
   |
16 |   2 * Count(a, s, t, x) > t - s
   |   ^^^^^^^^^^^^^^^^^^^^^^^^^^^^^

datset/from dafny main repo/dafny2/_MajorityVote_227.dfy(109,14): Related message: loop invariant violation
    |
109 |     invariant HasMajority(a, lo, |a|, K)
    |               ^^^^^^^^^^^^^^^^^^^^^^^^^^

datset/from dafny main repo/dafny2/_MajorityVote_227.dfy(16,2): Related location
   |
16 |   2 * Count(a, s, t, x) > t - s
   |   ^^^^^^^^^^^^^^^^^^^^^^^^^^^^^

datset/from dafny main repo/dafny2/_MajorityVote_227.dfy(119,22): Error: index out of range
    |
119 |       k, lo, up, c := a[up], up, up + 1, 1;
    |                        ^^^^


Dafny program verifier finished with 15 verified, 2 errors
