datset/from dafny main repo/dafny2/_MajorityVote_202.dfy(108,24): Error: this invariant could not be proved to be maintained by the loop
    |
108 |     invariant 0 <= lo < up <= |a|
    |                         ^^^^^^^^^

datset/from dafny main repo/dafny2/_MajorityVote_202.dfy(108,24): Related message: loop invariant violation
    |
108 |     invariant 0 <= lo < up <= |a|
    |                         ^^^^^^^^^

datset/from dafny main repo/dafny2/_MajorityVote_202.dfy(110,14): Error: this invariant could not be proved to be maintained by the loop
    |
110 |     invariant HasMajority(a, lo, up, k)
    |               ^^^^^^^^^^^^^^^^^^^^^^^^^

datset/from dafny main repo/dafny2/_MajorityVote_202.dfy(16,2): Related location
   |
16 |   2 * Count(a, s, t, x) > t - s
   |   ^^^^^^^^^^^^^^^^^^^^^^^^^^^^^

datset/from dafny main repo/dafny2/_MajorityVote_202.dfy(110,14): Related message: loop invariant violation
    |
110 |     invariant HasMajority(a, lo, up, k)
    |               ^^^^^^^^^^^^^^^^^^^^^^^^^

datset/from dafny main repo/dafny2/_MajorityVote_202.dfy(16,2): Related location
   |
16 |   2 * Count(a, s, t, x) > t - s
   |   ^^^^^^^^^^^^^^^^^^^^^^^^^^^^^

datset/from dafny main repo/dafny2/_MajorityVote_202.dfy(111,14): Error: this invariant could not be proved to be maintained by the loop
    |
111 |     invariant c == Count(a, lo, up, k)
    |               ^^^^^^^^^^^^^^^^^^^^^^^^

datset/from dafny main repo/dafny2/_MajorityVote_202.dfy(111,14): Related message: loop invariant violation
    |
111 |     invariant c == Count(a, lo, up, k)
    |               ^^^^^^^^^^^^^^^^^^^^^^^^


Dafny program verifier finished with 15 verified, 3 errors
