datset/from dafny main repo/dafny2/_MajorityVote_226.dfy(107,2): Error: cannot prove termination; try supplying a decreases clause for the loop
    |
107 |   while up < |a|
    |   ^^^^^

datset/from dafny main repo/dafny2/_MajorityVote_226.dfy(109,14): Error: this invariant could not be proved to be maintained by the loop
    |
109 |     invariant HasMajority(a, lo, |a|, K)
    |               ^^^^^^^^^^^^^^^^^^^^^^^^^^

datset/from dafny main repo/dafny2/_MajorityVote_226.dfy(16,2): Related location
   |
16 |   2 * Count(a, s, t, x) > t - s
   |   ^^^^^^^^^^^^^^^^^^^^^^^^^^^^^

datset/from dafny main repo/dafny2/_MajorityVote_226.dfy(109,14): Related message: loop invariant violation
    |
109 |     invariant HasMajority(a, lo, |a|, K)
    |               ^^^^^^^^^^^^^^^^^^^^^^^^^^

datset/from dafny main repo/dafny2/_MajorityVote_226.dfy(16,2): Related location
   |
16 |   2 * Count(a, s, t, x) > t - s
   |   ^^^^^^^^^^^^^^^^^^^^^^^^^^^^^

datset/from dafny main repo/dafny2/_MajorityVote_226.dfy(117,22): Error: index out of range
    |
117 |       k, lo, up, c := a[up], up, up + 1, 1;
    |                        ^^^^


Dafny program verifier finished with 15 verified, 3 errors
