datset/from dafny main repo/dafny2/_MinWindowMax_66.dfy(23,0): Error: a postcondition could not be proved on this return path
   |
23 | {
   | ^

datset/from dafny main repo/dafny2/_MinWindowMax_66.dfy(22,10): Related location: this is the postcondition that could not be proved
   |
22 |   ensures forall s :: 0 <= s <= a.Length - W ==> m <= Max(a, s, W)
   |           ^^^^^^^^^^^^^^^^^^^^^^^^^^^^^^^^^^^^^^^^^^^^^^^^^^^^^^^^

datset/from dafny main repo/dafny2/_MinWindowMax_66.dfy(59,39): Error: index out of range
   |
59 |     while k <= l - 1 && a[b[l - 1]] <= a[n]
   |                                         ^^^

datset/from dafny main repo/dafny2/_MinWindowMax_66.dfy(59,39): Error: index out of range
   |
59 |     while k <= l - 1 && a[b[l - 1]] <= a[n]
   |                                         ^^^

datset/from dafny main repo/dafny2/_MinWindowMax_66.dfy(61,89): Error: index out of range
   |
61 |       invariant forall i :: (if k < l then b[l - 1] + 1 else n - W) <= i < n ==> a[i] <= a[n]
   |                                                                                           ^^^

datset/from dafny main repo/dafny2/_MinWindowMax_66.dfy(69,4): Error: a precondition for this call could not be proved
   |
69 |     Maxes(a, n - W + 1, b[k], n + 1);
   |     ^^^^^^^^^^^^^^^^^^^^^^^^^^^^^^^^^

datset/from dafny main repo/dafny2/_MinWindowMax_66.dfy(113,26): Related location: this is the precondition that could not be proved
    |
113 |   requires 0 <= lo <= x < hi <= a.Length
    |                           ^^^^^^^^^^^^^^


Dafny program verifier finished with 11 verified, 5 errors
