datset/from dafny main repo/dafny2/_MinWindowMax_163.dfy(54,14): Error: this loop invariant could not be proved on entry
   |
54 |     invariant m == Max(a, start, W)
   |               ^^^^^^^^^^^^^^^^^^^^^

datset/from dafny main repo/dafny2/_MinWindowMax_163.dfy(54,14): Related message: loop invariant violation
   |
54 |     invariant m == Max(a, start, W)
   |               ^^^^^^^^^^^^^^^^^^^^^

datset/from dafny main repo/dafny2/_MinWindowMax_163.dfy(54,14): Error: variable 'm', which is subject to definite-assignment rules, might be uninitialized here
   |
54 |     invariant m == Max(a, start, W)
   |               ^

datset/from dafny main repo/dafny2/_MinWindowMax_163.dfy(69,17): Error: variable 'm', which is subject to definite-assignment rules, might be uninitialized here
   |
69 |     if a[b[k]] < m {
   |                  ^

datset/from dafny main repo/dafny2/_MinWindowMax_163.dfy(75,0): Error: out-parameter 'm', which is subject to definite-assignment rules, might be uninitialized at this return point
   |
75 | }
   | ^


Dafny program verifier finished with 11 verified, 4 errors
