datset/from dafny main repo/dafny2/_SmallestMissingNumber-functional_28.dfy(182,11): Warning: /!\ No terms found to trigger on.
    |
182 |   var S := set x | lo <= x < lo + len;
    |            ^^^

datset/from dafny main repo/dafny2/_SmallestMissingNumber-functional_28.dfy(147,23): Error: a postcondition could not be proved on this return path
    |
147 |     if llen >= len / 2 {
    |                        ^

datset/from dafny main repo/dafny2/_SmallestMissingNumber-functional_28.dfy(137,79): Related location: this is the postcondition that could not be proved
    |
137 |   ensures var s := SMN(xs, n, len); n <= s <= n + len && s !in Elements(xs) && forall x :: n <= x < s ==> x in Elements(xs)
    |                                                                                ^^^^^^^^^^^^^^^^^^^^^^^^^^^^^^^^^^^^^^^^^^^^

datset/from dafny main repo/dafny2/_SmallestMissingNumber-functional_28.dfy(151,6): Error: decreases clause might not decrease
    |
151 |       SMN_Correct(R, n + llen, len - llen);
    |       ^^^^^^^^^^^^^^^^^^^^^^^^^^^^^^^^^^^^^

datset/from dafny main repo/dafny2/_SmallestMissingNumber-functional_28.dfy(156,10): Error: a precondition for this call could not be proved
    |
156 |           SetEquality(Elements(L), bound);
    |           ^^^^^^^^^^^^^^^^^^^^^^^^^^^^^^^^

datset/from dafny main repo/dafny2/_SmallestMissingNumber-functional_28.dfy(123,21): Related location: this is the precondition that could not be proved
    |
123 |   requires A <= B && |A| == |B|
    |                      ^^^^^^^^^^


Dafny program verifier finished with 20 verified, 3 errors
