datset/from dafny main repo/dafny2/_SmallestMissingNumber-functional_86.dfy(182,11): Warning: /!\ No terms found to trigger on.
    |
182 |   var S := set x | lo <= x < lo + len;
    |            ^^^

datset/from dafny main repo/dafny2/_SmallestMissingNumber-functional_86.dfy(225,0): Error: a postcondition could not be proved on this return path
    |
225 | {
    | ^

datset/from dafny main repo/dafny2/_SmallestMissingNumber-functional_86.dfy(223,81): Related location: this is the postcondition that could not be proved
    |
223 |   ensures var s := SMN''(xs, n, len); n <= s <= n + len && s !in Elements(xs) && forall x :: n <= x < s ==> x in Elements(xs)
    |                                                                                  ^^^^^^^^^^^^^^^^^^^^^^^^^^^^^^^^^^^^^^^^^^^^

datset/from dafny main repo/dafny2/_SmallestMissingNumber-functional_86.dfy(236,6): Error: decreases clause might not decrease
    |
236 |       SMN''_Correct(L, n, llen);
    |       ^^^^^^^^^^^^^^^^^^^^^^^^^^

datset/from dafny main repo/dafny2/_SmallestMissingNumber-functional_86.dfy(239,6): Error: decreases clause might not decrease
    |
239 |       SMN''_Correct(R, n + llen, len - llen);
    |       ^^^^^^^^^^^^^^^^^^^^^^^^^^^^^^^^^^^^^^^

datset/from dafny main repo/dafny2/_SmallestMissingNumber-functional_86.dfy(244,10): Error: a precondition for this call could not be proved
    |
244 |           SetEquality(Elements(L), bound);
    |           ^^^^^^^^^^^^^^^^^^^^^^^^^^^^^^^^

datset/from dafny main repo/dafny2/_SmallestMissingNumber-functional_86.dfy(123,21): Related location: this is the precondition that could not be proved
    |
123 |   requires A <= B && |A| == |B|
    |                      ^^^^^^^^^^


Dafny program verifier finished with 20 verified, 4 errors
