datset/NonlinearArithmetic/Mul.dfy(246,4): Warning: /!\ No trigger covering all quantified variables found.
    |
246 |     forall (x: int, XBound: int, y: int, YBound: int | x < XBound && y < YBound && 0 < x && 0 < y)
    |     ^^^^^^

datset/NonlinearArithmetic/DivMod.dfy(212,4): Warning: /!\ No trigger covering all quantified variables found.
    |
212 |     forall (a: int, b: int, d: int, R: int | 0< d &&  R == a%d + b%d - (a+b)%d)
    |     ^^^^^^

datset/NonlinearArithmetic/DivMod.dfy(727,4): Warning: For expression "0 < x * d":
   /!\ No trigger covering all quantified variables found.
    |
727 |     forall x: int, a: int, d: int | 0 < x && 0 <= a && 0 < d
    |     ^^^^^^

datset/NonlinearArithmetic/DivMod.dfy(750,4): Warning: /!\ No trigger covering all quantified variables found.
    |
750 |     forall a: int, r: int, d: int | 0 < d && a % d == 0 && 0 <= r < d
    |     ^^^^^^

datset/NonlinearArithmetic/DivMod.dfy(773,4): Warning: /!\ No trigger covering all quantified variables found.
    |
773 |     forall x: int, b: int, d: int | 0 < d && 0 <= b < d
    |     ^^^^^^

datset/NonlinearArithmetic/DivMod.dfy(939,4): Warning: For expression "0 < b * c":
   /!\ No trigger covering all quantified variables found.
    |
939 |     forall a: int, b: int, c: int | 0 <= a && 0 < b && 0 < c
    |     ^^^^^^

datset/NonlinearArithmetic/DivMod.dfy(1208,4): Warning: /!\ No trigger covering all quantified variables found.
     |
1208 |     forall x: int, y: int, m: int | 0 < m
     |     ^^^^^^

datset/NonlinearArithmetic/DivMod.dfy(1246,4): Warning: /!\ No trigger covering all quantified variables found.
     |
1246 |     forall x: int, y: int, m: int | 0 < m
     |     ^^^^^^

datset/NonlinearArithmetic/DivMod.dfy(1309,4): Warning: /!\ No trigger covering all quantified variables found.
     |
1309 |     forall x: int, d: int, q: int, r: int | d != 0 && 0 <= r < d && x == q * d + r
     |     ^^^^^^

datset/NonlinearArithmetic/DivMod.dfy(1502,4): Warning: For expression "d * k > 0":
   /!\ No trigger covering all quantified variables found.
     |
1502 |     forall x: int, k: int, d: int | 1 < d && 0 < k
     |     ^^^^^^

datset/NonlinearArithmetic/DivMod.dfy(1566,4): Warning: For expression "y * z > 0":
   /!\ No trigger covering all quantified variables found.
     |
1566 |     forall x: int, y: int, z: int | 0 <= x && 0 < y && 0 < z
     |     ^^^^^^

datset/JSON/ZeroCopy/_Serializer_17.dfy(246,20): Error: this loop invariant could not be proved on entry
    |
246 |           invariant wr == MembersSpec(obj, members[..i], writer)
    |                     ^^^^^^^^^^^^^^^^^^^^^^^^^^^^^^^^^^^^^^^^^^^^

datset/JSON/ZeroCopy/_Serializer_17.dfy(246,20): Related message: loop invariant violation
    |
246 |           invariant wr == MembersSpec(obj, members[..i], writer)
    |                     ^^^^^^^^^^^^^^^^^^^^^^^^^^^^^^^^^^^^^^^^^^^^

datset/JSON/ZeroCopy/_Serializer_17.dfy(246,26): Error: function precondition could not be proved
    |
246 |           invariant wr == MembersSpec(obj, members[..i], writer)
    |                           ^^^^^^^^^^^^^^^^^^^^^^^^^^^^^^^^^^^^^^

datset/JSON/ZeroCopy/_Serializer_17.dfy(201,17): Related location
    |
201 |         requires forall j | 0 <= j < |members| :: members[j] < obj
    |                  ^^^^^^^^^^^^^^^^^^^^^^^^^^^^^^^^^^^^^^^^^^^^^^^^^

datset/JSON/ZeroCopy/_Serializer_17.dfy(246,43): Error: upper bound below lower bound or above length of sequence
    |
246 |           invariant wr == MembersSpec(obj, members[..i], writer)
    |                                                   ^^^^^

datset/JSON/ZeroCopy/_Serializer_17.dfy(248,17): Error: assertion might not hold
    |
248 |           assert members[..i + 1][..i] == members[..i];
    |                                        ^^^^^^^^^^^^^^^

datset/JSON/ZeroCopy/_Serializer_17.dfy(248,42): Error: upper bound below lower bound or above length of sequence
    |
248 |           assert members[..i + 1][..i] == members[..i];
    |                                                  ^^^^^


Dafny program verifier finished with 32 verified, 5 errors
