datset/NonlinearArithmetic/Mul.dfy(246,4): Warning: /!\ No trigger covering all quantified variables found.
    |
246 |     forall (x: int, XBound: int, y: int, YBound: int | x < XBound && y < YBound && 0 < x && 0 < y)
    |     ^^^^^^

datset/NonlinearArithmetic/DivMod.dfy(212,4): Warning: /!\ No trigger covering all quantified variables found.
    |
212 |     forall (a: int, b: int, d: int, R: int | 0< d &&  R == a%d + b%d - (a+b)%d)
    |     ^^^^^^

datset/NonlinearArithmetic/DivMod.dfy(727,4): Warning: For expression "0 < x * d":
   /!\ No trigger covering all quantified variables found.
    |
727 |     forall x: int, a: int, d: int | 0 < x && 0 <= a && 0 < d
    |     ^^^^^^

datset/NonlinearArithmetic/DivMod.dfy(750,4): Warning: /!\ No trigger covering all quantified variables found.
    |
750 |     forall a: int, r: int, d: int | 0 < d && a % d == 0 && 0 <= r < d
    |     ^^^^^^

datset/NonlinearArithmetic/DivMod.dfy(773,4): Warning: /!\ No trigger covering all quantified variables found.
    |
773 |     forall x: int, b: int, d: int | 0 < d && 0 <= b < d
    |     ^^^^^^

datset/NonlinearArithmetic/DivMod.dfy(939,4): Warning: For expression "0 < b * c":
   /!\ No trigger covering all quantified variables found.
    |
939 |     forall a: int, b: int, c: int | 0 <= a && 0 < b && 0 < c
    |     ^^^^^^

datset/NonlinearArithmetic/DivMod.dfy(1208,4): Warning: /!\ No trigger covering all quantified variables found.
     |
1208 |     forall x: int, y: int, m: int | 0 < m
     |     ^^^^^^

datset/NonlinearArithmetic/DivMod.dfy(1246,4): Warning: /!\ No trigger covering all quantified variables found.
     |
1246 |     forall x: int, y: int, m: int | 0 < m
     |     ^^^^^^

datset/NonlinearArithmetic/DivMod.dfy(1309,4): Warning: /!\ No trigger covering all quantified variables found.
     |
1309 |     forall x: int, d: int, q: int, r: int | d != 0 && 0 <= r < d && x == q * d + r
     |     ^^^^^^

datset/NonlinearArithmetic/DivMod.dfy(1502,4): Warning: For expression "d * k > 0":
   /!\ No trigger covering all quantified variables found.
     |
1502 |     forall x: int, k: int, d: int | 1 < d && 0 < k
     |     ^^^^^^

datset/NonlinearArithmetic/DivMod.dfy(1566,4): Warning: For expression "y * z > 0":
   /!\ No trigger covering all quantified variables found.
     |
1566 |     forall x: int, y: int, z: int | 0 <= x && 0 < y && 0 < z
     |     ^^^^^^

datset/JSON/ZeroCopy/_Serializer_10.dfy(120,6): Error: a postcondition could not be proved on this return path
    |
120 |       {
    |       ^

datset/JSON/ZeroCopy/_Serializer_10.dfy(119,16): Related location: this is the postcondition that could not be proved
    |
119 |         ensures Spec.Bracketed(obj, Spec.Member) == Spec.Object(obj)
    |                 ^^^^^^^^^^^^^^^^^^^^^^^^^^^^^^^^^^^^^^^^^^^^^^^^^^^^


Dafny program verifier finished with 32 verified, 1 error
