datset/vetri-sparse/_concurrent_poc_6_41.dfy(108,2): Error: a postcondition could not be proved on this return path
    |
108 |   {
    |   ^

datset/vetri-sparse/_concurrent_poc_6_41.dfy(106,12): Related location: this is the postcondition that could not be proved
    |
106 |     ensures opsLeft == initOpsLeft
    |             ^^^^^^^^^^^^^^^^^^^^^^

datset/vetri-sparse/_concurrent_poc_6_41.dfy(108,2): Error: a postcondition could not be proved on this return path
    |
108 |   {
    |   ^

datset/vetri-sparse/_concurrent_poc_6_41.dfy(107,12): Related location: this is the postcondition that could not be proved
    |
107 |     ensures curColumn == 0
    |             ^^^^^^^^^^^^^^

datset/vetri-sparse/_concurrent_poc_6_41.dfy(108,2): Error: a postcondition could not be proved on this return path
    |
108 |   {
    |   ^

datset/vetri-sparse/_concurrent_poc_6_41.dfy(105,12): Related location: this is the postcondition that could not be proved
    |
105 |     ensures row == init_row
    |             ^^^^^^^^^^^^^^^


Dafny program verifier finished with 17 verified, 3 errors
