datset/vetri-sparse/_spmv_10.dfy(28,0): Error: a postcondition could not be proved on this return path
   |
28 | {
   | ^

datset/vetri-sparse/_spmv_10.dfy(27,10): Related location: this is the postcondition that could not be proved
   |
27 |   ensures forall i :: 0 <= i < y.Length ==> y[i] == sum(X_val, X_crd, v, X_pos[i], X_pos[i + 1])
   |           ^^^^^^^^^^^^^^^^^^^^^^^^^^^^^^^^^^^^^^^^^^^^^^^^^^^^^^^^^^^^^^^^^^^^^^^^^^^^^^^^^^^^^^

datset/vetri-sparse/_spmv_10.dfy(39,18): Error: this loop invariant could not be proved on entry
   |
39 |       invariant k <= X_pos[n + 1]
   |                   ^^

datset/vetri-sparse/_spmv_10.dfy(39,18): Related message: loop invariant violation
   |
39 |       invariant k <= X_pos[n + 1]
   |                   ^^

datset/vetri-sparse/_spmv_10.dfy(39,21): Error: index out of range
   |
39 |       invariant k <= X_pos[n + 1]
   |                           ^^^^^^^

datset/vetri-sparse/_spmv_10.dfy(42,16): Error: index out of range
   |
42 |       invariant y[n] + sum(X_val, X_crd, v, k, X_pos[n + 1]) == sum(X_val, X_crd, v, X_pos[n], X_pos[n + 1])
   |                  ^^^

datset/vetri-sparse/_spmv_10.dfy(42,47): Error: index out of range
   |
42 |       invariant y[n] + sum(X_val, X_crd, v, k, X_pos[n + 1]) == sum(X_val, X_crd, v, X_pos[n], X_pos[n + 1])
   |                                                     ^^^^^^^


Dafny program verifier finished with 3 verified, 5 errors
