datset/vetri-sparse/_spmspv_61.dfy(57,15): Error: variable 'pX_end', which is subject to definite-assignment rules, might be uninitialized here
   |
57 |     while kX < pX_end && kV < pV_end
   |                ^^^^^^

datset/vetri-sparse/_spmspv_61.dfy(58,28): Error: this loop invariant could not be proved on entry
   |
58 |       invariant X_pos[n] <= kX <= pX_end
   |                             ^^^^^^^^^^^^

datset/vetri-sparse/_spmspv_61.dfy(58,28): Related message: loop invariant violation
   |
58 |       invariant X_pos[n] <= kX <= pX_end
   |                             ^^^^^^^^^^^^

datset/vetri-sparse/_spmspv_61.dfy(58,34): Error: variable 'pX_end', which is subject to definite-assignment rules, might be uninitialized here
   |
58 |       invariant X_pos[n] <= kX <= pX_end
   |                                   ^^^^^^

datset/vetri-sparse/_spmspv_61.dfy(62,23): Error: function precondition could not be proved
   |
62 |       invariant y[n] + sum(X_val, X_crd, v_val, v_crd, kX, kV, pX_end, pV_end) == sum(X_val, X_crd, v_val, v_crd, X_pos[n], 0, pX_end, pV_end)
   |                        ^^^^^^^^^^^^^^^^^^^^^^^^^^^^^^^^^^^^^^^^^^^^^^^^^^^^^^^

datset/vetri-sparse/_spmspv_61.dfy(6,11): Related location
  |
6 |   requires pX_end <= X_crd.Length
  |            ^^^^^^^^^^^^^^^^^^^^^^

datset/vetri-sparse/_spmspv_61.dfy(62,23): Error: function precondition could not be proved
   |
62 |       invariant y[n] + sum(X_val, X_crd, v_val, v_crd, kX, kV, pX_end, pV_end) == sum(X_val, X_crd, v_val, v_crd, X_pos[n], 0, pX_end, pV_end)
   |                        ^^^^^^^^^^^^^^^^^^^^^^^^^^^^^^^^^^^^^^^^^^^^^^^^^^^^^^^

datset/vetri-sparse/_spmspv_61.dfy(7,16): Related location
  |
7 |   requires 0 <= kX <= X_crd.Length
  |                 ^^^^^^^^^^^^^^^^^^


Dafny program verifier finished with 3 verified, 5 errors
