Not legacy result
datset/from dafny main repo/dafny1/_BinaryTree_36.dfy(62,2): Error: a postcondition could not be proved on this return path
   |
62 |   {
   |   ^

datset/from dafny main repo/dafny1/_BinaryTree_36.dfy(59,36): Related location: this is the postcondition that could not be proved
   |
59 |     ensures n != null ==> m == n && n.Contents == old(n.Contents) + {x}
   |                                     ^^^^^^^^^^^^^^^^^^^^^^^^^^^^^^^^^^^

datset/from dafny main repo/dafny1/_BinaryTree_36.dfy(62,2): Error: a postcondition could not be proved on this return path
   |
62 |   {
   |   ^

datset/from dafny main repo/dafny1/_BinaryTree_36.dfy(57,14): Related location: this is the postcondition that could not be proved
   |
57 |     ensures m.Valid()
   |               ^^^^^^^

datset/from dafny main repo/dafny1/_BinaryTree_36.dfy(144,6): Related location
    |
144 |       Contents == left.Contents + {data} + right.Contents)
    |       ^^^^^^^^^^^^^^^^^^^^^^^^^^^^^^^^^^^^^^^^^^^^^^^^^^^

datset/from dafny main repo/dafny1/_BinaryTree_36.dfy(62,2): Error: a postcondition could not be proved on this return path
   |
62 |   {
   |   ^

datset/from dafny main repo/dafny1/_BinaryTree_36.dfy(57,14): Related location: this is the postcondition that could not be proved
   |
57 |     ensures m.Valid()
   |               ^^^^^^^

datset/from dafny main repo/dafny1/_BinaryTree_36.dfy(137,6): Related location
    |
137 |       Contents == left.Contents + {data}) &&
    |       ^^^^^^^^^^^^^^^^^^^^^^^^^^^^^^^^^

datset/from dafny main repo/dafny1/_BinaryTree_36.dfy(62,2): Error: a postcondition could not be proved on this return path
   |
62 |   {
   |   ^

datset/from dafny main repo/dafny1/_BinaryTree_36.dfy(57,14): Related location: this is the postcondition that could not be proved
   |
57 |     ensures m.Valid()
   |               ^^^^^^^

datset/from dafny main repo/dafny1/_BinaryTree_36.dfy(140,6): Related location
    |
140 |       Contents == {data} + right.Contents) &&
    |       ^^^^^^^^^^^^^^^^^^^^^^^^^^^^^^^^^^^


Dafny program verifier finished with 18 verified, 4 errors
