Not legacy result
datset/from dafny main repo/dafny1/_BinaryTree_158.dfy(226,2): Error: a postcondition could not be proved on this return path
    |
226 |   {
    |   ^

datset/from dafny main repo/dafny1/_BinaryTree_158.dfy(223,50): Related location: this is the postcondition that could not be proved
    |
223 |     ensures node != null ==> node.Repr <= Repr && node.Contents == old(Contents) - {min}
    |                                                   ^^^^^^^^^^^^^^^^^^^^^^^^^^^^^^^^^^^^^^

datset/from dafny main repo/dafny1/_BinaryTree_158.dfy(226,2): Error: a postcondition could not be proved on this return path
    |
226 |   {
    |   ^

datset/from dafny main repo/dafny1/_BinaryTree_158.dfy(221,34): Related location: this is the postcondition that could not be proved
    |
221 |     ensures node != null ==> node.Valid()
    |                                   ^^^^^^^

datset/from dafny main repo/dafny1/_BinaryTree_158.dfy(137,6): Related location
    |
137 |       Contents == left.Contents + {data}) &&
    |       ^^^^^^^^^^^^^^^^^^^^^^^^^^^^^^^^^

datset/from dafny main repo/dafny1/_BinaryTree_158.dfy(226,2): Error: a postcondition could not be proved on this return path
    |
226 |   {
    |   ^

datset/from dafny main repo/dafny1/_BinaryTree_158.dfy(221,34): Related location: this is the postcondition that could not be proved
    |
221 |     ensures node != null ==> node.Valid()
    |                                   ^^^^^^^

datset/from dafny main repo/dafny1/_BinaryTree_158.dfy(134,6): Related location
    |
134 |       Contents == {data}) &&
    |       ^^^^^^^^^^^^^^^^^

datset/from dafny main repo/dafny1/_BinaryTree_158.dfy(226,2): Error: a postcondition could not be proved on this return path
    |
226 |   {
    |   ^

datset/from dafny main repo/dafny1/_BinaryTree_158.dfy(221,34): Related location: this is the postcondition that could not be proved
    |
221 |     ensures node != null ==> node.Valid()
    |                                   ^^^^^^^

datset/from dafny main repo/dafny1/_BinaryTree_158.dfy(144,6): Related location
    |
144 |       Contents == left.Contents + {data} + right.Contents)
    |       ^^^^^^^^^^^^^^^^^^^^^^^^^^^^^^^^^^^^^^^^^^^^^^^^^^^

datset/from dafny main repo/dafny1/_BinaryTree_158.dfy(226,2): Error: a postcondition could not be proved on this return path
    |
226 |   {
    |   ^

datset/from dafny main repo/dafny1/_BinaryTree_158.dfy(221,34): Related location: this is the postcondition that could not be proved
    |
221 |     ensures node != null ==> node.Valid()
    |                                   ^^^^^^^

datset/from dafny main repo/dafny1/_BinaryTree_158.dfy(140,6): Related location
    |
140 |       Contents == {data} + right.Contents) &&
    |       ^^^^^^^^^^^^^^^^^^^^^^^^^^^^^^^^^^^


Dafny program verifier finished with 18 verified, 5 errors
