Not legacy result
datset/from dafny main repo/dafny1/_BinaryTree_100.dfy(182,2): Error: a postcondition could not be proved on this return path
    |
182 |   {
    |   ^

datset/from dafny main repo/dafny1/_BinaryTree_100.dfy(178,34): Related location: this is the postcondition that could not be proved
    |
178 |     ensures node != null ==> node.Valid()
    |                                   ^^^^^^^

datset/from dafny main repo/dafny1/_BinaryTree_100.dfy(144,6): Related location
    |
144 |       Contents == left.Contents + {data} + right.Contents)
    |       ^^^^^^^^^^^^^^^^^^^^^^^^^^^^^^^^^^^^^^^^^^^^^^^^^^^

datset/from dafny main repo/dafny1/_BinaryTree_100.dfy(182,2): Error: a postcondition could not be proved on this return path
    |
182 |   {
    |   ^

datset/from dafny main repo/dafny1/_BinaryTree_100.dfy(178,34): Related location: this is the postcondition that could not be proved
    |
178 |     ensures node != null ==> node.Valid()
    |                                   ^^^^^^^

datset/from dafny main repo/dafny1/_BinaryTree_100.dfy(140,6): Related location
    |
140 |       Contents == {data} + right.Contents) &&
    |       ^^^^^^^^^^^^^^^^^^^^^^^^^^^^^^^^^^^

datset/from dafny main repo/dafny1/_BinaryTree_100.dfy(182,2): Error: a postcondition could not be proved on this return path
    |
182 |   {
    |   ^

datset/from dafny main repo/dafny1/_BinaryTree_100.dfy(180,50): Related location: this is the postcondition that could not be proved
    |
180 |     ensures node != null ==> node.Repr <= Repr && node.Contents == old(Contents) - {x}
    |                                                   ^^^^^^^^^^^^^^^^^^^^^^^^^^^^^^^^^^^^

datset/from dafny main repo/dafny1/_BinaryTree_100.dfy(192,15): Error: target object might be null
    |
192 |       var t := right.Remove(x);
    |                ^^^^^


Dafny program verifier finished with 18 verified, 4 errors
