Not legacy result
datset/from dafny main repo/dafny1/_BinaryTree_12.dfy(47,2): Error: a postcondition could not be proved on this return path
   |
47 |   {
   |   ^

datset/from dafny main repo/dafny1/_BinaryTree_12.dfy(45,12): Related location: this is the postcondition that could not be proved
   |
45 |     ensures Valid() && fresh(Repr - old(Repr))
   |             ^^^^^^^

datset/from dafny main repo/dafny1/_BinaryTree_12.dfy(18,6): Related location
   |
18 |       root.Repr <= Repr &&
   |       ^^^^^^^^^^^^^^^^^

datset/from dafny main repo/dafny1/_BinaryTree_12.dfy(47,2): Error: a postcondition could not be proved on this return path
   |
47 |   {
   |   ^

datset/from dafny main repo/dafny1/_BinaryTree_12.dfy(45,12): Related location: this is the postcondition that could not be proved
   |
45 |     ensures Valid() && fresh(Repr - old(Repr))
   |             ^^^^^^^

datset/from dafny main repo/dafny1/_BinaryTree_12.dfy(17,6): Related location
   |
17 |       root in Repr &&
   |       ^^^^^^^^^^^^


Dafny program verifier finished with 18 verified, 2 errors
