Not legacy result
datset/from dafny main repo/dafny1/_BinaryTree_25.dfy(62,2): Error: a postcondition could not be proved on this return path
   |
62 |   {
   |   ^

datset/from dafny main repo/dafny1/_BinaryTree_25.dfy(57,14): Related location: this is the postcondition that could not be proved
   |
57 |     ensures m.Valid()
   |               ^^^^^^^

datset/from dafny main repo/dafny1/_BinaryTree_25.dfy(130,6): Related location
    |
130 |       Contents == {data}) &&
    |       ^^^^^^^^^^^^^^^^^

datset/from dafny main repo/dafny1/_BinaryTree_25.dfy(62,2): Error: a postcondition could not be proved on this return path
   |
62 |   {
   |   ^

datset/from dafny main repo/dafny1/_BinaryTree_25.dfy(57,14): Related location: this is the postcondition that could not be proved
   |
57 |     ensures m.Valid()
   |               ^^^^^^^

datset/from dafny main repo/dafny1/_BinaryTree_25.dfy(136,6): Related location
    |
136 |       Contents == {data} + right.Contents) &&
    |       ^^^^^^^^^^^^^^^^^^^^^^^^^^^^^^^^^^^

datset/from dafny main repo/dafny1/_BinaryTree_25.dfy(62,2): Error: a postcondition could not be proved on this return path
   |
62 |   {
   |   ^

datset/from dafny main repo/dafny1/_BinaryTree_25.dfy(57,14): Related location: this is the postcondition that could not be proved
   |
57 |     ensures m.Valid()
   |               ^^^^^^^

datset/from dafny main repo/dafny1/_BinaryTree_25.dfy(140,6): Related location
    |
140 |       Contents == left.Contents + {data} + right.Contents)
    |       ^^^^^^^^^^^^^^^^^^^^^^^^^^^^^^^^^^^^^^^^^^^^^^^^^^^

datset/from dafny main repo/dafny1/_BinaryTree_25.dfy(62,2): Error: a postcondition could not be proved on this return path
   |
62 |   {
   |   ^

datset/from dafny main repo/dafny1/_BinaryTree_25.dfy(57,14): Related location: this is the postcondition that could not be proved
   |
57 |     ensures m.Valid()
   |               ^^^^^^^

datset/from dafny main repo/dafny1/_BinaryTree_25.dfy(133,6): Related location
    |
133 |       Contents == left.Contents + {data}) &&
    |       ^^^^^^^^^^^^^^^^^^^^^^^^^^^^^^^^^


Dafny program verifier finished with 18 verified, 4 errors
