Not legacy result
datset/from dafny main repo/dafny1/_ExtensibleArrayAuto_50.dfy(67,14): Error: a postcondition could not be proved on this return path
   |
67 |   constructor Init()
   |               ^^^^

datset/from dafny main repo/dafny1/_ExtensibleArrayAuto_50.dfy(67,14): Related location: this is the postcondition that could not be proved
   |
67 |   constructor Init()
   |               ^^^^

datset/from dafny main repo/dafny1/_ExtensibleArrayAuto_50.dfy(39,5): Related location
   |
39 |     ((elements == null && more == null && Contents == []) || (elements != null && elements.Length == 256)) &&
   |      ^^^^^^^^^^^^^^^^^^^^^^^^^^^^^^^^^^^^^^^^^^^^^^^^^^^^^^^^^^^^^^^^^^^^^^^^^^^^^^^^^^^^^^^^^^^^^^^^^^^^

datset/from dafny main repo/dafny1/_ExtensibleArrayAuto_50.dfy(67,14): Error: a postcondition could not be proved on this return path
   |
67 |   constructor Init()
   |               ^^^^

datset/from dafny main repo/dafny1/_ExtensibleArrayAuto_50.dfy(68,12): Related location: this is the postcondition that could not be proved
   |
68 |     ensures Contents == []
   |             ^^^^^^^^^^^^^^


Dafny program verifier finished with 8 verified, 2 errors
