Not legacy result
datset/from dafny main repo/dafny1/_ExtensibleArray_52.dfy(79,2): Error: a postcondition could not be proved on this return path
   |
79 |   {
   |   ^

datset/from dafny main repo/dafny1/_ExtensibleArray_52.dfy(77,12): Related location: this is the postcondition that could not be proved
   |
77 |     ensures Valid() && fresh(Repr)
   |             ^^^^^^^

datset/from dafny main repo/dafny1/_ExtensibleArray_52.dfy(44,5): Related location
   |
44 |     ((elements == null && more == null && Contents == []) || (elements != null && elements.Length == 256 && elements in Repr)) &&
   |      ^^^^^^^^^^^^^^^^^^^^^^^^^^^^^^^^^^^^^^^^^^^^^^^^^^^^^^^^^^^^^^^^^^^^^^^^^^^^^^^^^^^^^^^^^^^^^^^^^^^^^^^^^^^^^^^^^^^^^^^^

datset/from dafny main repo/dafny1/_ExtensibleArray_52.dfy(79,2): Error: a postcondition could not be proved on this return path
   |
79 |   {
   |   ^

datset/from dafny main repo/dafny1/_ExtensibleArray_52.dfy(77,12): Related location: this is the postcondition that could not be proved
   |
77 |     ensures Valid() && fresh(Repr)
   |             ^^^^^^^

datset/from dafny main repo/dafny1/_ExtensibleArray_52.dfy(63,4): Related location
   |
63 |     M == (if more == null then 0 else 256 * |more.Contents|) &&
   |     ^^^^^^^^^^^^^^^^^^^^^^^^^^^^^^^^^^^^^^^^^^^^^^^^^^^^^^^

datset/from dafny main repo/dafny1/_ExtensibleArray_52.dfy(79,2): Error: a postcondition could not be proved on this return path
   |
79 |   {
   |   ^

datset/from dafny main repo/dafny1/_ExtensibleArray_52.dfy(77,12): Related location: this is the postcondition that could not be proved
   |
77 |     ensures Valid() && fresh(Repr)
   |             ^^^^^^^

datset/from dafny main repo/dafny1/_ExtensibleArray_52.dfy(64,4): Related location
   |
64 |     0 <= length <= M + 256 &&
   |     ^^^^^^^^^^^

datset/from dafny main repo/dafny1/_ExtensibleArray_52.dfy(79,2): Error: a postcondition could not be proved on this return path
   |
79 |   {
   |   ^

datset/from dafny main repo/dafny1/_ExtensibleArray_52.dfy(77,12): Related location: this is the postcondition that could not be proved
   |
77 |     ensures Valid() && fresh(Repr)
   |             ^^^^^^^

datset/from dafny main repo/dafny1/_ExtensibleArray_52.dfy(64,9): Related location
   |
64 |     0 <= length <= M + 256 &&
   |          ^^^^^^^^^^^^^^^^^

datset/from dafny main repo/dafny1/_ExtensibleArray_52.dfy(79,2): Error: a postcondition could not be proved on this return path
   |
79 |   {
   |   ^

datset/from dafny main repo/dafny1/_ExtensibleArray_52.dfy(77,12): Related location: this is the postcondition that could not be proved
   |
77 |     ensures Valid() && fresh(Repr)
   |             ^^^^^^^

datset/from dafny main repo/dafny1/_ExtensibleArray_52.dfy(67,4): Related location
   |
67 |     length == |Contents| &&
   |     ^^^^^^^^^^^^^^^^^^^


Dafny program verifier finished with 8 verified, 5 errors
