Not legacy result
datset/from dafny main repo/dafny1/_FindZero_16.dfy(12,14): Error: this invariant could not be proved to be maintained by the loop
   |
12 |     invariant forall i :: 0 <= i < n && i < a.Length ==> a[i] != 0
   |               ^^^^^^

datset/from dafny main repo/dafny1/_FindZero_16.dfy(12,14): Related message: loop invariant violation
   |
12 |     invariant forall i :: 0 <= i < n && i < a.Length ==> a[i] != 0
   |               ^^^^^^

datset/from dafny main repo/dafny1/_FindZero_16.dfy(15,6): Error: out-parameter 'r', which is subject to definite-assignment rules, might be uninitialized at this return point
   |
15 |       return;
   |       ^^^^^^

datset/from dafny main repo/dafny1/_FindZero_16.dfy(15,6): Error: a postcondition could not be proved on this return path
   |
15 |       return;
   |       ^^^^^^

datset/from dafny main repo/dafny1/_FindZero_16.dfy(7,21): Related location: this is the postcondition that could not be proved
  |
7 |   ensures 0 <= r ==> r < a.Length && a[r] == 0
  |                      ^^^^^^^^^^^^

datset/from dafny main repo/dafny1/_FindZero_16.dfy(15,6): Error: a postcondition could not be proved on this return path
   |
15 |       return;
   |       ^^^^^^

datset/from dafny main repo/dafny1/_FindZero_16.dfy(7,37): Related location: this is the postcondition that could not be proved
  |
7 |   ensures 0 <= r ==> r < a.Length && a[r] == 0
  |                                      ^^^^^^^^^

datset/from dafny main repo/dafny1/_FindZero_16.dfy(15,6): Error: a postcondition could not be proved on this return path
   |
15 |       return;
   |       ^^^^^^

datset/from dafny main repo/dafny1/_FindZero_16.dfy(8,20): Related location: this is the postcondition that could not be proved
  |
8 |   ensures r < 0 ==> forall i :: 0 <= i < a.Length ==> a[i] != 0
  |                     ^^^^^^^^^^^^^^^^^^^^^^^^^^^^^^^^^^^^^^^^^^^


Dafny program verifier finished with 7 verified, 5 errors
