Not legacy result
datset/from dafny main repo/dafny1/_ListContents_11.dfy(36,2): Error: a postcondition could not be proved on this return path
   |
36 |   {
   |   ^

datset/from dafny main repo/dafny1/_ListContents_11.dfy(34,12): Related location: this is the postcondition that could not be proved
   |
34 |     ensures Valid() && fresh(Repr - succ.Repr)
   |             ^^^^^^^

datset/from dafny main repo/dafny1/_ListContents_11.dfy(20,6): Related location
   |
20 |       List == [data] + next.List &&
   |       ^^^^^^^^^^^^^^^^^^^^^^^^^^

datset/from dafny main repo/dafny1/_ListContents_11.dfy(36,2): Error: a postcondition could not be proved on this return path
   |
36 |   {
   |   ^

datset/from dafny main repo/dafny1/_ListContents_11.dfy(35,12): Related location: this is the postcondition that could not be proved
   |
35 |     ensures List == [d] + succ.List
   |             ^^^^^^^^^^^^^^^^^^^^^^^


Dafny program verifier finished with 9 verified, 2 errors
