Not legacy result
datset/from dafny main repo/dafny1/_MatrixFun_5.dfy(9,2): Error: a postcondition could not be proved on this return path
  |
9 |   while a >= m.Length0
  |   ^^^^^

datset/from dafny main repo/dafny1/_MatrixFun_5.dfy(6,10): Related location: this is the postcondition that could not be proved
  |
6 |   ensures forall i, j :: 0 <= i < m.Length0 && 0 <= j < m.Length1 ==> m[i, j] == old(m[i, m.Length1 - 1 - j])
  |           ^^^^^^^^^^^^^^^^^^^^^^^^^^^^^^^^^^^^^^^^^^^^^^^^^^^^^^^^^^^^^^^^^^^^^^^^^^^^^^^^^^^^^^^^^^^^^^^^^^^

datset/from dafny main repo/dafny1/_MatrixFun_5.dfy(18,50): Error: index 0 out of range
   |
18 |       invariant forall j :: 0 <= j && j < b ==> m[a, j] == old(m[a, m.Length1 - 1 - j]) && old(m[a, j]) == m[a, m.Length1 - 1 - j]
   |                                                   ^

datset/from dafny main repo/dafny1/_MatrixFun_5.dfy(18,65): Error: index 0 out of range
   |
18 |       invariant forall j :: 0 <= j && j < b ==> m[a, j] == old(m[a, m.Length1 - 1 - j]) && old(m[a, j]) == m[a, m.Length1 - 1 - j]
   |                                                                  ^

datset/from dafny main repo/dafny1/_MatrixFun_5.dfy(18,97): Error: index 0 out of range
   |
18 |       invariant forall j :: 0 <= j && j < b ==> m[a, j] == old(m[a, m.Length1 - 1 - j]) && old(m[a, j]) == m[a, m.Length1 - 1 - j]
   |                                                                                                  ^

datset/from dafny main repo/dafny1/_MatrixFun_5.dfy(18,109): Error: index 0 out of range
   |
18 |       invariant forall j :: 0 <= j && j < b ==> m[a, j] == old(m[a, m.Length1 - 1 - j]) && old(m[a, j]) == m[a, m.Length1 - 1 - j]
   |                                                                                                              ^


Dafny program verifier finished with 5 verified, 5 errors
