Not legacy result
datset/from dafny main repo/dafny1/_PriorityQueue_66.dfy(95,16): Error: this invariant could not be proved to be maintained by the loop
   |
95 |       invariant forall j :: 2 <= j <= n && j / 2 != i ==> a[j / 2] <= a[j]
   |                 ^^^^^^

datset/from dafny main repo/dafny1/_PriorityQueue_66.dfy(95,16): Related message: loop invariant violation
   |
95 |       invariant forall j :: 2 <= j <= n && j / 2 != i ==> a[j / 2] <= a[j]
   |                 ^^^^^^

datset/from dafny main repo/dafny1/_PriorityQueue_66.dfy(104,17): Error: index out of range
    |
104 |       if a[i] <= a[smallestChild] {
    |                   ^^^^^^^^^^^^^^^

datset/from dafny main repo/dafny1/_PriorityQueue_66.dfy(105,8): Error: a postcondition could not be proved on this return path
    |
105 |         return;
    |         ^^^^^^

datset/from dafny main repo/dafny1/_PriorityQueue_66.dfy(90,12): Related location: this is the postcondition that could not be proved
   |
90 |     ensures Valid()
   |             ^^^^^^^

datset/from dafny main repo/dafny1/_PriorityQueue_66.dfy(14,4): Related location
   |
14 |     forall j :: 
   |     ^^^^^^^^^^^^


Dafny program verifier finished with 21 verified, 3 errors
