Not legacy result
datset/from dafny main repo/dafny1/_PriorityQueue_195.dfy(202,16): Error: this invariant could not be proved to be maintained by the loop
    |
202 |       invariant forall j :: 2 <= j <= n && j / 2 != i ==> a[j / 2] <= a[j]
    |                 ^^^^^^

datset/from dafny main repo/dafny1/_PriorityQueue_195.dfy(202,16): Related message: loop invariant violation
    |
202 |       invariant forall j :: 2 <= j <= n && j / 2 != i ==> a[j / 2] <= a[j]
    |                 ^^^^^^

datset/from dafny main repo/dafny1/_PriorityQueue_195.dfy(206,30): Error: index out of range
    |
206 |       if (2 * i + 1 <= n) == (a[2 * i + 1] < a[2 * i]) {
    |                                ^^^^^^^^^^^

datset/from dafny main repo/dafny1/_PriorityQueue_195.dfy(212,8): Error: a postcondition could not be proved on this return path
    |
212 |         return;
    |         ^^^^^^

datset/from dafny main repo/dafny1/_PriorityQueue_195.dfy(197,12): Related location: this is the postcondition that could not be proved
    |
197 |     ensures Valid()
    |             ^^^^^^^

datset/from dafny main repo/dafny1/_PriorityQueue_195.dfy(124,4): Related location
    |
124 |     forall j :: 
    |     ^^^^^^^^^^^^


Dafny program verifier finished with 21 verified, 3 errors
