Not legacy result
datset/from dafny main repo/dafny1/_PriorityQueue_3.dfy(31,2): Error: a postcondition could not be proved on this return path
   |
31 |   {
   |   ^

datset/from dafny main repo/dafny1/_PriorityQueue_3.dfy(29,12): Related location: this is the postcondition that could not be proved
   |
29 |     ensures Valid() && fresh(Repr)
   |             ^^^^^^^

datset/from dafny main repo/dafny1/_PriorityQueue_3.dfy(13,4): Related location
   |
13 |     MostlyValid() &&
   |     ^^^^^^^^^^^^^

datset/from dafny main repo/dafny1/_PriorityQueue_3.dfy(24,4): Related location
   |
24 |     a.Length == N + 1 &&
   |     ^^^^^^^^^^^^^^^^^

datset/from dafny main repo/dafny1/_PriorityQueue_3.dfy(31,2): Error: a postcondition could not be proved on this return path
   |
31 |   {
   |   ^

datset/from dafny main repo/dafny1/_PriorityQueue_3.dfy(30,12): Related location: this is the postcondition that could not be proved
   |
30 |     ensures N == capacity
   |             ^^^^^^^^^^^^^


Dafny program verifier finished with 21 verified, 2 errors
