Not legacy result
datset/from dafny main repo/dafny1/_PriorityQueue_185.dfy(200,4): Error: a postcondition could not be proved on this return path
    |
200 |     while 2 * i > n
    |     ^^^^^

datset/from dafny main repo/dafny1/_PriorityQueue_185.dfy(197,12): Related location: this is the postcondition that could not be proved
    |
197 |     ensures Valid()
    |             ^^^^^^^

datset/from dafny main repo/dafny1/_PriorityQueue_185.dfy(124,4): Related location
    |
124 |     forall j :: 
    |     ^^^^^^^^^^^^

datset/from dafny main repo/dafny1/_PriorityQueue_185.dfy(200,4): Error: cannot prove termination; try supplying a decreases clause for the loop
    |
200 |     while 2 * i > n
    |     ^^^^^

datset/from dafny main repo/dafny1/_PriorityQueue_185.dfy(211,9): Error: index out of range
    |
211 |       if a[i] <= a[smallestChild] {
    |           ^^^

datset/from dafny main repo/dafny1/_PriorityQueue_185.dfy(211,17): Error: index out of range
    |
211 |       if a[i] <= a[smallestChild] {
    |                   ^^^^^^^^^^^^^^^


Dafny program verifier finished with 21 verified, 4 errors
