Not legacy result
datset/from dafny main repo/dafny1/_SeparationLogicList_39.dfy(79,2): Error: a postcondition could not be proved on this return path
   |
79 |   {
   |   ^

datset/from dafny main repo/dafny1/_SeparationLogicList_39.dfy(76,12): Related location: this is the postcondition that could not be proved
   |
76 |     ensures IsList(l)
   |             ^^^^^^^^^

datset/from dafny main repo/dafny1/_SeparationLogicList_39.dfy(55,6): Related location
   |
55 |       l.Contents == [l.data]
   |       ^^^^^^^^^^^^^^^^^^^^^

datset/from dafny main repo/dafny1/_SeparationLogicList_39.dfy(79,2): Error: a postcondition could not be proved on this return path
   |
79 |   {
   |   ^

datset/from dafny main repo/dafny1/_SeparationLogicList_39.dfy(76,12): Related location: this is the postcondition that could not be proved
   |
76 |     ensures IsList(l)
   |             ^^^^^^^^^

datset/from dafny main repo/dafny1/_SeparationLogicList_39.dfy(57,31): Related location
   |
57 |       {l, l.next} <= l.Repr && l.Contents == [l.data] + l.next.Contents && l.next.Repr <= l.Repr - {l} && IsList(l.next)
   |                                ^^^^^^^^^^^^^^^^^^^^^^^^^^^^^^^^^^^^^^^^


Dafny program verifier finished with 12 verified, 2 errors
