Not legacy result
datset/from dafny main repo/dafny1/_SeparationLogicList_35.dfy(79,2): Error: a postcondition could not be proved on this return path
   |
79 |   {
   |   ^

datset/from dafny main repo/dafny1/_SeparationLogicList_35.dfy(76,12): Related location: this is the postcondition that could not be proved
   |
76 |     ensures IsList(l)
   |             ^^^^^^^^^

datset/from dafny main repo/dafny1/_SeparationLogicList_35.dfy(54,6): Related location
   |
54 |       l in l.Repr &&
   |       ^^^^^^^^^^^

datset/from dafny main repo/dafny1/_SeparationLogicList_35.dfy(79,2): Error: a postcondition could not be proved on this return path
   |
79 |   {
   |   ^

datset/from dafny main repo/dafny1/_SeparationLogicList_35.dfy(77,50): Related location: this is the postcondition that could not be proved
   |
77 |     ensures tail == null ==> l.Contents == [x] && fresh({l} + l.Repr)
   |                                                   ^^^^^^^^^^^^^^^^^^^


Dafny program verifier finished with 12 verified, 2 errors
