Not legacy result
datset/from dafny main repo/dafny1/_SeparationLogicList_46.dfy(111,2): Error: a postcondition could not be proved on this return path
    |
111 |   {
    |   ^

datset/from dafny main repo/dafny1/_SeparationLogicList_46.dfy(110,12): Related location: this is the postcondition that could not be proved
    |
110 |     ensures IsList() && Contents == [] && fresh(Repr)
    |             ^^^^^^^^

datset/from dafny main repo/dafny1/_SeparationLogicList_46.dfy(105,9): Related location
    |
105 |     head.IsWellFormed() &&
    |          ^^^^^^^^^^^^^^

datset/from dafny main repo/dafny1/_SeparationLogicList_46.dfy(150,6): Related location
    |
150 |       next in Repr &&
    |       ^^^^^^^^^^^^

datset/from dafny main repo/dafny1/_SeparationLogicList_46.dfy(111,2): Error: a postcondition could not be proved on this return path
    |
111 |   {
    |   ^

datset/from dafny main repo/dafny1/_SeparationLogicList_46.dfy(110,12): Related location: this is the postcondition that could not be proved
    |
110 |     ensures IsList() && Contents == [] && fresh(Repr)
    |             ^^^^^^^^

datset/from dafny main repo/dafny1/_SeparationLogicList_46.dfy(105,9): Related location
    |
105 |     head.IsWellFormed() &&
    |          ^^^^^^^^^^^^^^

datset/from dafny main repo/dafny1/_SeparationLogicList_46.dfy(152,6): Related location
    |
152 |       this !in next.Repr &&
    |       ^^^^^^^^^^^^^^^^^^


Dafny program verifier finished with 12 verified, 2 errors
