datset/NonlinearArithmetic/_DivMod_256.dfy(1469,4): Warning: For expression "d * k > 0":
   /!\ No trigger covering all quantified variables found.
     |
1469 |     forall x: int, k: int, d: int | 1 < d && 0 < k
     |     ^^^^^^

datset/NonlinearArithmetic/_DivMod_256.dfy(1509,4): Warning: For expression "0 < a * b":
   /!\ No trigger covering all quantified variables found.
     |
1509 |     forall x: int, a: int, b: int | 0 < a && 0 < b
     |     ^^^^^^

datset/NonlinearArithmetic/_DivMod_256.dfy(1481,2): Error: a postcondition could not be proved on this return path
     |
1481 |   {
     |   ^

datset/NonlinearArithmetic/_DivMod_256.dfy(1479,12): Related location: this is the postcondition that could not be proved
     |
1479 |     ensures 0 < a * b
     |             ^^^^^^^^^

datset/NonlinearArithmetic/_DivMod_256.dfy(1485,8): Error: a precondition for this call could not be proved
     |
1485 |         LemmaFundamentalDivMod(x, a * b);
     |         ^^^^^^^^^^^^^^^^^^^^^^^^^^^^^^^^^

datset/NonlinearArithmetic/_DivMod_256.dfy(437,13): Related location: this is the precondition that could not be proved
    |
437 |     requires d != 0
    |              ^^^^^^

datset/NonlinearArithmetic/_DivMod_256.dfy(1503,46): Error: possible division by zero
     |
1503 |     LemmaFundamentalDivModConverse(x, a, b * (x / (a * b)) + x % (a * b) / a, x % (a * b) % a);
     |                                                 ^^^^^^^^^


Dafny program verifier finished with 242 verified, 3 errors
