Not legacy result
datset/algorithms and leetcode/lib/_seq_52.dfy(115,2): Error: a postcondition could not be proved on this return path
    |
115 |   {
    |   ^

datset/algorithms and leetcode/lib/_seq_52.dfy(114,12): Related location: this is the postcondition that could not be proved
    |
114 |     ensures IsSuffix(reverse(reverse(xs)), reverse(reverse(ys)))
    |             ^^^^^^^^^^^^^^^^^^^^^^^^^^^^^^^^^^^^^^^^^^^^^^^^^^^^

datset/algorithms and leetcode/lib/_seq_52.dfy(80,4): Related location
   |
80 |     xs == ys[|ys| - |xs|..]
   |     ^^^^^^^^^^^^^^^^^^^^^^^

datset/algorithms and leetcode/lib/_seq_52.dfy(115,2): Error: a postcondition could not be proved on this return path
    |
115 |   {
    |   ^

datset/algorithms and leetcode/lib/_seq_52.dfy(114,12): Related location: this is the postcondition that could not be proved
    |
114 |     ensures IsSuffix(reverse(reverse(xs)), reverse(reverse(ys)))
    |             ^^^^^^^^^^^^^^^^^^^^^^^^^^^^^^^^^^^^^^^^^^^^^^^^^^^^

datset/algorithms and leetcode/lib/_seq_52.dfy(79,4): Related location
   |
79 |     |xs| <= |ys| &&
   |     ^^^^^^^^^^^


Dafny program verifier finished with 51 verified, 2 errors
