datset/vetri-sparse/_dspmspv_5.dfy(80,0): Error: a postcondition could not be proved on this return path
   |
80 | {
   | ^

datset/vetri-sparse/_dspmspv_5.dfy(79,10): Related location: this is the postcondition that could not be proved
   |
79 |   ensures forall i :: 0 <= i < y.Length ==> y[i] == if index(i, X_crd1) < X_crd1.Length then sum(X_val, X_crd, v_val, v_crd, X_pos[index(i, X_crd1)], 0, X_pos[index(i, X_crd1) + 1], v_val.Length) else 0
   |           ^^^^^^^^^^^^^^^^^^^^^^^^^^^^^^^^^^^^^^^^^^^^^^^^^^^^^^^^^^^^^^^^^^^^^^^^^^^^^^^^^^^^^^^^^^^^^^^^^^^^^^^^^^^^^^^^^^^^^^^^^^^^^^^^^^^^^^^^^^^^^^^^^^^^^^^^^^^^^^^^^^^^^^^^^^^^^^^^^^^^^^^^^^^^^^^^

datset/vetri-sparse/_dspmspv_5.dfy(97,14): Error: index out of range
   |
97 |     pX_end := X_pos[n + 1];
   |                    ^^^^^^^

datset/vetri-sparse/_dspmspv_5.dfy(105,16): Error: this loop invariant could not be proved on entry
    |
105 |       invariant y[X_crd1[n]] + sum(X_val, X_crd, v_val, v_crd, kX, kV, pX_end, pV_end) == sum(X_val, X_crd, v_val, v_crd, X_pos[n], 0, X_pos[n + 1], pV_end)
    |                 ^^^^^^^^^^^^^^^^^^^^^^^^^^^^^^^^^^^^^^^^^^^^^^^^^^^^^^^^^^^^^^^^^^^^^^^^^^^^^^^^^^^^^^^^^^^^^^^^^^^^^^^^^^^^^^^^^^^^^^^^^^^^^^^^^^^^^^^^^^^^

datset/vetri-sparse/_dspmspv_5.dfy(105,16): Related message: loop invariant violation
    |
105 |       invariant y[X_crd1[n]] + sum(X_val, X_crd, v_val, v_crd, kX, kV, pX_end, pV_end) == sum(X_val, X_crd, v_val, v_crd, X_pos[n], 0, X_pos[n + 1], pV_end)
    |                 ^^^^^^^^^^^^^^^^^^^^^^^^^^^^^^^^^^^^^^^^^^^^^^^^^^^^^^^^^^^^^^^^^^^^^^^^^^^^^^^^^^^^^^^^^^^^^^^^^^^^^^^^^^^^^^^^^^^^^^^^^^^^^^^^^^^^^^^^^^^^

datset/vetri-sparse/_dspmspv_5.dfy(105,16): Error: index out of range
    |
105 |       invariant y[X_crd1[n]] + sum(X_val, X_crd, v_val, v_crd, kX, kV, pX_end, pV_end) == sum(X_val, X_crd, v_val, v_crd, X_pos[n], 0, X_pos[n + 1], pV_end)
    |                  ^^^^^^^^^^^

datset/vetri-sparse/_dspmspv_5.dfy(105,18): Error: index out of range
    |
105 |       invariant y[X_crd1[n]] + sum(X_val, X_crd, v_val, v_crd, kX, kV, pX_end, pV_end) == sum(X_val, X_crd, v_val, v_crd, X_pos[n], 0, X_pos[n + 1], pV_end)
    |                         ^^^


Dafny program verifier finished with 7 verified, 5 errors
