datset/vetri-sparse/_spmspv_63.dfy(51,14): Error: this invariant could not be proved to be maintained by the loop
   |
51 |     invariant forall i :: 0 <= i < n ==> y[i] == sum(X_val, X_crd, v_val, v_crd, X_pos[i], 0, X_pos[i + 1], v_val.Length)
   |               ^^^^^^^^^^^^^^^^^^^^^^^^^^^^^^^^^^^^^^^^^^^^^^^^^^^^^^^^^^^^^^^^^^^^^^^^^^^^^^^^^^^^^^^^^^^^^^^^^^^^^^^^^^^

datset/vetri-sparse/_spmspv_63.dfy(51,14): Related message: loop invariant violation
   |
51 |     invariant forall i :: 0 <= i < n ==> y[i] == sum(X_val, X_crd, v_val, v_crd, X_pos[i], 0, X_pos[i + 1], v_val.Length)
   |               ^^^^^^^^^^^^^^^^^^^^^^^^^^^^^^^^^^^^^^^^^^^^^^^^^^^^^^^^^^^^^^^^^^^^^^^^^^^^^^^^^^^^^^^^^^^^^^^^^^^^^^^^^^^

datset/vetri-sparse/_spmspv_63.dfy(57,30): Error: variable 'pV_end', which is subject to definite-assignment rules, might be uninitialized here
   |
57 |     while kX < pX_end && kV < pV_end
   |                               ^^^^^^

datset/vetri-sparse/_spmspv_63.dfy(59,21): Error: this loop invariant could not be proved on entry
   |
59 |       invariant 0 <= kV <= pV_end
   |                      ^^^^^^^^^^^^

datset/vetri-sparse/_spmspv_63.dfy(59,21): Related message: loop invariant violation
   |
59 |       invariant 0 <= kV <= pV_end
   |                      ^^^^^^^^^^^^

datset/vetri-sparse/_spmspv_63.dfy(59,27): Error: variable 'pV_end', which is subject to definite-assignment rules, might be uninitialized here
   |
59 |       invariant 0 <= kV <= pV_end
   |                            ^^^^^^

datset/vetri-sparse/_spmspv_63.dfy(61,16): Error: this loop invariant could not be proved on entry
   |
61 |       invariant forall i :: 0 <= i < n ==> y[i] == sum(X_val, X_crd, v_val, v_crd, X_pos[i], 0, X_pos[i + 1], pV_end)
   |                 ^^^^^^^^^^^^^^^^^^^^^^^^^^^^^^^^^^^^^^^^^^^^^^^^^^^^^^^^^^^^^^^^^^^^^^^^^^^^^^^^^^^^^^^^^^^^^^^^^^^^^

datset/vetri-sparse/_spmspv_63.dfy(61,16): Related message: loop invariant violation
   |
61 |       invariant forall i :: 0 <= i < n ==> y[i] == sum(X_val, X_crd, v_val, v_crd, X_pos[i], 0, X_pos[i + 1], pV_end)
   |                 ^^^^^^^^^^^^^^^^^^^^^^^^^^^^^^^^^^^^^^^^^^^^^^^^^^^^^^^^^^^^^^^^^^^^^^^^^^^^^^^^^^^^^^^^^^^^^^^^^^^^^


Dafny program verifier finished with 3 verified, 5 errors
