Not legacy result
datset/vetri-sparse/_dspmspv_61.dfy(80,0): Error: a postcondition could not be proved on this return path
   |
80 | {
   | ^

datset/vetri-sparse/_dspmspv_61.dfy(78,10): Related location: this is the postcondition that could not be proved
   |
78 |   ensures y.Length == X_len
   |           ^^^^^^^^^^^^^^^^^

datset/vetri-sparse/_dspmspv_61.dfy(80,0): Error: a postcondition could not be proved on this return path
   |
80 | {
   | ^

datset/vetri-sparse/_dspmspv_61.dfy(79,10): Related location: this is the postcondition that could not be proved
   |
79 |   ensures forall i :: 0 <= i < y.Length ==> y[i] == if index(i, X_crd1) < X_crd1.Length then sum(X_val, X_crd, v_val, v_crd, X_pos[index(i, X_crd1)], 0, X_pos[index(i, X_crd1) + 1], v_val.Length) else 0
   |           ^^^^^^^^^^^^^^^^^^^^^^^^^^^^^^^^^^^^^^^^^^^^^^^^^^^^^^^^^^^^^^^^^^^^^^^^^^^^^^^^^^^^^^^^^^^^^^^^^^^^^^^^^^^^^^^^^^^^^^^^^^^^^^^^^^^^^^^^^^^^^^^^^^^^^^^^^^^^^^^^^^^^^^^^^^^^^^^^^^^^^^^^^^^^^^^^

datset/vetri-sparse/_dspmspv_61.dfy(81,0): Error: out-parameter 'y', which is subject to definite-assignment rules, might be uninitialized at this return point
   |
81 | }
   | ^


Dafny program verifier finished with 7 verified, 3 errors
