Not legacy result
datset/vetri-sparse/_dspmspv_55.dfy(98,10): Error: variable 'kX', which is subject to definite-assignment rules, might be uninitialized here
   |
98 |     while kX < pX_end && kV < pV_end
   |           ^^

datset/vetri-sparse/_dspmspv_55.dfy(99,16): Error: this loop invariant could not be proved on entry
   |
99 |       invariant X_pos[n] <= kX <= pX_end
   |                 ^^^^^^^^^^^^^^

datset/vetri-sparse/_dspmspv_55.dfy(99,16): Related message: loop invariant violation
   |
99 |       invariant X_pos[n] <= kX <= pX_end
   |                 ^^^^^^^^^^^^^^

datset/vetri-sparse/_dspmspv_55.dfy(99,28): Error: this loop invariant could not be proved on entry
   |
99 |       invariant X_pos[n] <= kX <= pX_end
   |                             ^^^^^^^^^^^^

datset/vetri-sparse/_dspmspv_55.dfy(99,28): Related message: loop invariant violation
   |
99 |       invariant X_pos[n] <= kX <= pX_end
   |                             ^^^^^^^^^^^^

datset/vetri-sparse/_dspmspv_55.dfy(99,28): Error: variable 'kX', which is subject to definite-assignment rules, might be uninitialized here
   |
99 |       invariant X_pos[n] <= kX <= pX_end
   |                             ^^

datset/vetri-sparse/_dspmspv_55.dfy(104,16): Error: this loop invariant could not be proved on entry
    |
104 |       invariant y[X_crd1[n]] + sum(X_val, X_crd, v_val, v_crd, kX, kV, pX_end, pV_end) == sum(X_val, X_crd, v_val, v_crd, X_pos[n], 0, X_pos[n + 1], pV_end)
    |                 ^^^^^^^^^^^^^^^^^^^^^^^^^^^^^^^^^^^^^^^^^^^^^^^^^^^^^^^^^^^^^^^^^^^^^^^^^^^^^^^^^^^^^^^^^^^^^^^^^^^^^^^^^^^^^^^^^^^^^^^^^^^^^^^^^^^^^^^^^^^^

datset/vetri-sparse/_dspmspv_55.dfy(104,16): Related message: loop invariant violation
    |
104 |       invariant y[X_crd1[n]] + sum(X_val, X_crd, v_val, v_crd, kX, kV, pX_end, pV_end) == sum(X_val, X_crd, v_val, v_crd, X_pos[n], 0, X_pos[n + 1], pV_end)
    |                 ^^^^^^^^^^^^^^^^^^^^^^^^^^^^^^^^^^^^^^^^^^^^^^^^^^^^^^^^^^^^^^^^^^^^^^^^^^^^^^^^^^^^^^^^^^^^^^^^^^^^^^^^^^^^^^^^^^^^^^^^^^^^^^^^^^^^^^^^^^^^


Dafny program verifier finished with 7 verified, 5 errors
