Not legacy result
datset/vetri-sparse/_spmv_41.dfy(32,19): Error: variable 'y', which is subject to definite-assignment rules, might be uninitialized here
   |
32 |     invariant n <= y.Length
   |                    ^

datset/vetri-sparse/_spmv_41.dfy(34,14): Error: this loop invariant could not be proved on entry
   |
34 |     invariant forall i :: n <= i < y.Length ==> y[i] == 0
   |               ^^^^^^

datset/vetri-sparse/_spmv_41.dfy(34,14): Related message: loop invariant violation
   |
34 |     invariant forall i :: n <= i < y.Length ==> y[i] == 0
   |               ^^^^^^

datset/vetri-sparse/_spmv_41.dfy(39,36): Error: variable 'y', which is subject to definite-assignment rules, might be uninitialized here
   |
39 |       invariant forall i :: n < i < y.Length ==> y[i] == 0
   |                                     ^

datset/vetri-sparse/_spmv_41.dfy(40,43): Error: variable 'y', which is subject to definite-assignment rules, might be uninitialized here
   |
40 |       invariant forall i :: 0 <= i < n ==> y[i] == sum(X_val, X_crd, v, X_pos[i], X_pos[i + 1])
   |                                            ^

datset/vetri-sparse/_spmv_41.dfy(48,0): Error: out-parameter 'y', which is subject to definite-assignment rules, might be uninitialized at this return point
   |
48 | }
   | ^


Dafny program verifier finished with 3 verified, 5 errors
