Not legacy result
datset/vetri-sparse/_spmspv_0.dfy(51,49): Error: function precondition could not be proved
   |
51 |     invariant forall i :: 0 <= i < n ==> y[i] == sum(X_val, X_crd, v_val, v_crd, X_pos[i], 0, X_pos[i + 1], v_val.Length)
   |                                                  ^^^^^^^^^^^^^^^^^^^^^^^^^^^^^^^^^^^^^^^^^^^^^^^^^^^^^^^^^^^^^^^^^^^^^^^^

datset/vetri-sparse/_spmspv_0.dfy(7,11): Related location
  |
7 |   requires 0 <= kX <= X_crd.Length
  |            ^^^^^^^

datset/vetri-sparse/_spmspv_0.dfy(51,49): Error: function precondition could not be proved
   |
51 |     invariant forall i :: 0 <= i < n ==> y[i] == sum(X_val, X_crd, v_val, v_crd, X_pos[i], 0, X_pos[i + 1], v_val.Length)
   |                                                  ^^^^^^^^^^^^^^^^^^^^^^^^^^^^^^^^^^^^^^^^^^^^^^^^^^^^^^^^^^^^^^^^^^^^^^^^

datset/vetri-sparse/_spmspv_0.dfy(6,11): Related location
  |
6 |   requires pX_end <= X_crd.Length
  |            ^^^^^^^^^^^^^^^^^^^^^^

datset/vetri-sparse/_spmspv_0.dfy(51,49): Error: function precondition could not be proved
   |
51 |     invariant forall i :: 0 <= i < n ==> y[i] == sum(X_val, X_crd, v_val, v_crd, X_pos[i], 0, X_pos[i + 1], v_val.Length)
   |                                                  ^^^^^^^^^^^^^^^^^^^^^^^^^^^^^^^^^^^^^^^^^^^^^^^^^^^^^^^^^^^^^^^^^^^^^^^^

datset/vetri-sparse/_spmspv_0.dfy(7,16): Related location
  |
7 |   requires 0 <= kX <= X_crd.Length
  |                 ^^^^^^^^^^^^^^^^^^

datset/vetri-sparse/_spmspv_0.dfy(51,81): Error: index out of range
   |
51 |     invariant forall i :: 0 <= i < n ==> y[i] == sum(X_val, X_crd, v_val, v_crd, X_pos[i], 0, X_pos[i + 1], v_val.Length)
   |                                                                                       ^^^

datset/vetri-sparse/_spmspv_0.dfy(51,94): Error: index out of range
   |
51 |     invariant forall i :: 0 <= i < n ==> y[i] == sum(X_val, X_crd, v_val, v_crd, X_pos[i], 0, X_pos[i + 1], v_val.Length)
   |                                                                                                    ^^^^^^^


Dafny program verifier finished with 3 verified, 5 errors
