Not legacy result
datset/vetri-sparse/_spmspv_2.dfy(41,0): Error: a postcondition could not be proved on this return path
   |
41 | {
   | ^

datset/vetri-sparse/_spmspv_2.dfy(39,10): Related location: this is the postcondition that could not be proved
   |
39 |   ensures y.Length + 1 == X_pos.Length
   |           ^^^^^^^^^^^^^^^^^^^^^^^^^^^^

datset/vetri-sparse/_spmspv_2.dfy(51,49): Error: function precondition could not be proved
   |
51 |     invariant forall i :: 0 <= i < n ==> y[i] == sum(X_val, X_crd, v_val, v_crd, X_pos[i], 0, X_pos[i + 1], v_val.Length)
   |                                                  ^^^^^^^^^^^^^^^^^^^^^^^^^^^^^^^^^^^^^^^^^^^^^^^^^^^^^^^^^^^^^^^^^^^^^^^^

datset/vetri-sparse/_spmspv_2.dfy(6,11): Related location
  |
6 |   requires pX_end <= X_crd.Length
  |            ^^^^^^^^^^^^^^^^^^^^^^

datset/vetri-sparse/_spmspv_2.dfy(51,94): Error: index out of range
   |
51 |     invariant forall i :: 0 <= i < n ==> y[i] == sum(X_val, X_crd, v_val, v_crd, X_pos[i], 0, X_pos[i + 1], v_val.Length)
   |                                                                                                    ^^^^^^^

datset/vetri-sparse/_spmspv_2.dfy(55,14): Error: index out of range
   |
55 |     pX_end := X_pos[n + 1];
   |                    ^^^^^^^


Dafny program verifier finished with 3 verified, 4 errors
