Not legacy result
datset/vetri-sparse/_spmspv_60.dfy(57,10): Error: variable 'kX', which is subject to definite-assignment rules, might be uninitialized here
   |
57 |     while kX < pX_end && kV < pV_end
   |           ^^

datset/vetri-sparse/_spmspv_60.dfy(58,16): Error: this loop invariant could not be proved on entry
   |
58 |       invariant X_pos[n] <= kX <= pX_end
   |                 ^^^^^^^^^^^^^^

datset/vetri-sparse/_spmspv_60.dfy(58,16): Related message: loop invariant violation
   |
58 |       invariant X_pos[n] <= kX <= pX_end
   |                 ^^^^^^^^^^^^^^

datset/vetri-sparse/_spmspv_60.dfy(58,28): Error: this loop invariant could not be proved on entry
   |
58 |       invariant X_pos[n] <= kX <= pX_end
   |                             ^^^^^^^^^^^^

datset/vetri-sparse/_spmspv_60.dfy(58,28): Related message: loop invariant violation
   |
58 |       invariant X_pos[n] <= kX <= pX_end
   |                             ^^^^^^^^^^^^

datset/vetri-sparse/_spmspv_60.dfy(58,28): Error: variable 'kX', which is subject to definite-assignment rules, might be uninitialized here
   |
58 |       invariant X_pos[n] <= kX <= pX_end
   |                             ^^

datset/vetri-sparse/_spmspv_60.dfy(62,16): Error: this loop invariant could not be proved on entry
   |
62 |       invariant y[n] + sum(X_val, X_crd, v_val, v_crd, kX, kV, pX_end, pV_end) == sum(X_val, X_crd, v_val, v_crd, X_pos[n], 0, pX_end, pV_end)
   |                 ^^^^^^^^^^^^^^^^^^^^^^^^^^^^^^^^^^^^^^^^^^^^^^^^^^^^^^^^^^^^^^^^^^^^^^^^^^^^^^^^^^^^^^^^^^^^^^^^^^^^^^^^^^^^^^^^^^^^^^^^^^^^^^

datset/vetri-sparse/_spmspv_60.dfy(62,16): Related message: loop invariant violation
   |
62 |       invariant y[n] + sum(X_val, X_crd, v_val, v_crd, kX, kV, pX_end, pV_end) == sum(X_val, X_crd, v_val, v_crd, X_pos[n], 0, pX_end, pV_end)
   |                 ^^^^^^^^^^^^^^^^^^^^^^^^^^^^^^^^^^^^^^^^^^^^^^^^^^^^^^^^^^^^^^^^^^^^^^^^^^^^^^^^^^^^^^^^^^^^^^^^^^^^^^^^^^^^^^^^^^^^^^^^^^^^^^


Dafny program verifier finished with 3 verified, 5 errors
