Not legacy result
datset/vetri-sparse/_spmv_40.dfy(28,0): Error: a postcondition could not be proved on this return path
   |
28 | {
   | ^

datset/vetri-sparse/_spmv_40.dfy(26,10): Related location: this is the postcondition that could not be proved
   |
26 |   ensures y.Length + 1 == X_pos.Length
   |           ^^^^^^^^^^^^^^^^^^^^^^^^^^^^

datset/vetri-sparse/_spmv_40.dfy(28,0): Error: a postcondition could not be proved on this return path
   |
28 | {
   | ^

datset/vetri-sparse/_spmv_40.dfy(27,10): Related location: this is the postcondition that could not be proved
   |
27 |   ensures forall i :: 0 <= i < y.Length ==> y[i] == sum(X_val, X_crd, v, X_pos[i], X_pos[i + 1])
   |           ^^^^^^^^^^^^^^^^^^^^^^^^^^^^^^^^^^^^^^^^^^^^^^^^^^^^^^^^^^^^^^^^^^^^^^^^^^^^^^^^^^^^^^

datset/vetri-sparse/_spmv_40.dfy(29,0): Error: out-parameter 'y', which is subject to definite-assignment rules, might be uninitialized at this return point
   |
29 | }
   | ^


Dafny program verifier finished with 3 verified, 3 errors
