Not legacy result
datset/vetri-sparse/_spmv_0.dfy(34,49): Error: function precondition could not be proved
   |
34 |     invariant forall i :: 0 <= i < n ==> y[i] == sum(X_val, X_crd, v, X_pos[i], X_pos[i + 1])
   |                                                  ^^^^^^^^^^^^^^^^^^^^^^^^^^^^^^^^^^^^^^^^^^^^

datset/vetri-sparse/_spmv_0.dfy(5,11): Related location
  |
5 |   requires X_val.Length >= b >= 0
  |            ^^^^^^^^^^^^^^^^^

datset/vetri-sparse/_spmv_0.dfy(34,49): Error: function precondition could not be proved
   |
34 |     invariant forall i :: 0 <= i < n ==> y[i] == sum(X_val, X_crd, v, X_pos[i], X_pos[i + 1])
   |                                                  ^^^^^^^^^^^^^^^^^^^^^^^^^^^^^^^^^^^^^^^^^^^^

datset/vetri-sparse/_spmv_0.dfy(5,27): Related location
  |
5 |   requires X_val.Length >= b >= 0
  |                            ^^^^^^

datset/vetri-sparse/_spmv_0.dfy(34,49): Error: function precondition could not be proved
   |
34 |     invariant forall i :: 0 <= i < n ==> y[i] == sum(X_val, X_crd, v, X_pos[i], X_pos[i + 1])
   |                                                  ^^^^^^^^^^^^^^^^^^^^^^^^^^^^^^^^^^^^^^^^^^^^

datset/vetri-sparse/_spmv_0.dfy(6,11): Related location
  |
6 |   requires k <= X_val.Length
  |            ^^^^^^^^^^^^^^^^^

datset/vetri-sparse/_spmv_0.dfy(34,70): Error: index out of range
   |
34 |     invariant forall i :: 0 <= i < n ==> y[i] == sum(X_val, X_crd, v, X_pos[i], X_pos[i + 1])
   |                                                                            ^^^

datset/vetri-sparse/_spmv_0.dfy(34,80): Error: index out of range
   |
34 |     invariant forall i :: 0 <= i < n ==> y[i] == sum(X_val, X_crd, v, X_pos[i], X_pos[i + 1])
   |                                                                                      ^^^^^^^


Dafny program verifier finished with 3 verified, 5 errors
