datset/from dafny main repo/dafny1/_BinaryTree_92.dfy(182,2): Error: a postcondition could not be proved on this return path
    |
182 |   {
    |   ^

datset/from dafny main repo/dafny1/_BinaryTree_92.dfy(178,34): Related location: this is the postcondition that could not be proved
    |
178 |     ensures node != null ==> node.Valid()
    |                                   ^^^^^^^

datset/from dafny main repo/dafny1/_BinaryTree_92.dfy(120,6): Related location
    |
120 |       left.Valid() &&
    |       ^^^^^^^^^^^^

datset/from dafny main repo/dafny1/_BinaryTree_92.dfy(182,2): Error: a postcondition could not be proved on this return path
    |
182 |   {
    |   ^

datset/from dafny main repo/dafny1/_BinaryTree_92.dfy(178,34): Related location: this is the postcondition that could not be proved
    |
178 |     ensures node != null ==> node.Valid()
    |                                   ^^^^^^^

datset/from dafny main repo/dafny1/_BinaryTree_92.dfy(121,6): Related location
    |
121 |       forall y :: 
    |       ^^^^^^^^^^^^

datset/from dafny main repo/dafny1/_BinaryTree_92.dfy(182,2): Error: a postcondition could not be proved on this return path
    |
182 |   {
    |   ^

datset/from dafny main repo/dafny1/_BinaryTree_92.dfy(178,34): Related location: this is the postcondition that could not be proved
    |
178 |     ensures node != null ==> node.Valid()
    |                                   ^^^^^^^

datset/from dafny main repo/dafny1/_BinaryTree_92.dfy(137,6): Related location
    |
137 |       Contents == left.Contents + {data}) &&
    |       ^^^^^^^^^^^^^^^^^^^^^^^^^^^^^^^^^

datset/from dafny main repo/dafny1/_BinaryTree_92.dfy(182,2): Error: a postcondition could not be proved on this return path
    |
182 |   {
    |   ^

datset/from dafny main repo/dafny1/_BinaryTree_92.dfy(178,34): Related location: this is the postcondition that could not be proved
    |
178 |     ensures node != null ==> node.Valid()
    |                                   ^^^^^^^

datset/from dafny main repo/dafny1/_BinaryTree_92.dfy(144,6): Related location
    |
144 |       Contents == left.Contents + {data} + right.Contents)
    |       ^^^^^^^^^^^^^^^^^^^^^^^^^^^^^^^^^^^^^^^^^^^^^^^^^^^


Dafny program verifier finished with 18 verified, 4 errors
