datset/from dafny main repo/dafny1/_BinaryTree_93.dfy(182,2): Error: a postcondition could not be proved on this return path
    |
182 |   {
    |   ^

datset/from dafny main repo/dafny1/_BinaryTree_93.dfy(178,34): Related location: this is the postcondition that could not be proved
    |
178 |     ensures node != null ==> node.Valid()
    |                                   ^^^^^^^

datset/from dafny main repo/dafny1/_BinaryTree_93.dfy(134,6): Related location
    |
134 |       Contents == {data}) &&
    |       ^^^^^^^^^^^^^^^^^

datset/from dafny main repo/dafny1/_BinaryTree_93.dfy(182,2): Error: a postcondition could not be proved on this return path
    |
182 |   {
    |   ^

datset/from dafny main repo/dafny1/_BinaryTree_93.dfy(180,50): Related location: this is the postcondition that could not be proved
    |
180 |     ensures node != null ==> node.Repr <= Repr && node.Contents == old(Contents) - {x}
    |                                                   ^^^^^^^^^^^^^^^^^^^^^^^^^^^^^^^^^^^^

datset/from dafny main repo/dafny1/_BinaryTree_93.dfy(182,2): Error: a postcondition could not be proved on this return path
    |
182 |   {
    |   ^

datset/from dafny main repo/dafny1/_BinaryTree_93.dfy(178,34): Related location: this is the postcondition that could not be proved
    |
178 |     ensures node != null ==> node.Valid()
    |                                   ^^^^^^^

datset/from dafny main repo/dafny1/_BinaryTree_93.dfy(137,6): Related location
    |
137 |       Contents == left.Contents + {data}) &&
    |       ^^^^^^^^^^^^^^^^^^^^^^^^^^^^^^^^^

datset/from dafny main repo/dafny1/_BinaryTree_93.dfy(182,2): Error: a postcondition could not be proved on this return path
    |
182 |   {
    |   ^

datset/from dafny main repo/dafny1/_BinaryTree_93.dfy(178,34): Related location: this is the postcondition that could not be proved
    |
178 |     ensures node != null ==> node.Valid()
    |                                   ^^^^^^^

datset/from dafny main repo/dafny1/_BinaryTree_93.dfy(140,6): Related location
    |
140 |       Contents == {data} + right.Contents) &&
    |       ^^^^^^^^^^^^^^^^^^^^^^^^^^^^^^^^^^^

datset/from dafny main repo/dafny1/_BinaryTree_93.dfy(182,2): Error: a postcondition could not be proved on this return path
    |
182 |   {
    |   ^

datset/from dafny main repo/dafny1/_BinaryTree_93.dfy(178,34): Related location: this is the postcondition that could not be proved
    |
178 |     ensures node != null ==> node.Valid()
    |                                   ^^^^^^^

datset/from dafny main repo/dafny1/_BinaryTree_93.dfy(144,6): Related location
    |
144 |       Contents == left.Contents + {data} + right.Contents)
    |       ^^^^^^^^^^^^^^^^^^^^^^^^^^^^^^^^^^^^^^^^^^^^^^^^^^^


Dafny program verifier finished with 18 verified, 5 errors
