datset/from dafny main repo/dafny1/_ListContents_33.dfy(64,2): Error: a postcondition could not be proved on this return path
   |
64 |   {
   |   ^

datset/from dafny main repo/dafny1/_ListContents_33.dfy(61,20): Related location: this is the postcondition that could not be proved
   |
61 |     ensures reverse.Valid() && reverse.Repr <= old(Repr)
   |                     ^^^^^^^

datset/from dafny main repo/dafny1/_ListContents_33.dfy(13,4): Related location
   |
13 |     this in Repr &&
   |     ^^^^^^^^^^^^

datset/from dafny main repo/dafny1/_ListContents_33.dfy(64,2): Error: a postcondition could not be proved on this return path
   |
64 |   {
   |   ^

datset/from dafny main repo/dafny1/_ListContents_33.dfy(61,20): Related location: this is the postcondition that could not be proved
   |
61 |     ensures reverse.Valid() && reverse.Repr <= old(Repr)
   |                     ^^^^^^^

datset/from dafny main repo/dafny1/_ListContents_33.dfy(15,6): Related location
   |
15 |       List == [data]) &&
   |       ^^^^^^^^^^^^^

datset/from dafny main repo/dafny1/_ListContents_33.dfy(64,2): Error: a postcondition could not be proved on this return path
   |
64 |   {
   |   ^

datset/from dafny main repo/dafny1/_ListContents_33.dfy(61,31): Related location: this is the postcondition that could not be proved
   |
61 |     ensures reverse.Valid() && reverse.Repr <= old(Repr)
   |                                ^^^^^^^^^^^^^^^^^^^^^^^^^

datset/from dafny main repo/dafny1/_ListContents_33.dfy(64,2): Error: a postcondition could not be proved on this return path
   |
64 |   {
   |   ^

datset/from dafny main repo/dafny1/_ListContents_33.dfy(62,12): Related location: this is the postcondition that could not be proved
   |
62 |     ensures |reverse.List| == |old(List)|
   |             ^^^^^^^^^^^^^^^^^^^^^^^^^^^^^

datset/from dafny main repo/dafny1/_ListContents_33.dfy(64,2): Error: a postcondition could not be proved on this return path
   |
64 |   {
   |   ^

datset/from dafny main repo/dafny1/_ListContents_33.dfy(63,12): Related location: this is the postcondition that could not be proved
   |
63 |     ensures forall i :: 0 <= i < |reverse.List| ==> reverse.List[i] == old(List)[|old(List)| - 1 - i]
   |             ^^^^^^^^^^^^^^^^^^^^^^^^^^^^^^^^^^^^^^^^^^^^^^^^^^^^^^^^^^^^^^^^^^^^^^^^^^^^^^^^^^^^^^^^^


Dafny program verifier finished with 9 verified, 5 errors
