datset/from dafny main repo/dafny1/_PriorityQueue_12.dfy(43,2): Error: a postcondition could not be proved on this return path
   |
43 |   {
   |   ^

datset/from dafny main repo/dafny1/_PriorityQueue_12.dfy(42,12): Related location: this is the postcondition that could not be proved
   |
42 |     ensures n == old(n) + 1 && N == old(N)
   |             ^^^^^^^^^^^^^^^

datset/from dafny main repo/dafny1/_PriorityQueue_12.dfy(45,4): Error: index out of range
   |
45 |     a[n] := x;
   |      ^^^

datset/from dafny main repo/dafny1/_PriorityQueue_12.dfy(46,4): Error: a precondition for this call could not be proved
   |
46 |     SiftUp(n);
   |     ^^^^^^^^^^

datset/from dafny main repo/dafny1/_PriorityQueue_12.dfy(52,13): Related location: this is the precondition that could not be proved
   |
52 |     requires forall j :: 2 <= j <= n && j != k ==> a[j / 2] <= a[j]
   |              ^^^^^^^^^^^^^^^^^^^^^^^^^^^^^^^^^^^^^^^^^^^^^^^^^^^^^^


Dafny program verifier finished with 21 verified, 3 errors
