datset/from dafny main repo/dafny1/_SchorrWaite_49.dfy(60,2): Error: decreases expression might not decrease
   |
60 |   while true
   |   ^^^^^

datset/from dafny main repo/dafny1/_SchorrWaite_49.dfy(61,39): Error: this invariant could not be proved to be maintained by the loop
   |
61 |     invariant root.marked && t in S && t !in stackNodes
   |                                        ^^^^^^^^^^^^^^^^

datset/from dafny main repo/dafny1/_SchorrWaite_49.dfy(61,39): Related message: loop invariant violation
   |
61 |     invariant root.marked && t in S && t !in stackNodes
   |                                        ^^^^^^^^^^^^^^^^

datset/from dafny main repo/dafny1/_SchorrWaite_49.dfy(64,14): Error: this invariant could not be proved to be maintained by the loop
   |
64 |     invariant forall n :: n in stackNodes || n == t ==> n.marked && 0 <= n.childrenVisited <= |n.children| && forall j :: 0 <= j < n.childrenVisited ==> n.children[j] == null || n.children[j].marked
   |               ^^^^^^^^^^^^^^^^^^^^^^^^^^^^^^^^^^^^^^^^^^^^^^^^^^^^^^^^^^^^^^^^^^^^^^^^^^^^^^^^^^^^^^^^^^^^^^^^^^^^^^^^^^^^^^^^^^^^^^^^^^^^^^^^^^^^^^^^^^^^^^^^^^^^^^^^^^^^^^^^^^^^^^^^^^^^^^^^^^^^^^^^

datset/from dafny main repo/dafny1/_SchorrWaite_49.dfy(64,14): Related message: loop invariant violation
   |
64 |     invariant forall n :: n in stackNodes || n == t ==> n.marked && 0 <= n.childrenVisited <= |n.children| && forall j :: 0 <= j < n.childrenVisited ==> n.children[j] == null || n.children[j].marked
   |               ^^^^^^^^^^^^^^^^^^^^^^^^^^^^^^^^^^^^^^^^^^^^^^^^^^^^^^^^^^^^^^^^^^^^^^^^^^^^^^^^^^^^^^^^^^^^^^^^^^^^^^^^^^^^^^^^^^^^^^^^^^^^^^^^^^^^^^^^^^^^^^^^^^^^^^^^^^^^^^^^^^^^^^^^^^^^^^^^^^^^^^^^

datset/from dafny main repo/dafny1/_SchorrWaite_49.dfy(83,87): Error: target object might be null
   |
83 |     } else if t.children[t.childrenVisited] == null <==> t.children[t.childrenVisited].marked {
   |                                                                                        ^^^^^^


Dafny program verifier finished with 9 verified, 4 errors
