datset/from dafny main repo/dafny1/_SchorrWaite-stages_38.dfy(91,16): Error: this invariant could not be proved to be maintained by the loop
   |
91 |       invariant forall n :: n in stackNodes || n == t ==> n.marked && forall j :: 0 <= j < n.childrenVisited ==> n.children[j] == null || n.children[j].marked
   |                 ^^^^^^^^^^^^^^^^^^^^^^^^^^^^^^^^^^^^^^^^^^^^^^^^^^^^^^^^^^^^^^^^^^^^^^^^^^^^^^^^^^^^^^^^^^^^^^^^^^^^^^^^^^^^^^^^^^^^^^^^^^^^^^^^^^^^^^^^^^^^^^

datset/from dafny main repo/dafny1/_SchorrWaite-stages_38.dfy(91,16): Related message: loop invariant violation
   |
91 |       invariant forall n :: n in stackNodes || n == t ==> n.marked && forall j :: 0 <= j < n.childrenVisited ==> n.children[j] == null || n.children[j].marked
   |                 ^^^^^^^^^^^^^^^^^^^^^^^^^^^^^^^^^^^^^^^^^^^^^^^^^^^^^^^^^^^^^^^^^^^^^^^^^^^^^^^^^^^^^^^^^^^^^^^^^^^^^^^^^^^^^^^^^^^^^^^^^^^^^^^^^^^^^^^^^^^^^^

datset/from dafny main repo/dafny1/_SchorrWaite-stages_38.dfy[M2](91,16): Error: this invariant could not be proved to be maintained by the loop
   |
91 |       invariant forall n :: n in stackNodes || n == t ==> n.marked && forall j :: 0 <= j < n.childrenVisited ==> n.children[j] == null || n.children[j].marked
   |                 ^^^^^^^^^^^^^^^^^^^^^^^^^^^^^^^^^^^^^^^^^^^^^^^^^^^^^^^^^^^^^^^^^^^^^^^^^^^^^^^^^^^^^^^^^^^^^^^^^^^^^^^^^^^^^^^^^^^^^^^^^^^^^^^^^^^^^^^^^^^^^^

datset/from dafny main repo/dafny1/_SchorrWaite-stages_38.dfy[M2](91,16): Related message: loop invariant violation
   |
91 |       invariant forall n :: n in stackNodes || n == t ==> n.marked && forall j :: 0 <= j < n.childrenVisited ==> n.children[j] == null || n.children[j].marked
   |                 ^^^^^^^^^^^^^^^^^^^^^^^^^^^^^^^^^^^^^^^^^^^^^^^^^^^^^^^^^^^^^^^^^^^^^^^^^^^^^^^^^^^^^^^^^^^^^^^^^^^^^^^^^^^^^^^^^^^^^^^^^^^^^^^^^^^^^^^^^^^^^^

datset/from dafny main repo/dafny1/_SchorrWaite-stages_38.dfy[M2][M3](91,16): Error: this invariant could not be proved to be maintained by the loop
   |
91 |       invariant forall n :: n in stackNodes || n == t ==> n.marked && forall j :: 0 <= j < n.childrenVisited ==> n.children[j] == null || n.children[j].marked
   |                 ^^^^^^^^^^^^^^^^^^^^^^^^^^^^^^^^^^^^^^^^^^^^^^^^^^^^^^^^^^^^^^^^^^^^^^^^^^^^^^^^^^^^^^^^^^^^^^^^^^^^^^^^^^^^^^^^^^^^^^^^^^^^^^^^^^^^^^^^^^^^^^

datset/from dafny main repo/dafny1/_SchorrWaite-stages_38.dfy[M2][M3](91,16): Related message: loop invariant violation
   |
91 |       invariant forall n :: n in stackNodes || n == t ==> n.marked && forall j :: 0 <= j < n.childrenVisited ==> n.children[j] == null || n.children[j].marked
   |                 ^^^^^^^^^^^^^^^^^^^^^^^^^^^^^^^^^^^^^^^^^^^^^^^^^^^^^^^^^^^^^^^^^^^^^^^^^^^^^^^^^^^^^^^^^^^^^^^^^^^^^^^^^^^^^^^^^^^^^^^^^^^^^^^^^^^^^^^^^^^^^^


Dafny program verifier finished with 7 verified, 3 errors
