datset/from dafny main repo/dafny1/_SeparationLogicList_53.dfy(111,2): Error: a postcondition could not be proved on this return path
    |
111 |   {
    |   ^

datset/from dafny main repo/dafny1/_SeparationLogicList_53.dfy(110,12): Related location: this is the postcondition that could not be proved
    |
110 |     ensures IsList() && Contents == [] && fresh(Repr)
    |             ^^^^^^^^

datset/from dafny main repo/dafny1/_SeparationLogicList_53.dfy(102,4): Related location
    |
102 |     head in Repr &&
    |     ^^^^^^^^^^^^

datset/from dafny main repo/dafny1/_SeparationLogicList_53.dfy(111,2): Error: a postcondition could not be proved on this return path
    |
111 |   {
    |   ^

datset/from dafny main repo/dafny1/_SeparationLogicList_53.dfy(110,12): Related location: this is the postcondition that could not be proved
    |
110 |     ensures IsList() && Contents == [] && fresh(Repr)
    |             ^^^^^^^^

datset/from dafny main repo/dafny1/_SeparationLogicList_53.dfy(106,4): Related location
    |
106 |     Contents == head.TailContents
    |     ^^^^^^^^^^^^^^^^^^^^^^^^^^^^^

datset/from dafny main repo/dafny1/_SeparationLogicList_53.dfy(111,2): Error: a postcondition could not be proved on this return path
    |
111 |   {
    |   ^

datset/from dafny main repo/dafny1/_SeparationLogicList_53.dfy(110,24): Related location: this is the postcondition that could not be proved
    |
110 |     ensures IsList() && Contents == [] && fresh(Repr)
    |                         ^^^^^^^^^^^^^^

datset/from dafny main repo/dafny1/_SeparationLogicList_53.dfy(117,2): Error: field 'head', which is subject to definite-assignment rules, might be uninitialized at this point in the constructor body
    |
117 |   }
    |   ^


Dafny program verifier finished with 12 verified, 4 errors
