datset/from dafny main repo/dafny1/_UnboundedStack_13.dfy(38,2): Error: a postcondition could not be proved on this return path
   |
38 |   {
   |   ^

datset/from dafny main repo/dafny1/_UnboundedStack_13.dfy(36,12): Related location: this is the postcondition that could not be proved
   |
36 |     ensures IsUnboundedStack()
   |             ^^^^^^^^^^^^^^^^^^

datset/from dafny main repo/dafny1/_UnboundedStack_13.dfy(19,6): Related location
   |
19 |       content == top.content &&
   |       ^^^^^^^^^^^^^^^^^^^^^^

datset/from dafny main repo/dafny1/_UnboundedStack_13.dfy(38,2): Error: a postcondition could not be proved on this return path
   |
38 |   {
   |   ^

datset/from dafny main repo/dafny1/_UnboundedStack_13.dfy(37,12): Related location: this is the postcondition that could not be proved
   |
37 |     ensures content == [val] + old(content)
   |             ^^^^^^^^^^^^^^^^^^^^^^^^^^^^^^^


Dafny program verifier finished with 9 verified, 2 errors
