Not legacy result
datset/algorithms and leetcode/examples/_realExponent_9.dfy(60,22): Error: this loop invariant could not be proved on entry
   |
60 |     invariant product == power(i as real, alpha)
   |                       ^^

datset/algorithms and leetcode/examples/_realExponent_9.dfy(60,22): Related message: loop invariant violation
   |
60 |     invariant product == power(i as real, alpha)
   |                       ^^

datset/algorithms and leetcode/examples/_realExponent_9.dfy(60,25): Error: function precondition could not be proved
   |
60 |     invariant product == power(i as real, alpha)
   |                          ^^^^^^^^^^^^^^^^^^^^^^^

datset/algorithms and leetcode/examples/_realExponent_9.dfy(5,11): Related location
  |
5 |   requires n > 0.0 && alpha > 0.0
  |            ^^^^^^^

datset/algorithms and leetcode/examples/_realExponent_9.dfy(62,4): Error: a precondition for this call could not be proved
   |
62 |     powerLemma(i as real, alpha);
   |     ^^^^^^^^^^^^^^^^^^^^^^^^^^^^^

datset/algorithms and leetcode/examples/_realExponent_9.dfy(24,11): Related location: this is the precondition that could not be proved
   |
24 |   requires n > 0.0 && alpha > 0.0
   |            ^^^^^^^


Dafny program verifier finished with 9 verified, 3 errors
