datset/from dafny main repo/dafny4/_Ackermann_9.dfy(117,4): Warning: /!\ No terms found to trigger on.
    |
117 |     forall n | true {
    |     ^^^^^^

datset/from dafny main repo/dafny4/_Ackermann_9.dfy(129,4): Warning: /!\ No terms found to trigger on.
    |
129 |     forall n, n' | n <= n' {
    |     ^^^^^^

datset/from dafny main repo/dafny4/_Ackermann_9.dfy(59,19): Error: a postcondition could not be proved on this return path
   |
59 |   } else if n == 1 {
   |                    ^

datset/from dafny main repo/dafny4/_Ackermann_9.dfy(56,10): Related location: this is the postcondition that could not be proved
   |
56 |   ensures CurriedAckermann(m, n) == Ack(m, n)
   |           ^^^^^^^^^^^^^^^^^^^^^^^^^^^^^^^^^^^

datset/from dafny main repo/dafny4/_Ackermann_9.dfy(60,11): Error: assertion might not hold
   |
60 |     assert CurriedAckermann(m, n) == Iter(A(m - 1), 0);
   |            ^^^^^^^^^^^^^^^^^^^^^^^^^^^^^^^^^^^^^^^^^^^

datset/from dafny main repo/dafny4/_Ackermann_9.dfy(62,11): Error: assertion might not hold
   |
62 |     assert A(m)(n) == A(m - 1)(Iter(A(m - 1), n - 1));
   |            ^^^^^^^^^^^^^^^^^^^^^^^^^^^^^^^^^^^^^^^^^^


Dafny program verifier finished with 13 verified, 3 errors
