datset/from dafny main repo/dafny4/_NumberRepresentations_87.dfy(173,0): Error: a postcondition could not be proved on this return path
    |
173 | {
    | ^

datset/from dafny main repo/dafny4/_NumberRepresentations_87.dfy(172,45): Related location: this is the postcondition that could not be proved
    |
172 |   ensures IsSkewNumber(b, lowDigit, base) && eval(b, base) == eval(a, base) - 1
    |                                              ^^^^^^^^^^^^^^^^^^^^^^^^^^^^^^^^^^

datset/from dafny main repo/dafny4/_NumberRepresentations_87.dfy(173,0): Error: a postcondition could not be proved on this return path
    |
173 | {
    | ^

datset/from dafny main repo/dafny4/_NumberRepresentations_87.dfy(172,10): Related location: this is the postcondition that could not be proved
    |
172 |   ensures IsSkewNumber(b, lowDigit, base) && eval(b, base) == eval(a, base) - 1
    |           ^^^^^^^^^^^^^^^^^^^^^^^^^^^^^^^

datset/from dafny main repo/dafny4/_NumberRepresentations_87.dfy(31,2): Related location
   |
31 |   forall i :: 
   |   ^^^^^^^^^^^^

datset/from dafny main repo/dafny4/_NumberRepresentations_87.dfy(176,24): Error: index out of range
    |
176 |   } else if lowDigit <= a[0] - 1 {
    |                          ^^^


Dafny program verifier finished with 38 verified, 3 errors
