datset/from dafny main repo/dafny4/_UnionFind_33.dfy(221,4): Error: a postcondition could not be proved on this return path
    |
221 |     {
    |     ^

datset/from dafny main repo/dafny4/_UnionFind_33.dfy(220,14): Related location: this is the postcondition that could not be proved
    |
220 |       ensures Reaches(d, e, r, C')
    |               ^^^^^^^^^^^^^^^^^^^^

datset/from dafny main repo/dafny4/_UnionFind_33.dfy[M2](116,8): Related location
    |
116 |         Reaches(d - 1, next, r, C)
    |         ^^^^^^^^^^^^^^^^^^^^^^^^^^

datset/from dafny main repo/dafny4/_UnionFind_33.dfy[M3](221,4): Error: a postcondition could not be proved on this return path
    |
221 |     {
    |     ^

datset/from dafny main repo/dafny4/_UnionFind_33.dfy[M3](220,14): Related location: this is the postcondition that could not be proved
    |
220 |       ensures Reaches(d, e, r, C')
    |               ^^^^^^^^^^^^^^^^^^^^

datset/from dafny main repo/dafny4/_UnionFind_33.dfy[M2][M3](116,8): Related location
    |
116 |         Reaches(d - 1, next, r, C)
    |         ^^^^^^^^^^^^^^^^^^^^^^^^^^


Dafny program verifier finished with 88 verified, 2 errors
