Not legacy result
datset/from dafny main repo/dafny0/_DiscoverBounds_22.dfy(18,7): Warning: /!\ No terms found to trigger on.
   |
18 |   b := forall n': NT :: true ==> P(n' as int);
   |        ^^^^^^

datset/from dafny main repo/dafny0/_DiscoverBounds_22.dfy(19,7): Warning: /!\ No terms found to trigger on.
   |
19 |   b := forall t': UT :: true ==> P(t' as int);
   |        ^^^^^^

datset/from dafny main repo/dafny0/_DiscoverBounds_22.dfy(20,7): Warning: /!\ No terms found to trigger on.
   |
20 |   b := forall u': Upper :: true ==> P(u' as int);
   |        ^^^^^^

datset/from dafny main repo/dafny0/_DiscoverBounds_22.dfy(21,7): Warning: /!\ No terms found to trigger on.
   |
21 |   b := forall l': Lower :: l' < 20 ==> P(l' as int);
   |        ^^^^^^

datset/from dafny main repo/dafny0/_DiscoverBounds_22.dfy(22,7): Warning: /!\ No terms found to trigger on.
   |
22 |   b := forall j': Int :: -3 <= j' < 7 ==> P(j' as int);
   |        ^^^^^^

datset/from dafny main repo/dafny0/_DiscoverBounds_22.dfy(56,0): Error: out-parameter 's'', which is subject to definite-assignment rules, might be uninitialized at this return point
   |
56 | }
   | ^


Dafny program verifier finished with 6 verified, 1 error
