Not legacy result
datset/from dafny main repo/dafny0/_InSetComprehension_12.dfy(10,17): Warning: /!\ No terms found to trigger on.
   |
10 |       z := 72 in set i | 0 <= i < 10;
   |                  ^^^

datset/from dafny main repo/dafny0/_InSetComprehension_12.dfy(12,17): Warning: /!\ No terms found to trigger on.
   |
12 |       z := -8 in set k: nat | k < 10;
   |                  ^^^

datset/from dafny main repo/dafny0/_InSetComprehension_12.dfy(28,16): Warning: /!\ No terms found to trigger on.
   |
28 |       z := 7 in set i | 0 <= i < 10;
   |                 ^^^

datset/from dafny main repo/dafny0/_InSetComprehension_12.dfy(30,16): Warning: /!\ No terms found to trigger on.
   |
30 |       z := 8 in set k: nat | k < 10;
   |                 ^^^

datset/from dafny main repo/dafny0/_InSetComprehension_12.dfy(71,2): Error: a postcondition could not be proved on this return path
   |
71 |   {
   |   ^

datset/from dafny main repo/dafny0/_InSetComprehension_12.dfy(70,12): Related location: this is the postcondition that could not be proved
   |
70 |     ensures Contents == set x | x in elems
   |             ^^^^^^^^^^^^^^^^^^^^^^^^^^^^^^


Dafny program verifier finished with 7 verified, 1 error
