datset/from dafny main repo/dafny1/_BinaryTree_156.dfy(226,2): Error: a postcondition could not be proved on this return path
    |
226 |   {
    |   ^

datset/from dafny main repo/dafny1/_BinaryTree_156.dfy(221,34): Related location: this is the postcondition that could not be proved
    |
221 |     ensures node != null ==> node.Valid()
    |                                   ^^^^^^^

datset/from dafny main repo/dafny1/_BinaryTree_156.dfy(115,4): Related location
    |
115 |     this in Repr &&
    |     ^^^^^^^^^^^^

datset/from dafny main repo/dafny1/_BinaryTree_156.dfy(226,2): Error: a postcondition could not be proved on this return path
    |
226 |   {
    |   ^

datset/from dafny main repo/dafny1/_BinaryTree_156.dfy(221,34): Related location: this is the postcondition that could not be proved
    |
221 |     ensures node != null ==> node.Valid()
    |                                   ^^^^^^^

datset/from dafny main repo/dafny1/_BinaryTree_156.dfy(117,6): Related location
    |
117 |       left in Repr &&
    |       ^^^^^^^^^^^^

datset/from dafny main repo/dafny1/_BinaryTree_156.dfy(226,2): Error: a postcondition could not be proved on this return path
    |
226 |   {
    |   ^

datset/from dafny main repo/dafny1/_BinaryTree_156.dfy(223,29): Related location: this is the postcondition that could not be proved
    |
223 |     ensures node != null ==> node.Repr <= Repr && node.Contents == old(Contents) - {min}
    |                              ^^^^^^^^^^^^^^^^^

datset/from dafny main repo/dafny1/_BinaryTree_156.dfy(226,2): Error: a postcondition could not be proved on this return path
    |
226 |   {
    |   ^

datset/from dafny main repo/dafny1/_BinaryTree_156.dfy(223,50): Related location: this is the postcondition that could not be proved
    |
223 |     ensures node != null ==> node.Repr <= Repr && node.Contents == old(Contents) - {min}
    |                                                   ^^^^^^^^^^^^^^^^^^^^^^^^^^^^^^^^^^^^^^

datset/from dafny main repo/dafny1/_BinaryTree_156.dfy(239,2): Error: out-parameter 'node', which is subject to definite-assignment rules, might be uninitialized at this return point
    |
239 |   }
    |   ^


Dafny program verifier finished with 18 verified, 5 errors
