datset/from dafny main repo/dafny1/_BinaryTree_66.dfy(150,2): Error: a postcondition could not be proved on this return path
    |
150 |   {
    |   ^

datset/from dafny main repo/dafny1/_BinaryTree_66.dfy(148,12): Related location: this is the postcondition that could not be proved
    |
148 |     ensures Valid() && fresh(Repr)
    |             ^^^^^^^

datset/from dafny main repo/dafny1/_BinaryTree_66.dfy(125,6): Related location
    |
125 |       right in Repr &&
    |       ^^^^^^^^^^^^^

datset/from dafny main repo/dafny1/_BinaryTree_66.dfy(150,2): Error: a postcondition could not be proved on this return path
    |
150 |   {
    |   ^

datset/from dafny main repo/dafny1/_BinaryTree_66.dfy(148,12): Related location: this is the postcondition that could not be proved
    |
148 |     ensures Valid() && fresh(Repr)
    |             ^^^^^^^

datset/from dafny main repo/dafny1/_BinaryTree_66.dfy(127,6): Related location
    |
127 |       this !in right.Repr &&
    |       ^^^^^^^^^^^^^^^^^^^


Dafny program verifier finished with 18 verified, 2 errors
