datset/from dafny main repo/dafny1/_BinaryTree_20.dfy(62,2): Error: a postcondition could not be proved on this return path
   |
62 |   {
   |   ^

datset/from dafny main repo/dafny1/_BinaryTree_20.dfy(57,14): Related location: this is the postcondition that could not be proved
   |
57 |     ensures m.Valid()
   |               ^^^^^^^

datset/from dafny main repo/dafny1/_BinaryTree_20.dfy(121,6): Related location
    |
121 |       forall y :: 
    |       ^^^^^^^^^^^^

datset/from dafny main repo/dafny1/_BinaryTree_20.dfy(62,2): Error: a postcondition could not be proved on this return path
   |
62 |   {
   |   ^

datset/from dafny main repo/dafny1/_BinaryTree_20.dfy(57,14): Related location: this is the postcondition that could not be proved
   |
57 |     ensures m.Valid()
   |               ^^^^^^^

datset/from dafny main repo/dafny1/_BinaryTree_20.dfy(129,6): Related location
    |
129 |       forall y :: 
    |       ^^^^^^^^^^^^


Dafny program verifier finished with 18 verified, 2 errors
