datset/from dafny main repo/dafny1/_ListContents_34.dfy(66,12): Error: assignment might update an object not in the enclosing context's modifies clause
   |
66 |     reverse.next := null;
   |             ^^^^

datset/from dafny main repo/dafny1/_ListContents_34.dfy(70,24): Error: this loop invariant could not be proved on entry
   |
70 |       invariant reverse.Valid() && reverse.Repr <= old(Repr)
   |                         ^^^^^^^

datset/from dafny main repo/dafny1/_ListContents_34.dfy(15,6): Related location
   |
15 |       List == [data]) &&
   |       ^^^^^^^^^^^^^

datset/from dafny main repo/dafny1/_ListContents_34.dfy(70,24): Related message: loop invariant violation
   |
70 |       invariant reverse.Valid() && reverse.Repr <= old(Repr)
   |                         ^^^^^^^

datset/from dafny main repo/dafny1/_ListContents_34.dfy(15,6): Related location
   |
15 |       List == [data]) &&
   |       ^^^^^^^^^^^^^

datset/from dafny main repo/dafny1/_ListContents_34.dfy(72,44): Error: this loop invariant could not be proved on entry
   |
72 |       invariant current != null ==> current.Valid() && current in old(Repr) && current.Repr <= old(Repr) && current.Repr !! reverse.Repr
   |                                             ^^^^^^^

datset/from dafny main repo/dafny1/_ListContents_34.dfy(20,6): Related location
   |
20 |       List == [data] + next.List &&
   |       ^^^^^^^^^^^^^^^^^^^^^^^^^^

datset/from dafny main repo/dafny1/_ListContents_34.dfy(72,44): Related message: loop invariant violation
   |
72 |       invariant current != null ==> current.Valid() && current in old(Repr) && current.Repr <= old(Repr) && current.Repr !! reverse.Repr
   |                                             ^^^^^^^

datset/from dafny main repo/dafny1/_ListContents_34.dfy(20,6): Related location
   |
20 |       List == [data] + next.List &&
   |       ^^^^^^^^^^^^^^^^^^^^^^^^^^

datset/from dafny main repo/dafny1/_ListContents_34.dfy(72,44): Error: this loop invariant could not be proved on entry
   |
72 |       invariant current != null ==> current.Valid() && current in old(Repr) && current.Repr <= old(Repr) && current.Repr !! reverse.Repr
   |                                             ^^^^^^^

datset/from dafny main repo/dafny1/_ListContents_34.dfy(21,6): Related location
   |
21 |       next.Valid())
   |       ^^^^^^^^^^^^

datset/from dafny main repo/dafny1/_ListContents_34.dfy(72,44): Related message: loop invariant violation
   |
72 |       invariant current != null ==> current.Valid() && current in old(Repr) && current.Repr <= old(Repr) && current.Repr !! reverse.Repr
   |                                             ^^^^^^^

datset/from dafny main repo/dafny1/_ListContents_34.dfy(21,6): Related location
   |
21 |       next.Valid())
   |       ^^^^^^^^^^^^

datset/from dafny main repo/dafny1/_ListContents_34.dfy(72,108): Error: this loop invariant could not be proved on entry
   |
72 |       invariant current != null ==> current.Valid() && current in old(Repr) && current.Repr <= old(Repr) && current.Repr !! reverse.Repr
   |                                                                                                             ^^^^^^^^^^^^^^^^^^^^^^^^^^^^

datset/from dafny main repo/dafny1/_ListContents_34.dfy(72,108): Related message: loop invariant violation
   |
72 |       invariant current != null ==> current.Valid() && current in old(Repr) && current.Repr <= old(Repr) && current.Repr !! reverse.Repr
   |                                                                                                             ^^^^^^^^^^^^^^^^^^^^^^^^^^^^


Dafny program verifier finished with 9 verified, 5 errors
