datset/from dafny main repo/dafny1/_PriorityQueue_58.dfy(93,4): Error: a postcondition could not be proved on this return path
   |
93 |     while 2 * i >= n
   |     ^^^^^

datset/from dafny main repo/dafny1/_PriorityQueue_58.dfy(90,12): Related location: this is the postcondition that could not be proved
   |
90 |     ensures Valid()
   |             ^^^^^^^

datset/from dafny main repo/dafny1/_PriorityQueue_58.dfy(14,4): Related location
   |
14 |     forall j :: 
   |     ^^^^^^^^^^^^

datset/from dafny main repo/dafny1/_PriorityQueue_58.dfy(93,4): Error: cannot prove termination; try supplying a decreases clause for the loop
   |
93 |     while 2 * i >= n
   |     ^^^^^

datset/from dafny main repo/dafny1/_PriorityQueue_58.dfy(104,9): Error: index out of range
    |
104 |       if a[i] <= a[smallestChild] {
    |           ^^^

datset/from dafny main repo/dafny1/_PriorityQueue_58.dfy(104,17): Error: index out of range
    |
104 |       if a[i] <= a[smallestChild] {
    |                   ^^^^^^^^^^^^^^^

datset/from dafny main repo/dafny1/_PriorityQueue_58.dfy(109,32): Error: assertion might not hold
    |
109 |       assert 1 <= i / 2 / 2 ==> a[i / 2 / 2] <= a[i];
    |                                 ^^^^^^^^^^^^^^^^^^^^


Dafny program verifier finished with 21 verified, 5 errors
