datset/from dafny main repo/dafny1/_PriorityQueue_5.dfy(31,2): Error: a postcondition could not be proved on this return path
   |
31 |   {
   |   ^

datset/from dafny main repo/dafny1/_PriorityQueue_5.dfy(29,12): Related location: this is the postcondition that could not be proved
   |
29 |     ensures Valid() && fresh(Repr)
   |             ^^^^^^^

datset/from dafny main repo/dafny1/_PriorityQueue_5.dfy(13,4): Related location
   |
13 |     MostlyValid() &&
   |     ^^^^^^^^^^^^^

datset/from dafny main repo/dafny1/_PriorityQueue_5.dfy(25,9): Related location
   |
25 |     0 <= n <= N
   |          ^^^^^^

datset/from dafny main repo/dafny1/_PriorityQueue_5.dfy(31,2): Error: a postcondition could not be proved on this return path
   |
31 |   {
   |   ^

datset/from dafny main repo/dafny1/_PriorityQueue_5.dfy(29,12): Related location: this is the postcondition that could not be proved
   |
29 |     ensures Valid() && fresh(Repr)
   |             ^^^^^^^

datset/from dafny main repo/dafny1/_PriorityQueue_5.dfy(14,4): Related location
   |
14 |     forall j :: 
   |     ^^^^^^^^^^^^


Dafny program verifier finished with 21 verified, 2 errors
