datset/from dafny main repo/dafny1/_SeparationLogicList_50.dfy(111,2): Error: a postcondition could not be proved on this return path
    |
111 |   {
    |   ^

datset/from dafny main repo/dafny1/_SeparationLogicList_50.dfy(110,12): Related location: this is the postcondition that could not be proved
    |
110 |     ensures IsList() && Contents == [] && fresh(Repr)
    |             ^^^^^^^^

datset/from dafny main repo/dafny1/_SeparationLogicList_50.dfy(106,4): Related location
    |
106 |     Contents == head.TailContents
    |     ^^^^^^^^^^^^^^^^^^^^^^^^^^^^^

datset/from dafny main repo/dafny1/_SeparationLogicList_50.dfy(111,2): Error: a postcondition could not be proved on this return path
    |
111 |   {
    |   ^

datset/from dafny main repo/dafny1/_SeparationLogicList_50.dfy(110,24): Related location: this is the postcondition that could not be proved
    |
110 |     ensures IsList() && Contents == [] && fresh(Repr)
    |                         ^^^^^^^^^^^^^^


Dafny program verifier finished with 12 verified, 2 errors
