datset/from dafny main repo/dafny1/_UnboundedStack_26.dfy(89,2): Error: a postcondition could not be proved on this return path
   |
89 |   {
   |   ^

datset/from dafny main repo/dafny1/_UnboundedStack_26.dfy(86,12): Related location: this is the postcondition that could not be proved
   |
86 |     ensures Valid()
   |             ^^^^^^^

datset/from dafny main repo/dafny1/_UnboundedStack_26.dfy(75,6): Related location
   |
75 |       content == [val]) &&
   |       ^^^^^^^^^^^^^^^

datset/from dafny main repo/dafny1/_UnboundedStack_26.dfy(89,2): Error: a postcondition could not be proved on this return path
   |
89 |   {
   |   ^

datset/from dafny main repo/dafny1/_UnboundedStack_26.dfy(88,29): Related location: this is the postcondition that could not be proved
   |
88 |     ensures next == null ==> content == [val] && footprint == {this}
   |                              ^^^^^^^^^^^^^^^^


Dafny program verifier finished with 9 verified, 2 errors
