Not legacy result
datset/NonlinearArithmetic/_DivMod_190.dfy(1461,4): Warning: For expression "d * k > 0":
   /!\ No trigger covering all quantified variables found.
     |
1461 |     forall x: int, k: int, d: int | 1 < d && 0 < k
     |     ^^^^^^

datset/NonlinearArithmetic/_DivMod_190.dfy(1502,4): Warning: For expression "0 < a * b":
   /!\ No trigger covering all quantified variables found.
     |
1502 |     forall x: int, a: int, b: int | 0 < a && 0 < b
     |     ^^^^^^

datset/NonlinearArithmetic/_DivMod_190.dfy(1050,2): Error: a postcondition could not be proved on this return path
     |
1050 |   {
     |   ^

datset/NonlinearArithmetic/_DivMod_190.dfy(1049,12): Related location: this is the postcondition that could not be proved
     |
1049 |     ensures x >= m
     |             ^^^^^^


Dafny program verifier finished with 242 verified, 1 error
