Not legacy result
datset/NonlinearArithmetic/_DivMod_181.dfy(1464,4): Warning: For expression "d * k > 0":
   /!\ No trigger covering all quantified variables found.
     |
1464 |     forall x: int, k: int, d: int | 1 < d && 0 < k
     |     ^^^^^^

datset/NonlinearArithmetic/_DivMod_181.dfy(1505,4): Warning: For expression "0 < a * b":
   /!\ No trigger covering all quantified variables found.
     |
1505 |     forall x: int, a: int, b: int | 0 < a && 0 < b
     |     ^^^^^^

datset/NonlinearArithmetic/_DivMod_181.dfy(991,2): Error: a postcondition could not be proved on this return path
    |
991 |   {
    |   ^

datset/NonlinearArithmetic/_DivMod_181.dfy(990,12): Related location: this is the postcondition that could not be proved
    |
990 |     ensures forall x: int, d: int {:trigger x % d} :: d > 0 ==> ModRecursive(x, d) == x % d
    |             ^^^^^^^^^^^^^^^^^^^^^^^^^^^^^^^^^^^^^^^^^^^^^^^^^^^^^^^^^^^^^^^^^^^^^^^^^^^^^^^


Dafny program verifier finished with 242 verified, 1 error
