Not legacy result
datset/NonlinearArithmetic/_DivMod_116.dfy(1468,4): Warning: For expression "d * k > 0":
   /!\ No trigger covering all quantified variables found.
     |
1468 |     forall x: int, k: int, d: int | 1 < d && 0 < k
     |     ^^^^^^

datset/NonlinearArithmetic/_DivMod_116.dfy(1509,4): Warning: For expression "0 < a * b":
   /!\ No trigger covering all quantified variables found.
     |
1509 |     forall x: int, a: int, b: int | 0 < a && 0 < b
     |     ^^^^^^

datset/NonlinearArithmetic/_DivMod_116.dfy(648,2): Error: a postcondition could not be proved on this return path
    |
648 |   {
    |   ^

datset/NonlinearArithmetic/_DivMod_116.dfy(646,12): Related location: this is the postcondition that could not be proved
    |
646 |     ensures 0 < b * c
    |             ^^^^^^^^^

datset/NonlinearArithmetic/_DivMod_116.dfy(653,8): Error: a precondition for this call could not be proved
    |
653 |         LemmaFundamentalDivMod(b * x, b * c);
    |         ^^^^^^^^^^^^^^^^^^^^^^^^^^^^^^^^^^^^^

datset/NonlinearArithmetic/_DivMod_116.dfy(437,13): Related location: this is the precondition that could not be proved
    |
437 |     requires d != 0
    |              ^^^^^^


Dafny program verifier finished with 242 verified, 2 errors
