Not legacy result
datset/NonlinearArithmetic/_DivMod_120.dfy(1464,4): Warning: For expression "d * k > 0":
   /!\ No trigger covering all quantified variables found.
     |
1464 |     forall x: int, k: int, d: int | 1 < d && 0 < k
     |     ^^^^^^

datset/NonlinearArithmetic/_DivMod_120.dfy(1505,4): Warning: For expression "0 < a * b":
   /!\ No trigger covering all quantified variables found.
     |
1505 |     forall x: int, a: int, b: int | 0 < a && 0 < b
     |     ^^^^^^

datset/NonlinearArithmetic/_DivMod_120.dfy(687,2): Error: a postcondition could not be proved on this return path
    |
687 |   {
    |   ^

datset/NonlinearArithmetic/_DivMod_120.dfy(686,12): Related location: this is the postcondition that could not be proved
    |
686 |     ensures forall x: int, b: int, c: int {:trigger b * (x % c)} :: 0 <= x && 0 < b && 0 < c && 0 < b * c ==> b * x % (b * c) == b * (x % c)
    |             ^^^^^^^^^^^^^^^^^^^^^^^^^^^^^^^^^^^^^^^^^^^^^^^^^^^^^^^^^^^^^^^^^^^^^^^^^^^^^^^^^^^^^^^^^^^^^^^^^^^^^^^^^^^^^^^^^^^^^^^^^^^^^^^^


Dafny program verifier finished with 242 verified, 1 error
