Not legacy result
datset/NonlinearArithmetic/_DivMod_172.dfy(1469,4): Warning: For expression "d * k > 0":
   /!\ No trigger covering all quantified variables found.
     |
1469 |     forall x: int, k: int, d: int | 1 < d && 0 < k
     |     ^^^^^^

datset/NonlinearArithmetic/_DivMod_172.dfy(1510,4): Warning: For expression "0 < a * b":
   /!\ No trigger covering all quantified variables found.
     |
1510 |     forall x: int, a: int, b: int | 0 < a && 0 < b
     |     ^^^^^^

datset/NonlinearArithmetic/_DivMod_172.dfy(964,6): Error: a precondition for this call could not be proved
    |
964 |       LemmaSmallMod(x, m);
    |       ^^^^^^^^^^^^^^^^^^^^

datset/NonlinearArithmetic/_DivMod_172.dfy(300,13): Related location: this is the precondition that could not be proved
    |
300 |     requires x < m
    |              ^^^^^

datset/NonlinearArithmetic/_DivMod_172.dfy(970,10): Error: decreases clause might not decrease
    |
970 |           LemmaModIsModRecursive(x - m, m);
    |           ^^^^^^^^^^^^^^^^^^^^^^^^^^^^^^^^^


Dafny program verifier finished with 242 verified, 2 errors
