Not legacy result
datset/NonlinearArithmetic/_DivMod_175.dfy(1449,4): Warning: For expression "d * k > 0":
   /!\ No trigger covering all quantified variables found.
     |
1449 |     forall x: int, k: int, d: int | 1 < d && 0 < k
     |     ^^^^^^

datset/NonlinearArithmetic/_DivMod_175.dfy(1490,4): Warning: For expression "0 < a * b":
   /!\ No trigger covering all quantified variables found.
     |
1490 |     forall x: int, a: int, b: int | 0 < a && 0 < b
     |     ^^^^^^

datset/NonlinearArithmetic/_DivMod_175.dfy(965,11): Error: a postcondition could not be proved on this return path
    |
965 |     } else {
    |            ^

datset/NonlinearArithmetic/_DivMod_175.dfy(938,12): Related location: this is the postcondition that could not be proved
    |
938 |     ensures ModRecursive(x, m) == x % m
    |             ^^^^^^^^^^^^^^^^^^^^^^^^^^^


Dafny program verifier finished with 242 verified, 1 error
