Not legacy result
datset/NonlinearArithmetic/_DivMod_18.dfy(1464,4): Warning: For expression "d * k > 0":
   /!\ No trigger covering all quantified variables found.
     |
1464 |     forall x: int, k: int, d: int | 1 < d && 0 < k
     |     ^^^^^^

datset/NonlinearArithmetic/_DivMod_18.dfy(1505,4): Warning: For expression "0 < a * b":
   /!\ No trigger covering all quantified variables found.
     |
1505 |     forall x: int, a: int, b: int | 0 < a && 0 < b
     |     ^^^^^^

datset/NonlinearArithmetic/_DivMod_18.dfy(76,2): Error: a postcondition could not be proved on this return path
   |
76 |   {
   |   ^

datset/NonlinearArithmetic/_DivMod_18.dfy(75,12): Related location: this is the postcondition that could not be proved
   |
75 |     ensures forall x, d {:trigger x / d} :: 0 <= x && 0 < d && x / d == 0 ==> x < d
   |             ^^^^^^^^^^^^^^^^^^^^^^^^^^^^^^^^^^^^^^^^^^^^^^^^^^^^^^^^^^^^^^^^^^^^^^^


Dafny program verifier finished with 242 verified, 1 error
