Not legacy result
datset/NonlinearArithmetic/_DivMod_251.dfy(1468,4): Warning: For expression "d * k > 0":
   /!\ No trigger covering all quantified variables found.
     |
1468 |     forall x: int, k: int, d: int | 1 < d && 0 < k
     |     ^^^^^^

datset/NonlinearArithmetic/_DivMod_251.dfy(1509,4): Warning: For expression "0 < a * b":
   /!\ No trigger covering all quantified variables found.
     |
1509 |     forall x: int, a: int, b: int | 0 < a && 0 < b
     |     ^^^^^^

datset/NonlinearArithmetic/_DivMod_251.dfy(1425,2): Error: a postcondition could not be proved on this return path
     |
1425 |   {
     |   ^

datset/NonlinearArithmetic/_DivMod_251.dfy(1423,12): Related location: this is the postcondition that could not be proved
     |
1423 |     ensures 0 < d * k
     |             ^^^^^^^^^

datset/NonlinearArithmetic/_DivMod_251.dfy(1433,8): Error: a precondition for this call could not be proved
     |
1433 |         LemmaFundamentalDivMod(x, d * k);
     |         ^^^^^^^^^^^^^^^^^^^^^^^^^^^^^^^^^

datset/NonlinearArithmetic/_DivMod_251.dfy(437,13): Related location: this is the precondition that could not be proved
    |
437 |     requires d != 0
    |              ^^^^^^

datset/NonlinearArithmetic/_DivMod_251.dfy(1448,45): Error: possible division by zero
     |
1448 |         LemmaModMultiplesVanish(x / d - k * (x / (d * k)), x % d, d);
     |                                                ^^^^^^^^^


Dafny program verifier finished with 242 verified, 3 errors
