Not legacy result
datset/NonlinearArithmetic/_DivMod_153.dfy(1468,4): Warning: For expression "d * k > 0":
   /!\ No trigger covering all quantified variables found.
     |
1468 |     forall x: int, k: int, d: int | 1 < d && 0 < k
     |     ^^^^^^

datset/NonlinearArithmetic/_DivMod_153.dfy(1509,4): Warning: For expression "0 < a * b":
   /!\ No trigger covering all quantified variables found.
     |
1509 |     forall x: int, a: int, b: int | 0 < a && 0 < b
     |     ^^^^^^

datset/NonlinearArithmetic/_DivMod_153.dfy(867,4): Error: a precondition for this call could not be proved
    |
867 |     LemmaMulInductionAuto(j, u => x / d + u == (x + u * d) / d);
    |     ^^^^^^^^^^^^^^^^^^^^^^^^^^^^^^^^^^^^^^^^^^^^^^^^^^^^^^^^^^^^

datset/NonlinearArithmetic/Internals/MulInternals.dfy(116,31): Related location: this is the precondition that could not be proved
    |
116 |                            && (forall i {:trigger IsLe(0, i)} :: IsLe(0, i) && f(i) ==> f(i + 1))
    |                                ^^^^^^^^^^^^^^^^^^^^^^^^^^^^^^^^^^^^^^^^^^^^^^^^^^^^^^^^^^^^^^^^^

datset/NonlinearArithmetic/_DivMod_153.dfy(867,4): Error: a precondition for this call could not be proved
    |
867 |     LemmaMulInductionAuto(j, u => x / d + u == (x + u * d) / d);
    |     ^^^^^^^^^^^^^^^^^^^^^^^^^^^^^^^^^^^^^^^^^^^^^^^^^^^^^^^^^^^^

datset/NonlinearArithmetic/Internals/MulInternals.dfy(117,31): Related location: this is the precondition that could not be proved
    |
117 |                            && (forall i {:trigger IsLe(i, 0)} :: IsLe(i, 0) && f(i) ==> f(i - 1))
    |                                ^^^^^^^^^^^^^^^^^^^^^^^^^^^^^^^^^^^^^^^^^^^^^^^^^^^^^^^^^^^^^^^^^


Dafny program verifier finished with 242 verified, 2 errors
