Not legacy result
datset/NonlinearArithmetic/DivMod.dfy(1502,4): Warning: For expression "d * k > 0":
   /!\ No trigger covering all quantified variables found.
     |
1502 |     forall x: int, k: int, d: int | 1 < d && 0 < k
     |     ^^^^^^

datset/NonlinearArithmetic/DivMod.dfy(1536,4): Warning: For expression "0 < a * b":
   /!\ No trigger covering all quantified variables found.
     |
1536 |     forall x: int, a: int, b: int | 0 < a && 0 < b
     |     ^^^^^^

datset/NonlinearArithmetic/_Logarithm_4.dfy(31,2): Error: a postcondition could not be proved on this return path
   |
31 |   {
   |   ^

datset/NonlinearArithmetic/_Logarithm_4.dfy(30,12): Related location: this is the postcondition that could not be proved
   |
30 |     ensures Log(base, pow) == 1 + Log(base, pow / base)
   |             ^^^^^^^^^^^^^^^^^^^^^^^^^^^^^^^^^^^^^^^^^^^


Dafny program verifier finished with 10 verified, 1 error
