datset/algorithms and leetcode/lib/binaryTree.dfy(565,17): Warning: /!\ No terms found to trigger on.
    |
565 |         requires forall i :: 0 <= i < |path| - 1 ==> path[i+1] in TreeSet(path[i+1])
    |                  ^^^^^^

datset/algorithms and leetcode/leetcode/_DiameterOfBinaryTree.min_52.dfy(112,19): Error: assertion might not hold
    |
112 |             assert isAscTreePath(path, start, root);
    |                    ^^^^^^^^^^^^^^^^^^^^^^^^^^^^^^^^

datset/algorithms and leetcode/lib/binaryTree.dfy(78,126): Related location
   |
78 |             case Node(val, left, right) => end != Nil && paths[|paths|-1] == end && start == paths[0] && paths[1] != Nil  && ((paths[0] == paths[1].left && isAscTreePath(paths[1..], paths[1], end)) || (paths[0] == paths[1].right && isAscTreePath(paths[1..], paths[1], end)))
   |                                                                                                                               ^^^^^^^^^^^^^^^^^^^^^^^^^^^^^^^^^^^^^^^^^^^^^^^^^^^^^^^^^^^^^^^^^^^^^^^^^^^^^^^^^^^^^^^^^^^^^^^^^^^^^^^^^^^^^^^^^^^^^^^^^^^^^^^^^^^^^^^^^^^^^^^^^^^

datset/algorithms and leetcode/leetcode/_DiameterOfBinaryTree.min_52.dfy(116,19): Error: assertion might not hold
    |
116 |             assert isChild(path[|path| - 3], path[|path| - 2]);
    |                    ^^^^^^^^^^^^^^^^^^^^^^^^^^^^^^^^^^^^^^^^^^^

datset/algorithms and leetcode/lib/binaryTree.dfy(43,21): Related location
   |
43 |         a != Nil && (a.left == b || a.right == b)
   |                      ^^^^^^^^^^^^^^^^^^^^^^^^^^^


Dafny program verifier finished with 25 verified, 2 errors
