datset/algorithms and leetcode/lib/binaryTree.dfy(565,17): Warning: /!\ No terms found to trigger on.
    |
565 |         requires forall i :: 0 <= i < |path| - 1 ==> path[i+1] in TreeSet(path[i+1])
    |                  ^^^^^^

datset/algorithms and leetcode/leetcode/_DiameterOfBinaryTree_331.dfy(808,4): Error: a postcondition could not be proved on this return path
    |
808 |     return (-1, -1);
    |     ^^^^^^

datset/algorithms and leetcode/leetcode/_DiameterOfBinaryTree_331.dfy(803,67): Related location: this is the postcondition that could not be proved
    |
803 |   ensures root != Nil && root.left == Nil && root.right == Nil ==> heightDim == (0, 0)
    |                                                                    ^^^^^^^^^^^^^^^^^^^

datset/algorithms and leetcode/leetcode/_DiameterOfBinaryTree_331.dfy(808,4): Error: a postcondition could not be proved on this return path
    |
808 |     return (-1, -1);
    |     ^^^^^^

datset/algorithms and leetcode/leetcode/_DiameterOfBinaryTree_331.dfy(804,10): Related location: this is the postcondition that could not be proved
    |
804 |   ensures heightDim.0 == TreeHeight(root)
    |           ^^^^^^^^^^^^^^^^^^^^^^^^^^^^^^^

datset/algorithms and leetcode/leetcode/_DiameterOfBinaryTree_331.dfy(810,5): Error: destructor 'left' can only be applied to datatype values constructed by 'Node'
    |
810 |   if root.left == Nil && root.right == Nil {
    |           ^^^^


Dafny program verifier finished with 78 verified, 3 errors
