datset/algorithms and leetcode/leetcode/_stairClimbing_88.dfy(213,9): Error: assertion might not hold
    |
213 |   assert steps[1] == 1;
    |                   ^^^^

datset/algorithms and leetcode/leetcode/_stairClimbing_88.dfy(214,9): Error: index out of range
    |
214 |   assert steps[2] == 2;
    |               ^^^

datset/algorithms and leetcode/leetcode/_stairClimbing_88.dfy(214,9): Error: assertion might not hold
    |
214 |   assert steps[2] == 2;
    |                   ^^^^

datset/algorithms and leetcode/leetcode/_stairClimbing_88.dfy(215,66): Error: index out of range
    |
215 |   assert forall k: nat :: k < 3 ==> exists ss: set<seq<Steps>> :: steps[k] == |ss| && allEndAtN(ss, k);
    |                                                                        ^^^

datset/algorithms and leetcode/leetcode/_stairClimbing_88.dfy(218,19): Error: this loop invariant could not be proved on entry
    |
218 |     invariant 3 <= i <= n + 1
    |                    ^^^^^^^^^^

datset/algorithms and leetcode/leetcode/_stairClimbing_88.dfy(218,19): Related message: loop invariant violation
    |
218 |     invariant 3 <= i <= n + 1
    |                    ^^^^^^^^^^


Dafny program verifier finished with 25 verified, 5 errors
