datset/NonlinearArithmetic/_Mul_68.dfy(484,2): Error: a postcondition could not be proved on this return path
    |
484 |   {
    |   ^

datset/NonlinearArithmetic/_Mul_68.dfy(471,12): Related location: this is the postcondition that could not be proved
    |
471 |     ensures forall x: int, y: int, z: int {:trigger x * z, y * z} :: x < y && z > 0 ==> x * z < y * z
    |             ^^^^^^^^^^^^^^^^^^^^^^^^^^^^^^^^^^^^^^^^^^^^^^^^^^^^^^^^^^^^^^^^^^^^^^^^^^^^^^^^^^^^^^^^^

datset/NonlinearArithmetic/_Mul_68.dfy(484,2): Error: a postcondition could not be proved on this return path
    |
484 |   {
    |   ^

datset/NonlinearArithmetic/_Mul_68.dfy(473,12): Related location: this is the postcondition that could not be proved
    |
473 |     ensures forall x: int, y: int, z: int {:trigger x * (y + z)} :: x * (y + z) == x * y + x * z
    |             ^^^^^^^^^^^^^^^^^^^^^^^^^^^^^^^^^^^^^^^^^^^^^^^^^^^^^^^^^^^^^^^^^^^^^^^^^^^^^^^^^^^^

datset/NonlinearArithmetic/_Mul_68.dfy(484,2): Error: a postcondition could not be proved on this return path
    |
484 |   {
    |   ^

datset/NonlinearArithmetic/_Mul_68.dfy(474,12): Related location: this is the postcondition that could not be proved
    |
474 |     ensures forall x: int, y: int, z: int {:trigger x * (y - z)} :: x * (y - z) == x * y - x * z
    |             ^^^^^^^^^^^^^^^^^^^^^^^^^^^^^^^^^^^^^^^^^^^^^^^^^^^^^^^^^^^^^^^^^^^^^^^^^^^^^^^^^^^^

datset/NonlinearArithmetic/_Mul_68.dfy(484,2): Error: a postcondition could not be proved on this return path
    |
484 |   {
    |   ^

datset/NonlinearArithmetic/_Mul_68.dfy(477,12): Related location: this is the postcondition that could not be proved
    |
477 |     ensures forall x: int, y: int, z: int {:trigger x * (y * z)} {:trigger x * y * z} :: x * (y * z) == x * y * z
    |             ^^^^^^^^^^^^^^^^^^^^^^^^^^^^^^^^^^^^^^^^^^^^^^^^^^^^^^^^^^^^^^^^^^^^^^^^^^^^^^^^^^^^^^^^^^^^^^^^^^^^^

datset/NonlinearArithmetic/_Mul_68.dfy(484,2): Error: a postcondition could not be proved on this return path
    |
484 |   {
    |   ^

datset/NonlinearArithmetic/_Mul_68.dfy(478,12): Related location: this is the postcondition that could not be proved
    |
478 |     ensures forall x: int, y: int {:trigger x * y} :: x * y != 0 <==> x != 0 && y != 0
    |             ^^^^^^^^^^^^^^^^^^^^^^^^^^^^^^^^^^^^^^^^^^^^^^^^^^^^^^^^^^^^^^^^^^^^^^^^^^


Dafny program verifier finished with 53 verified, 5 errors
