Not legacy result
datset/from dafny main repo/dafny2/_COST-verif-comp-2011-4-FloydCycleDetect_62.dfy(78,2): Error: a postcondition could not be proved on this return path
   |
78 |   {
   |   ^

datset/from dafny main repo/dafny2/_COST-verif-comp-2011-4-FloydCycleDetect_62.dfy(75,22): Related location: this is the postcondition that could not be proved
   |
75 |     ensures 0 <= A && 1 <= B
   |                       ^^^^^^

datset/from dafny main repo/dafny2/_COST-verif-comp-2011-4-FloydCycleDetect_62.dfy(78,2): Error: a postcondition could not be proved on this return path
   |
78 |   {
   |   ^

datset/from dafny main repo/dafny2/_COST-verif-comp-2011-4-FloydCycleDetect_62.dfy(76,37): Related location: this is the postcondition that could not be proved
   |
76 |     ensures Nexxxt(A, S) != null ==> Nexxxt(A, S) == Nexxxt(A, S).Nexxxt(B, S)
   |                                      ^^^^^^^^^^^^^^^^^^^^^^^^^^^^^^^^^^^^^^^^^

datset/from dafny main repo/dafny2/_COST-verif-comp-2011-4-FloydCycleDetect_62.dfy(92,6): Error: a precondition for this call could not be proved
   |
92 |       Lemma_NexxxtIsTransitive(A, B, S);
   |       ^^^^^^^^^^^^^^^^^^^^^^^^^^^^^^^^^^

datset/from dafny main repo/dafny2/_COST-verif-comp-2011-4-FloydCycleDetect_62.dfy(149,38): Related location: this is the precondition that could not be proved
    |
149 |     requires IsClosed(S) && 0 <= x && 0 <= y
    |                                       ^^^^^^

datset/from dafny main repo/dafny2/_COST-verif-comp-2011-4-FloydCycleDetect_62.dfy(92,34): Error: variable 'B', which is subject to definite-assignment rules, might be uninitialized here
   |
92 |       Lemma_NexxxtIsTransitive(A, B, S);
   |                                   ^


Dafny program verifier finished with 22 verified, 4 errors
