Not legacy result
datset/from dafny main repo/dafny2/_COST-verif-comp-2011-2-MaxTree-class_19.dfy(40,2): Error: a postcondition could not be proved on this return path
   |
40 |   {
   |   ^

datset/from dafny main repo/dafny2/_COST-verif-comp-2011-2-MaxTree-class_19.dfy(39,12): Related location: this is the postcondition that could not be proved
   |
39 |     ensures Valid() && Contents == lft.Contents + [val] + rgt.Contents
   |             ^^^^^^^

datset/from dafny main repo/dafny2/_COST-verif-comp-2011-2-MaxTree-class_19.dfy(18,5): Related location
   |
18 |     ((left == this == right && Contents == []) || (left in Repr && left.Repr <= Repr && this !in left.Repr && right in Repr && right.Repr <= Repr && this !in right.Repr && left.Valid() && right.Valid() && Contents == left.Contents + [value] + right.Contents))
   |      ^^^^^^^^^^^^^^^^^^^^^^^^^^^^^^^^^^^^^^^^^^^^^^^^^^^^^^^^^^^^^^^^^^^^^^^^^^^^^^^^^^^^^^^^^^^^^^^^^^^^^^^^^^^^^^^^^^^^^^^^^^^^^^^^^^^^^^^^^^^^^^^^^^^^^^^^^^^^^^^^^^^^^^^^^^^^^^^^^^^^^^^^^^^^^^^^^^^^^^^^^^^^^^^^^^^^^^^^^^^^^^^^^^^^^^^^^^^^^^^^^^^^^^^^^^^^^

datset/from dafny main repo/dafny2/_COST-verif-comp-2011-2-MaxTree-class_19.dfy(40,2): Error: a postcondition could not be proved on this return path
   |
40 |   {
   |   ^

datset/from dafny main repo/dafny2/_COST-verif-comp-2011-2-MaxTree-class_19.dfy(39,23): Related location: this is the postcondition that could not be proved
   |
39 |     ensures Valid() && Contents == lft.Contents + [val] + rgt.Contents
   |                        ^^^^^^^^^^^^^^^^^^^^^^^^^^^^^^^^^^^^^^^^^^^^^^^


Dafny program verifier finished with 8 verified, 2 errors
