Not legacy result
datset/from dafny main repo/dafny2/_Intervals_28.dfy(20,2): Error: a postcondition could not be proved on this return path
   |
20 |   {
   |   ^

datset/from dafny main repo/dafny2/_Intervals_28.dfy(17,12): Related location: this is the postcondition that could not be proved
   |
17 |     ensures -1 <= r < thresholds.Length
   |             ^^^^^^^

datset/from dafny main repo/dafny2/_Intervals_28.dfy(20,2): Error: a postcondition could not be proved on this return path
   |
20 |   {
   |   ^

datset/from dafny main repo/dafny2/_Intervals_28.dfy(17,18): Related location: this is the postcondition that could not be proved
   |
17 |     ensures -1 <= r < thresholds.Length
   |                   ^^^^^^^^^^^^^^^^^^^^^

datset/from dafny main repo/dafny2/_Intervals_28.dfy(20,2): Error: a postcondition could not be proved on this return path
   |
20 |   {
   |   ^

datset/from dafny main repo/dafny2/_Intervals_28.dfy(18,12): Related location: this is the postcondition that could not be proved
   |
18 |     ensures forall m :: r < m < thresholds.Length ==> k < thresholds[m]
   |             ^^^^^^^^^^^^^^^^^^^^^^^^^^^^^^^^^^^^^^^^^^^^^^^^^^^^^^^^^^^

datset/from dafny main repo/dafny2/_Intervals_28.dfy(20,2): Error: a postcondition could not be proved on this return path
   |
20 |   {
   |   ^

datset/from dafny main repo/dafny2/_Intervals_28.dfy(19,23): Related location: this is the postcondition that could not be proved
   |
19 |     ensures 0 <= r ==> thresholds[r] <= k
   |                        ^^^^^^^^^^^^^^^^^^

datset/from dafny main repo/dafny2/_Intervals_28.dfy(21,2): Error: out-parameter 'r', which is subject to definite-assignment rules, might be uninitialized at this return point
   |
21 |   }
   |   ^


Dafny program verifier finished with 4 verified, 5 errors
