Not legacy result
datset/from dafny main repo/dafny2/_MajorityVote_305.dfy(200,14): Error: this loop invariant could not be proved on entry
    |
200 |     invariant HasMajority(a, lo, up, k)
    |               ^^^^^^^^^^^^^^^^^^^^^^^^^

datset/from dafny main repo/dafny2/_MajorityVote_305.dfy(16,2): Related location
   |
16 |   2 * Count(a, s, t, x) > t - s
   |   ^^^^^^^^^^^^^^^^^^^^^^^^^^^^^

datset/from dafny main repo/dafny2/_MajorityVote_305.dfy(200,14): Related message: loop invariant violation
    |
200 |     invariant HasMajority(a, lo, up, k)
    |               ^^^^^^^^^^^^^^^^^^^^^^^^^

datset/from dafny main repo/dafny2/_MajorityVote_305.dfy(16,2): Related location
   |
16 |   2 * Count(a, s, t, x) > t - s
   |   ^^^^^^^^^^^^^^^^^^^^^^^^^^^^^

datset/from dafny main repo/dafny2/_MajorityVote_305.dfy(200,37): Error: variable 'k', which is subject to definite-assignment rules, might be uninitialized here
    |
200 |     invariant HasMajority(a, lo, up, k)
    |                                      ^

datset/from dafny main repo/dafny2/_MajorityVote_305.dfy(201,14): Error: this loop invariant could not be proved on entry
    |
201 |     invariant c == Count(a, lo, up, k)
    |               ^^^^^^^^^^^^^^^^^^^^^^^^

datset/from dafny main repo/dafny2/_MajorityVote_305.dfy(201,14): Related message: loop invariant violation
    |
201 |     invariant c == Count(a, lo, up, k)
    |               ^^^^^^^^^^^^^^^^^^^^^^^^

datset/from dafny main repo/dafny2/_MajorityVote_305.dfy(203,16): Error: variable 'k', which is subject to definite-assignment rules, might be uninitialized here
    |
203 |     if a[up] == k {
    |                 ^

datset/from dafny main repo/dafny2/_MajorityVote_305.dfy(281,30): Error: variable 'k', which is subject to definite-assignment rules, might be uninitialized here
    |
281 |   Lemma_Unique(a, lo, |a|, K, k);
    |                               ^


Dafny program verifier finished with 15 verified, 5 errors
