Not legacy result
datset/from dafny main repo/dafny2/_MajorityVote_262.dfy(201,14): Error: this invariant could not be proved to be maintained by the loop
    |
201 |     invariant HasMajority(a, lo, up, k)
    |               ^^^^^^^^^^^^^^^^^^^^^^^^^

datset/from dafny main repo/dafny2/_MajorityVote_262.dfy(16,2): Related location
   |
16 |   2 * Count(a, s, t, x) > t - s
   |   ^^^^^^^^^^^^^^^^^^^^^^^^^^^^^

datset/from dafny main repo/dafny2/_MajorityVote_262.dfy(201,14): Related message: loop invariant violation
    |
201 |     invariant HasMajority(a, lo, up, k)
    |               ^^^^^^^^^^^^^^^^^^^^^^^^^

datset/from dafny main repo/dafny2/_MajorityVote_262.dfy(16,2): Related location
   |
16 |   2 * Count(a, s, t, x) > t - s
   |   ^^^^^^^^^^^^^^^^^^^^^^^^^^^^^

datset/from dafny main repo/dafny2/_MajorityVote_262.dfy(212,14): Error: the calculation step between the previous line and this line could not be proved
    |
212 |         2 * c <= up + 1 - lo;
    |               ^^


Dafny program verifier finished with 15 verified, 2 errors
