Not legacy result
datset/from dafny main repo/dafny2/_SmallestMissingNumber-functional_94.dfy(182,11): Warning: /!\ No terms found to trigger on.
    |
182 |   var S := set x | lo <= x < lo + len;
    |            ^^^

datset/from dafny main repo/dafny2/_SmallestMissingNumber-functional_94.dfy(225,0): Error: a postcondition could not be proved on this return path
    |
225 | {
    | ^

datset/from dafny main repo/dafny2/_SmallestMissingNumber-functional_94.dfy(223,59): Related location: this is the postcondition that could not be proved
    |
223 |   ensures var s := SMN''(xs, n, len); n <= s <= n + len && s !in Elements(xs) && forall x :: n <= x < s ==> x in Elements(xs)
    |                                                            ^^^^^^^^^^^^^^^^^^

datset/from dafny main repo/dafny2/_SmallestMissingNumber-functional_94.dfy(225,0): Error: a postcondition could not be proved on this return path
    |
225 | {
    | ^

datset/from dafny main repo/dafny2/_SmallestMissingNumber-functional_94.dfy(223,81): Related location: this is the postcondition that could not be proved
    |
223 |   ensures var s := SMN''(xs, n, len); n <= s <= n + len && s !in Elements(xs) && forall x :: n <= x < s ==> x in Elements(xs)
    |                                                                                  ^^^^^^^^^^^^^^^^^^^^^^^^^^^^^^^^^^^^^^^^^^^^

datset/from dafny main repo/dafny2/_SmallestMissingNumber-functional_94.dfy(231,4): Error: a precondition for this call could not be proved
    |
231 |     Elements_Property(L);
    |     ^^^^^^^^^^^^^^^^^^^^^

datset/from dafny main repo/dafny2/_SmallestMissingNumber-functional_94.dfy(174,11): Related location: this is the precondition that could not be proved
    |
174 |   requires NoDuplicates(xs)
    |            ^^^^^^^^^^^^^^^^

datset/from dafny main repo/dafny2/_SmallestMissingNumber-functional_94.dfy(109,4): Related location
    |
109 |     NoDuplicates(tail)
    |     ^^^^^^^^^^^^^^^^^^

datset/from dafny main repo/dafny2/_SmallestMissingNumber-functional_94.dfy(231,4): Error: a precondition for this call could not be proved
    |
231 |     Elements_Property(L);
    |     ^^^^^^^^^^^^^^^^^^^^^

datset/from dafny main repo/dafny2/_SmallestMissingNumber-functional_94.dfy(174,11): Related location: this is the precondition that could not be proved
    |
174 |   requires NoDuplicates(xs)
    |            ^^^^^^^^^^^^^^^^

datset/from dafny main repo/dafny2/_SmallestMissingNumber-functional_94.dfy(108,4): Related location
    |
108 |     x !in Elements(tail) &&
    |     ^^^^^^^^^^^^^^^^^^^^

datset/from dafny main repo/dafny2/_SmallestMissingNumber-functional_94.dfy(233,4): Error: a precondition for this call could not be proved
    |
233 |     Cardinality(Elements(L), bound);
    |     ^^^^^^^^^^^^^^^^^^^^^^^^^^^^^^^^

datset/from dafny main repo/dafny2/_SmallestMissingNumber-functional_94.dfy(113,11): Related location: this is the precondition that could not be proved
    |
113 |   requires A <= B
    |            ^^^^^^

datset/from dafny main repo/dafny2/_SmallestMissingNumber-functional_94.dfy(238,6): Error: a precondition for this call could not be proved
    |
238 |       SMN''_Correct(R, n + llen, len - llen);
    |       ^^^^^^^^^^^^^^^^^^^^^^^^^^^^^^^^^^^^^^^

datset/from dafny main repo/dafny2/_SmallestMissingNumber-functional_94.dfy(220,11): Related location: this is the precondition that could not be proved
    |
220 |   requires NoDuplicates(xs)
    |            ^^^^^^^^^^^^^^^^

datset/from dafny main repo/dafny2/_SmallestMissingNumber-functional_94.dfy(109,4): Related location
    |
109 |     NoDuplicates(tail)
    |     ^^^^^^^^^^^^^^^^^^

datset/from dafny main repo/dafny2/_SmallestMissingNumber-functional_94.dfy(238,6): Error: a precondition for this call could not be proved
    |
238 |       SMN''_Correct(R, n + llen, len - llen);
    |       ^^^^^^^^^^^^^^^^^^^^^^^^^^^^^^^^^^^^^^^

datset/from dafny main repo/dafny2/_SmallestMissingNumber-functional_94.dfy(221,11): Related location: this is the precondition that could not be proved
    |
221 |   requires forall x :: x in Elements(xs) ==> n <= x
    |            ^^^^^^^^^^^^^^^^^^^^^^^^^^^^^^^^^^^^^^^^

datset/from dafny main repo/dafny2/_SmallestMissingNumber-functional_94.dfy(238,6): Error: a precondition for this call could not be proved
    |
238 |       SMN''_Correct(R, n + llen, len - llen);
    |       ^^^^^^^^^^^^^^^^^^^^^^^^^^^^^^^^^^^^^^^

datset/from dafny main repo/dafny2/_SmallestMissingNumber-functional_94.dfy(220,11): Related location: this is the precondition that could not be proved
    |
220 |   requires NoDuplicates(xs)
    |            ^^^^^^^^^^^^^^^^

datset/from dafny main repo/dafny2/_SmallestMissingNumber-functional_94.dfy(108,4): Related location
    |
108 |     x !in Elements(tail) &&
    |     ^^^^^^^^^^^^^^^^^^^^

datset/from dafny main repo/dafny2/_SmallestMissingNumber-functional_94.dfy(240,16): Error: possible violation of postcondition of forall statement
    |
240 |         ensures x in Elements(xs)
    |                 ^^^^^^^^^^^^^^^^^


Dafny program verifier finished with 20 verified, 9 errors
