Not legacy result
datset/from dafny main repo/dafny2/_SmallestMissingNumber-imperative_113.dfy(75,0): Error: a postcondition could not be proved on this return path
   |
75 | {
   | ^

datset/from dafny main repo/dafny2/_SmallestMissingNumber-imperative_113.dfy(73,10): Related location: this is the postcondition that could not be proved
   |
73 |   ensures forall i :: 0 <= i < a.Length ==> a[i] != s
   |           ^^^^^^^^^^^^^^^^^^^^^^^^^^^^^^^^^^^^^^^^^^^

datset/from dafny main repo/dafny2/_SmallestMissingNumber-imperative_113.dfy(75,0): Error: a postcondition could not be proved on this return path
   |
75 | {
   | ^

datset/from dafny main repo/dafny2/_SmallestMissingNumber-imperative_113.dfy(74,10): Related location: this is the postcondition that could not be proved
   |
74 |   ensures forall x :: 0 <= x < s ==> Has(a, x)
   |           ^^^^^^^^^^^^^^^^^^^^^^^^^^^^^^^^^^^^

datset/from dafny main repo/dafny2/_SmallestMissingNumber-imperative_113.dfy(89,0): Error: out-parameter 's', which is subject to definite-assignment rules, might be uninitialized at this return point
   |
89 | }
   | ^


Dafny program verifier finished with 7 verified, 3 errors
